[ 2018-05-22T22:00:37+08:00 ] 127.0.0.1 127.0.0.1 GET /tp53/public/
[ log ] www.com/tp53/public/ [运行时间：0.069036s][吞吐率：14.49req/s] [内存消耗：2,202.10kb] [文件加载：55]
[ info ] [ LANG ] /Users/lenyue/E HD/www/tp53/framework/lang/zh-cn.php
[ info ] [ ROUTE ] array (
  'type' => 'module',
  'module' => 
  array (
    0 => '',
    1 => NULL,
    2 => NULL,
  ),
)
[ info ] [ HEADER ] array (
  'host' => 'www.com',
  'connection' => 'keep-alive',
  'upgrade-insecure-requests' => '1',
  'user-agent' => 'Mozilla/5.0 (Macintosh; Intel Mac OS X 10_13_4) AppleWebKit/537.36 (KHTML, like Gecko) Chrome/66.0.3359.181 Safari/537.36',
  'accept' => 'text/html,application/xhtml+xml,application/xml;q=0.9,image/webp,image/apng,*/*;q=0.8',
  'referer' => 'http://www.com/tp53/',
  'accept-encoding' => 'gzip, deflate',
  'accept-language' => 'zh-CN,zh;q=0.9',
)
[ info ] [ PARAM ] array (
)
[ info ] [ DB ] INIT mysql
[ info ] [ CACHE ] INIT File
[ info ] [ LOG ] INIT File
[ error ] [2002]SQLSTATE[HY000] [2002] No such file or directory[/Users/lenyue/E HD/www/tp53/framework/library/think/db/Connection.php:282]

---------------------------------------------------------------
[ 2018-05-22T22:04:52+08:00 ] 127.0.0.1 127.0.0.1 GET /
[ log ] bk.com/ [运行时间：0.033998s][吞吐率：29.41req/s] [内存消耗：2,200.78kb] [文件加载：55]
[ info ] [ LANG ] /Users/lenyue/E HD/www/tp5bk30/framework/lang/zh-cn.php
[ info ] [ ROUTE ] array (
  'type' => 'module',
  'module' => 
  array (
    0 => '',
    1 => NULL,
    2 => NULL,
  ),
)
[ info ] [ HEADER ] array (
  'host' => 'bk.com',
  'connection' => 'keep-alive',
  'upgrade-insecure-requests' => '1',
  'user-agent' => 'Mozilla/5.0 (Macintosh; Intel Mac OS X 10_13_4) AppleWebKit/537.36 (KHTML, like Gecko) Chrome/66.0.3359.181 Safari/537.36',
  'accept' => 'text/html,application/xhtml+xml,application/xml;q=0.9,image/webp,image/apng,*/*;q=0.8',
  'accept-encoding' => 'gzip, deflate',
  'accept-language' => 'zh-CN,zh;q=0.9',
)
[ info ] [ PARAM ] array (
)
[ info ] [ DB ] INIT mysql
[ info ] [ CACHE ] INIT File
[ info ] [ LOG ] INIT File
[ error ] [2002]SQLSTATE[HY000] [2002] No such file or directory[/Users/lenyue/E HD/www/tp5bk30/framework/library/think/db/Connection.php:282]

---------------------------------------------------------------
[ 2018-05-22T22:29:44+08:00 ] 127.0.0.1 127.0.0.1 GET /index.php
[ log ] bk.com/index.php [运行时间：0.418603s][吞吐率：2.39req/s] [内存消耗：2,611.34kb] [文件加载：59]
[ info ] [ LANG ] /Users/lenyue/E HD/www/tp5bk30/framework/lang/zh-cn.php
[ info ] [ ROUTE ] array (
  'type' => 'module',
  'module' => 
  array (
    0 => '',
    1 => NULL,
    2 => NULL,
  ),
)
[ info ] [ HEADER ] array (
  'host' => 'bk.com',
  'connection' => 'keep-alive',
  'upgrade-insecure-requests' => '1',
  'user-agent' => 'Mozilla/5.0 (Macintosh; Intel Mac OS X 10_13_4) AppleWebKit/537.36 (KHTML, like Gecko) Chrome/66.0.3359.181 Safari/537.36',
  'accept' => 'text/html,application/xhtml+xml,application/xml;q=0.9,image/webp,image/apng,*/*;q=0.8',
  'referer' => 'http://bk.com/install/exec.php',
  'accept-encoding' => 'gzip, deflate',
  'accept-language' => 'zh-CN,zh;q=0.9',
)
[ info ] [ PARAM ] array (
)
[ info ] [ DB ] INIT mysql
[ info ] [ CACHE ] INIT File
[ info ] [ RUN ] app\index\controller\Index->index[ /Users/lenyue/E HD/www/tp5bk30/application/index/controller/Index.php ]
[ info ] [ VIEW ] /Users/lenyue/E HD/www/tp5bk30/public/../application/index/view/index_index.html [ array (
  0 => 'menuinfo',
  1 => 'systeminfo',
  2 => 'bannerlist',
  3 => 'siderdata',
  4 => 'footdata',
  5 => 'tips',
  6 => 'indexdata',
  7 => 'title',
) ]
[ info ] [ SESSION ] INIT array (
  'id' => '',
  'var_session_id' => '',
  'prefix' => 'think',
  'type' => '',
  'auto_start' => true,
)
[ info ] [ LOG ] INIT File
[ sql ] [ DB ] CONNECT:[ UseTime:0.000819s ] mysql:dbname=blog;host=127.0.0.1;port=3306;charset=utf8
[ sql ] [ SQL ] SHOW COLUMNS FROM `lt_menu` [ RunTime:0.006545s ]
[ sql ] [ SQL ] SELECT * FROM `lt_menu` WHERE  `menu_view` = 1 ORDER BY menu_sort [ RunTime:0.005358s ]
[ sql ] [ SQL ] SHOW COLUMNS FROM `lt_system` [ RunTime:0.006169s ]
[ sql ] [ SQL ] UPDATE `lt_system`  SET `sys_hits`=sys_hits+1  WHERE  `sys_id` = 1 [ RunTime:0.004449s ]
[ sql ] [ SQL ] SELECT * FROM `lt_system` LIMIT 1 [ RunTime:0.000774s ]
[ sql ] [ SQL ] SHOW COLUMNS FROM `lt_banner` [ RunTime:0.005240s ]
[ sql ] [ SQL ] SELECT * FROM `lt_banner` WHERE  `ban_view` = 1 [ RunTime:0.001023s ]
[ sql ] [ SQL ] SHOW COLUMNS FROM `lt_article` [ RunTime:0.005449s ]
[ sql ] [ SQL ] SELECT `art_id`,`art_keyword` FROM `lt_article` WHERE  (  art_view != 0 ) ORDER BY art_hit desc [ RunTime:0.000510s ]
[ sql ] [ SQL ] SELECT `art_id` FROM `lt_article` WHERE  (  art_view > 0 and art_down = 0  ) [ RunTime:0.000487s ]
[ sql ] [ SQL ] SELECT * FROM `lt_article` WHERE  `art_id` IN (0)  AND `art_down` = 0 [ RunTime:0.001236s ]
[ sql ] [ SQL ] SHOW COLUMNS FROM `lt_comment` [ RunTime:0.002870s ]
[ sql ] [ SQL ] SELECT `ac`.`com_id`,`ac`.`com_artid`,`ac`.`com_userid`,`m`.`mem_img`,`m`.`mem_name`,`ac`.`com_content`,`a`.`art_down` FROM `lt_comment` `ac` INNER JOIN `lt_article` `a` ON `a`.`art_id`=ac.com_artid and a.art_view > 0 INNER JOIN `lt_member` `m` ON `m`.`mem_id`=`ac`.`com_userid` WHERE  (  ac.com_view = 1 and ac.com_artid > 0 ) ORDER BY ac.com_id desc LIMIT 5 [ RunTime:0.001609s ]
[ sql ] [ SQL ] SELECT `c`.`com_id`,`c`.`com_content`,`m`.`mem_name`,`m`.`mem_img` FROM `lt_comment` `c` INNER JOIN `lt_member` `m` ON `m`.`mem_id`=`c`.`com_userid` WHERE  `com_artid` = 0 ORDER BY com_id desc LIMIT 5 [ RunTime:0.000537s ]
[ sql ] [ SQL ] SELECT `art_id`,`art_hit`,`art_title` FROM `lt_article` ORDER BY art_hit desc LIMIT 8 [ RunTime:0.000379s ]
[ sql ] [ SQL ] SELECT COUNT(*) AS tp_count FROM `lt_article` WHERE  (  art_view > 0 ) LIMIT 1 [ RunTime:0.003268s ]
[ sql ] [ SQL ] SELECT COUNT(*) AS tp_count FROM `lt_comment` WHERE  (  com_view = 1 and com_artid != 0 ) LIMIT 1 [ RunTime:0.000536s ]
[ sql ] [ SQL ] SELECT COUNT(*) AS tp_count FROM `lt_comment` WHERE  (  com_view= 1 and com_artid = 0 ) LIMIT 1 [ RunTime:0.000506s ]
[ sql ] [ SQL ] SELECT `art_id` FROM `lt_article` WHERE  (  art_view = 2 and art_down = 0  ) [ RunTime:0.000360s ]
[ sql ] [ SQL ] SELECT * FROM `lt_article` WHERE  `art_id` IN (0)  AND `art_down` = 0 [ RunTime:0.000596s ]
[ sql ] [ SQL ] SHOW COLUMNS FROM `lt_link` [ RunTime:0.002740s ]
[ sql ] [ SQL ] SELECT COUNT(*) AS tp_count FROM `lt_link` WHERE  `link_view` = 1 LIMIT 1 [ RunTime:0.000377s ]
[ sql ] [ SQL ] SELECT `art_id`,`art_title` FROM `lt_article` WHERE  `art_down` = 1 ORDER BY art_downloadnums desc LIMIT 4 [ RunTime:0.000394s ]
[ sql ] [ SQL ] SELECT `art_id`,`art_title`,`art_img`,`art_remark`,`art_keyword`,`art_view`,`art_hit`,`menu_name`,`art_original`,`nums` FROM `lt_article` LEFT JOIN (select count(*) nums,com_artid from lt_comment group by com_artid) c ON `c`.`com_artid`=`lt_article`.`art_id` INNER JOIN `lt_menu` `m` ON `m`.`menu_id`=`lt_article`.`art_pid` WHERE  (  art_view > 0 ) ORDER BY art_id desc LIMIT 0,5 [ RunTime:0.002867s ]
[ sql ] [ SQL ] SHOW COLUMNS FROM `lt_tip` [ RunTime:0.005151s ]
[ sql ] [ SQL ] SELECT * FROM `lt_tip` WHERE  `tip_view` = 1 [ RunTime:0.000488s ]

---------------------------------------------------------------
[ 2018-05-22T22:29:53+08:00 ] 127.0.0.1 127.0.0.1 GET /index.php/login-qq.html
[ log ] bk.com/index.php/login-qq.html [运行时间：0.279835s][吞吐率：3.57req/s] [内存消耗：2,409.16kb] [文件加载：60]
[ info ] [ LANG ] /Users/lenyue/E HD/www/tp5bk30/framework/lang/zh-cn.php
[ info ] [ ROUTE ] array (
  'type' => 'module',
  'module' => 
  array (
    0 => NULL,
    1 => 'Base',
    2 => 'login',
  ),
  'convert' => false,
)
[ info ] [ HEADER ] array (
  'host' => 'bk.com',
  'connection' => 'keep-alive',
  'upgrade-insecure-requests' => '1',
  'user-agent' => 'Mozilla/5.0 (Macintosh; Intel Mac OS X 10_13_4) AppleWebKit/537.36 (KHTML, like Gecko) Chrome/66.0.3359.181 Safari/537.36',
  'accept' => 'text/html,application/xhtml+xml,application/xml;q=0.9,image/webp,image/apng,*/*;q=0.8',
  'referer' => 'http://bk.com/index.php',
  'accept-encoding' => 'gzip, deflate',
  'accept-language' => 'zh-CN,zh;q=0.9',
  'cookie' => 'PHPSESSID=d91d7301f8109c2aa054b1739a6fc698',
)
[ info ] [ PARAM ] array (
)
[ info ] [ DB ] INIT mysql
[ info ] [ CACHE ] INIT File
[ info ] [ RUN ] app\index\controller\Base->login[ /Users/lenyue/E HD/www/tp5bk30/application/index/controller/Base.php ]
[ info ] [ SESSION ] INIT array (
  'id' => '',
  'var_session_id' => '',
  'prefix' => 'think',
  'type' => '',
  'auto_start' => true,
)
[ info ] [ LOG ] INIT File
[ sql ] [ DB ] CONNECT:[ UseTime:0.000528s ] mysql:dbname=blog;host=127.0.0.1;port=3306;charset=utf8
[ sql ] [ SQL ] SHOW COLUMNS FROM `lt_menu` [ RunTime:0.002958s ]
[ sql ] [ SQL ] SELECT * FROM `lt_menu` WHERE  `menu_view` = 1 ORDER BY menu_sort [ RunTime:0.000822s ]
[ sql ] [ SQL ] SHOW COLUMNS FROM `lt_system` [ RunTime:0.005567s ]
[ sql ] [ SQL ] UPDATE `lt_system`  SET `sys_hits`=sys_hits+1  WHERE  `sys_id` = 1 [ RunTime:0.001571s ]
[ sql ] [ SQL ] SELECT * FROM `lt_system` LIMIT 1 [ RunTime:0.000643s ]
[ sql ] [ SQL ] SHOW COLUMNS FROM `lt_banner` [ RunTime:0.004732s ]
[ sql ] [ SQL ] SELECT * FROM `lt_banner` WHERE  `ban_view` = 1 [ RunTime:0.000489s ]
[ sql ] [ SQL ] SHOW COLUMNS FROM `lt_article` [ RunTime:0.005419s ]
[ sql ] [ SQL ] SELECT `art_id`,`art_keyword` FROM `lt_article` WHERE  (  art_view != 0 ) ORDER BY art_hit desc [ RunTime:0.000612s ]
[ sql ] [ SQL ] SELECT `art_id` FROM `lt_article` WHERE  (  art_view > 0 and art_down = 0  ) [ RunTime:0.000386s ]
[ sql ] [ SQL ] SELECT * FROM `lt_article` WHERE  `art_id` IN (0)  AND `art_down` = 0 [ RunTime:0.000448s ]
[ sql ] [ SQL ] SHOW COLUMNS FROM `lt_comment` [ RunTime:0.002720s ]
[ sql ] [ SQL ] SELECT `ac`.`com_id`,`ac`.`com_artid`,`ac`.`com_userid`,`m`.`mem_img`,`m`.`mem_name`,`ac`.`com_content`,`a`.`art_down` FROM `lt_comment` `ac` INNER JOIN `lt_article` `a` ON `a`.`art_id`=ac.com_artid and a.art_view > 0 INNER JOIN `lt_member` `m` ON `m`.`mem_id`=`ac`.`com_userid` WHERE  (  ac.com_view = 1 and ac.com_artid > 0 ) ORDER BY ac.com_id desc LIMIT 5 [ RunTime:0.000520s ]
[ sql ] [ SQL ] SELECT `c`.`com_id`,`c`.`com_content`,`m`.`mem_name`,`m`.`mem_img` FROM `lt_comment` `c` INNER JOIN `lt_member` `m` ON `m`.`mem_id`=`c`.`com_userid` WHERE  `com_artid` = 0 ORDER BY com_id desc LIMIT 5 [ RunTime:0.000511s ]
[ sql ] [ SQL ] SELECT `art_id`,`art_hit`,`art_title` FROM `lt_article` ORDER BY art_hit desc LIMIT 8 [ RunTime:0.000381s ]
[ sql ] [ SQL ] SELECT COUNT(*) AS tp_count FROM `lt_article` WHERE  (  art_view > 0 ) LIMIT 1 [ RunTime:0.000582s ]
[ sql ] [ SQL ] SELECT COUNT(*) AS tp_count FROM `lt_comment` WHERE  (  com_view = 1 and com_artid != 0 ) LIMIT 1 [ RunTime:0.000373s ]
[ sql ] [ SQL ] SELECT COUNT(*) AS tp_count FROM `lt_comment` WHERE  (  com_view= 1 and com_artid = 0 ) LIMIT 1 [ RunTime:0.000333s ]
[ sql ] [ SQL ] SELECT `art_id` FROM `lt_article` WHERE  (  art_view = 2 and art_down = 0  ) [ RunTime:0.000359s ]
[ sql ] [ SQL ] SELECT * FROM `lt_article` WHERE  `art_id` IN (0)  AND `art_down` = 0 [ RunTime:0.000474s ]
[ sql ] [ SQL ] SHOW COLUMNS FROM `lt_link` [ RunTime:0.004427s ]
[ sql ] [ SQL ] SELECT COUNT(*) AS tp_count FROM `lt_link` WHERE  `link_view` = 1 LIMIT 1 [ RunTime:0.000401s ]
[ sql ] [ SQL ] SELECT `art_id`,`art_title` FROM `lt_article` WHERE  `art_down` = 1 ORDER BY art_downloadnums desc LIMIT 4 [ RunTime:0.000388s ]

---------------------------------------------------------------
[ 2018-05-22T22:30:30+08:00 ] 127.0.0.1 127.0.0.1 GET /index.php/login-qq.html
[ log ] bk.com/index.php/login-qq.html [运行时间：0.284857s][吞吐率：3.51req/s] [内存消耗：2,409.38kb] [文件加载：60]
[ info ] [ LANG ] /Users/lenyue/E HD/www/tp5bk30/framework/lang/zh-cn.php
[ info ] [ ROUTE ] array (
  'type' => 'module',
  'module' => 
  array (
    0 => NULL,
    1 => 'Base',
    2 => 'login',
  ),
  'convert' => false,
)
[ info ] [ HEADER ] array (
  'host' => 'bk.com',
  'connection' => 'keep-alive',
  'upgrade-insecure-requests' => '1',
  'user-agent' => 'Mozilla/5.0 (Macintosh; Intel Mac OS X 10_13_4) AppleWebKit/537.36 (KHTML, like Gecko) Chrome/66.0.3359.181 Safari/537.36',
  'accept' => 'text/html,application/xhtml+xml,application/xml;q=0.9,image/webp,image/apng,*/*;q=0.8',
  'referer' => 'http://bk.com/index.php',
  'accept-encoding' => 'gzip, deflate',
  'accept-language' => 'zh-CN,zh;q=0.9',
  'cookie' => 'PHPSESSID=d91d7301f8109c2aa054b1739a6fc698',
)
[ info ] [ PARAM ] array (
)
[ info ] [ DB ] INIT mysql
[ info ] [ CACHE ] INIT File
[ info ] [ RUN ] app\index\controller\Base->login[ /Users/lenyue/E HD/www/tp5bk30/application/index/controller/Base.php ]
[ info ] [ SESSION ] INIT array (
  'id' => '',
  'var_session_id' => '',
  'prefix' => 'think',
  'type' => '',
  'auto_start' => true,
)
[ info ] [ LOG ] INIT File
[ sql ] [ DB ] CONNECT:[ UseTime:0.000713s ] mysql:dbname=blog;host=127.0.0.1;port=3306;charset=utf8
[ sql ] [ SQL ] SHOW COLUMNS FROM `lt_menu` [ RunTime:0.002228s ]
[ sql ] [ SQL ] SELECT * FROM `lt_menu` WHERE  `menu_view` = 1 ORDER BY menu_sort [ RunTime:0.000501s ]
[ sql ] [ SQL ] SHOW COLUMNS FROM `lt_system` [ RunTime:0.003344s ]
[ sql ] [ SQL ] UPDATE `lt_system`  SET `sys_hits`=sys_hits+1  WHERE  `sys_id` = 1 [ RunTime:0.001595s ]
[ sql ] [ SQL ] SELECT * FROM `lt_system` LIMIT 1 [ RunTime:0.000715s ]
[ sql ] [ SQL ] SHOW COLUMNS FROM `lt_banner` [ RunTime:0.003017s ]
[ sql ] [ SQL ] SELECT * FROM `lt_banner` WHERE  `ban_view` = 1 [ RunTime:0.000522s ]
[ sql ] [ SQL ] SHOW COLUMNS FROM `lt_article` [ RunTime:0.003875s ]
[ sql ] [ SQL ] SELECT `art_id`,`art_keyword` FROM `lt_article` WHERE  (  art_view != 0 ) ORDER BY art_hit desc [ RunTime:0.000632s ]
[ sql ] [ SQL ] SELECT `art_id` FROM `lt_article` WHERE  (  art_view > 0 and art_down = 0  ) [ RunTime:0.000491s ]
[ sql ] [ SQL ] SELECT * FROM `lt_article` WHERE  `art_id` IN (0)  AND `art_down` = 0 [ RunTime:0.000514s ]
[ sql ] [ SQL ] SHOW COLUMNS FROM `lt_comment` [ RunTime:0.003112s ]
[ sql ] [ SQL ] SELECT `ac`.`com_id`,`ac`.`com_artid`,`ac`.`com_userid`,`m`.`mem_img`,`m`.`mem_name`,`ac`.`com_content`,`a`.`art_down` FROM `lt_comment` `ac` INNER JOIN `lt_article` `a` ON `a`.`art_id`=ac.com_artid and a.art_view > 0 INNER JOIN `lt_member` `m` ON `m`.`mem_id`=`ac`.`com_userid` WHERE  (  ac.com_view = 1 and ac.com_artid > 0 ) ORDER BY ac.com_id desc LIMIT 5 [ RunTime:0.000530s ]
[ sql ] [ SQL ] SELECT `c`.`com_id`,`c`.`com_content`,`m`.`mem_name`,`m`.`mem_img` FROM `lt_comment` `c` INNER JOIN `lt_member` `m` ON `m`.`mem_id`=`c`.`com_userid` WHERE  `com_artid` = 0 ORDER BY com_id desc LIMIT 5 [ RunTime:0.000388s ]
[ sql ] [ SQL ] SELECT `art_id`,`art_hit`,`art_title` FROM `lt_article` ORDER BY art_hit desc LIMIT 8 [ RunTime:0.000318s ]
[ sql ] [ SQL ] SELECT COUNT(*) AS tp_count FROM `lt_article` WHERE  (  art_view > 0 ) LIMIT 1 [ RunTime:0.000526s ]
[ sql ] [ SQL ] SELECT COUNT(*) AS tp_count FROM `lt_comment` WHERE  (  com_view = 1 and com_artid != 0 ) LIMIT 1 [ RunTime:0.000498s ]
[ sql ] [ SQL ] SELECT COUNT(*) AS tp_count FROM `lt_comment` WHERE  (  com_view= 1 and com_artid = 0 ) LIMIT 1 [ RunTime:0.000358s ]
[ sql ] [ SQL ] SELECT `art_id` FROM `lt_article` WHERE  (  art_view = 2 and art_down = 0  ) [ RunTime:0.000408s ]
[ sql ] [ SQL ] SELECT * FROM `lt_article` WHERE  `art_id` IN (0)  AND `art_down` = 0 [ RunTime:0.000508s ]
[ sql ] [ SQL ] SHOW COLUMNS FROM `lt_link` [ RunTime:0.002781s ]
[ sql ] [ SQL ] SELECT COUNT(*) AS tp_count FROM `lt_link` WHERE  `link_view` = 1 LIMIT 1 [ RunTime:0.000448s ]
[ sql ] [ SQL ] SELECT `art_id`,`art_title` FROM `lt_article` WHERE  `art_down` = 1 ORDER BY art_downloadnums desc LIMIT 4 [ RunTime:0.000407s ]

---------------------------------------------------------------
[ 2018-05-22T22:30:31+08:00 ] 127.0.0.1 127.0.0.1 GET /index.php/login-qq.html
[ log ] bk.com/index.php/login-qq.html [运行时间：0.035852s][吞吐率：27.89req/s] [内存消耗：2,391.72kb] [文件加载：60]
[ info ] [ LANG ] /Users/lenyue/E HD/www/tp5bk30/framework/lang/zh-cn.php
[ info ] [ ROUTE ] array (
  'type' => 'module',
  'module' => 
  array (
    0 => NULL,
    1 => 'Base',
    2 => 'login',
  ),
  'convert' => false,
)
[ info ] [ HEADER ] array (
  'host' => 'bk.com',
  'connection' => 'keep-alive',
  'upgrade-insecure-requests' => '1',
  'user-agent' => 'Mozilla/5.0 (Macintosh; Intel Mac OS X 10_13_4) AppleWebKit/537.36 (KHTML, like Gecko) Chrome/66.0.3359.181 Safari/537.36',
  'accept' => 'text/html,application/xhtml+xml,application/xml;q=0.9,image/webp,image/apng,*/*;q=0.8',
  'referer' => 'http://bk.com/index.php',
  'accept-encoding' => 'gzip, deflate',
  'accept-language' => 'zh-CN,zh;q=0.9',
  'cookie' => 'PHPSESSID=d91d7301f8109c2aa054b1739a6fc698',
)
[ info ] [ PARAM ] array (
)
[ info ] [ DB ] INIT mysql
[ info ] [ CACHE ] INIT File
[ info ] [ RUN ] app\index\controller\Base->login[ /Users/lenyue/E HD/www/tp5bk30/application/index/controller/Base.php ]
[ info ] [ SESSION ] INIT array (
  'id' => '',
  'var_session_id' => '',
  'prefix' => 'think',
  'type' => '',
  'auto_start' => true,
)
[ info ] [ LOG ] INIT File
[ sql ] [ DB ] CONNECT:[ UseTime:0.000666s ] mysql:dbname=blog;host=127.0.0.1;port=3306;charset=utf8
[ sql ] [ SQL ] SHOW COLUMNS FROM `lt_system` [ RunTime:0.005168s ]
[ sql ] [ SQL ] UPDATE `lt_system`  SET `sys_hits`=sys_hits+1  WHERE  `sys_id` = 1 [ RunTime:0.001073s ]

---------------------------------------------------------------
[ 2018-05-22T23:04:52+08:00 ] 127.0.0.1 127.0.0.1 GET /admin.php/Admin-login-index.html
[ log ] bk.com/admin.php/Admin-login-index.html [运行时间：0.029683s][吞吐率：33.69req/s] [内存消耗：1,013.92kb] [文件加载：32]
[ info ] [ LANG ] /Users/lenyue/E HD/www/tp5bk30/framework/lang/zh-cn.php
[ info ] [ BIND ] 'admin'
[ info ] [ ROUTE ] array (
  'type' => 'module',
  'module' => 
  array (
    0 => 'admin',
    1 => 'Admin',
    2 => 'login',
  ),
)
[ info ] [ HEADER ] array (
  'host' => 'bk.com',
  'connection' => 'keep-alive',
  'upgrade-insecure-requests' => '1',
  'user-agent' => 'Mozilla/5.0 (Macintosh; Intel Mac OS X 10_13_4) AppleWebKit/537.36 (KHTML, like Gecko) Chrome/66.0.3359.181 Safari/537.36',
  'accept' => 'text/html,application/xhtml+xml,application/xml;q=0.9,image/webp,image/apng,*/*;q=0.8',
  'accept-encoding' => 'gzip, deflate',
  'accept-language' => 'zh-CN,zh;q=0.9',
  'cookie' => 'PHPSESSID=d91d7301f8109c2aa054b1739a6fc698',
)
[ info ] [ PARAM ] array (
)
[ info ] [ LOG ] INIT File

---------------------------------------------------------------
[ 2018-05-22T23:04:56+08:00 ] 127.0.0.1 127.0.0.1 GET /admin/Admin-login-index.html
[ log ] bk.com/admin/Admin-login-index.html [运行时间：0.013119s][吞吐率：76.23req/s] [内存消耗：1,015.20kb] [文件加载：32]
[ info ] [ LANG ] /Users/lenyue/E HD/www/tp5bk30/framework/lang/zh-cn.php
[ info ] [ ROUTE ] array (
  'type' => 'module',
  'module' => 
  array (
    0 => 'admin',
    1 => 'Admin',
    2 => 'login',
  ),
)
[ info ] [ HEADER ] array (
  'host' => 'bk.com',
  'connection' => 'keep-alive',
  'upgrade-insecure-requests' => '1',
  'user-agent' => 'Mozilla/5.0 (Macintosh; Intel Mac OS X 10_13_4) AppleWebKit/537.36 (KHTML, like Gecko) Chrome/66.0.3359.181 Safari/537.36',
  'accept' => 'text/html,application/xhtml+xml,application/xml;q=0.9,image/webp,image/apng,*/*;q=0.8',
  'accept-encoding' => 'gzip, deflate',
  'accept-language' => 'zh-CN,zh;q=0.9',
  'cookie' => 'PHPSESSID=d91d7301f8109c2aa054b1739a6fc698',
)
[ info ] [ PARAM ] array (
)
[ info ] [ LOG ] INIT File

---------------------------------------------------------------
[ 2018-05-22T23:04:58+08:00 ] 127.0.0.1 127.0.0.1 GET /admin/Admin-login-index.html
[ log ] bk.com/admin/Admin-login-index.html [运行时间：0.010134s][吞吐率：98.68req/s] [内存消耗：1,015.76kb] [文件加载：32]
[ info ] [ LANG ] /Users/lenyue/E HD/www/tp5bk30/framework/lang/zh-cn.php
[ info ] [ ROUTE ] array (
  'type' => 'module',
  'module' => 
  array (
    0 => 'admin',
    1 => 'Admin',
    2 => 'login',
  ),
)
[ info ] [ HEADER ] array (
  'host' => 'bk.com',
  'connection' => 'keep-alive',
  'cache-control' => 'max-age=0',
  'upgrade-insecure-requests' => '1',
  'user-agent' => 'Mozilla/5.0 (Macintosh; Intel Mac OS X 10_13_4) AppleWebKit/537.36 (KHTML, like Gecko) Chrome/66.0.3359.181 Safari/537.36',
  'accept' => 'text/html,application/xhtml+xml,application/xml;q=0.9,image/webp,image/apng,*/*;q=0.8',
  'accept-encoding' => 'gzip, deflate',
  'accept-language' => 'zh-CN,zh;q=0.9',
  'cookie' => 'PHPSESSID=d91d7301f8109c2aa054b1739a6fc698',
)
[ info ] [ PARAM ] array (
)
[ info ] [ LOG ] INIT File

---------------------------------------------------------------
[ 2018-05-22T23:05:13+08:00 ] 127.0.0.1 127.0.0.1 GET /admin/admin-login-index.html
[ log ] bk.com/admin/admin-login-index.html [运行时间：0.014677s][吞吐率：68.13req/s] [内存消耗：1,015.20kb] [文件加载：32]
[ info ] [ LANG ] /Users/lenyue/E HD/www/tp5bk30/framework/lang/zh-cn.php
[ info ] [ ROUTE ] array (
  'type' => 'module',
  'module' => 
  array (
    0 => 'admin',
    1 => 'admin',
    2 => 'login',
  ),
)
[ info ] [ HEADER ] array (
  'host' => 'bk.com',
  'connection' => 'keep-alive',
  'upgrade-insecure-requests' => '1',
  'user-agent' => 'Mozilla/5.0 (Macintosh; Intel Mac OS X 10_13_4) AppleWebKit/537.36 (KHTML, like Gecko) Chrome/66.0.3359.181 Safari/537.36',
  'accept' => 'text/html,application/xhtml+xml,application/xml;q=0.9,image/webp,image/apng,*/*;q=0.8',
  'accept-encoding' => 'gzip, deflate',
  'accept-language' => 'zh-CN,zh;q=0.9',
  'cookie' => 'PHPSESSID=d91d7301f8109c2aa054b1739a6fc698',
)
[ info ] [ PARAM ] array (
)
[ info ] [ LOG ] INIT File

---------------------------------------------------------------
[ 2018-05-22T23:05:18+08:00 ] 127.0.0.1 127.0.0.1 GET /admin/Admin-login-index.html
[ log ] bk.com/admin/Admin-login-index.html [运行时间：0.009049s][吞吐率：110.51req/s] [内存消耗：1,015.20kb] [文件加载：32]
[ info ] [ LANG ] /Users/lenyue/E HD/www/tp5bk30/framework/lang/zh-cn.php
[ info ] [ ROUTE ] array (
  'type' => 'module',
  'module' => 
  array (
    0 => 'admin',
    1 => 'Admin',
    2 => 'login',
  ),
)
[ info ] [ HEADER ] array (
  'host' => 'bk.com',
  'connection' => 'keep-alive',
  'upgrade-insecure-requests' => '1',
  'user-agent' => 'Mozilla/5.0 (Macintosh; Intel Mac OS X 10_13_4) AppleWebKit/537.36 (KHTML, like Gecko) Chrome/66.0.3359.181 Safari/537.36',
  'accept' => 'text/html,application/xhtml+xml,application/xml;q=0.9,image/webp,image/apng,*/*;q=0.8',
  'accept-encoding' => 'gzip, deflate',
  'accept-language' => 'zh-CN,zh;q=0.9',
  'cookie' => 'PHPSESSID=d91d7301f8109c2aa054b1739a6fc698',
)
[ info ] [ PARAM ] array (
)
[ info ] [ LOG ] INIT File

---------------------------------------------------------------
[ 2018-05-22T23:10:03+08:00 ] 127.0.0.1 127.0.0.1 GET /admin
[ log ] bk.com/admin [运行时间：0.075648s][吞吐率：13.22req/s] [内存消耗：2,098.09kb] [文件加载：50]
[ info ] [ LANG ] /Users/lenyue/E HD/www/tp5bk30/framework/lang/zh-cn.php
[ info ] [ ROUTE ] array (
  'type' => 'module',
  'module' => 
  array (
    0 => 'admin',
    1 => NULL,
    2 => NULL,
  ),
)
[ info ] [ HEADER ] array (
  'host' => 'bk.com',
  'connection' => 'keep-alive',
  'upgrade-insecure-requests' => '1',
  'user-agent' => 'Mozilla/5.0 (Macintosh; Intel Mac OS X 10_13_4) AppleWebKit/537.36 (KHTML, like Gecko) Chrome/66.0.3359.181 Safari/537.36',
  'accept' => 'text/html,application/xhtml+xml,application/xml;q=0.9,image/webp,image/apng,*/*;q=0.8',
  'accept-encoding' => 'gzip, deflate',
  'accept-language' => 'zh-CN,zh;q=0.9',
  'cookie' => 'PHPSESSID=d91d7301f8109c2aa054b1739a6fc698',
)
[ info ] [ PARAM ] array (
)
[ info ] [ SESSION ] INIT array (
  'id' => '',
  'var_session_id' => '',
  'prefix' => 'think',
  'type' => '',
  'auto_start' => true,
)
[ info ] [ DB ] INIT mysql
[ info ] [ LOG ] INIT File
[ sql ] [ DB ] CONNECT:[ UseTime:0.000527s ] mysql:dbname=blog;host=127.0.0.1;port=3306;charset=utf8
[ sql ] [ SQL ] SHOW COLUMNS FROM `lt_member` [ RunTime:0.002362s ]
[ sql ] [ SQL ] SELECT `mem_id` FROM `lt_member` WHERE  `mem_auth` = 1 [ RunTime:0.000253s ]

---------------------------------------------------------------
[ 2018-05-22T23:10:03+08:00 ] 127.0.0.1 127.0.0.1 GET /Admin-login-index.html
[ log ] bk.com/Admin-login-index.html [运行时间：0.055189s][吞吐率：18.12req/s] [内存消耗：1,404.92kb] [文件加载：41]
[ info ] [ LANG ] /Users/lenyue/E HD/www/tp5bk30/framework/lang/zh-cn.php
[ info ] [ ROUTE ] array (
  'type' => 'module',
  'module' => 
  array (
    0 => 'Admin',
    1 => 'login',
    2 => 'index',
  ),
)
[ info ] [ HEADER ] array (
  'host' => 'bk.com',
  'connection' => 'keep-alive',
  'upgrade-insecure-requests' => '1',
  'user-agent' => 'Mozilla/5.0 (Macintosh; Intel Mac OS X 10_13_4) AppleWebKit/537.36 (KHTML, like Gecko) Chrome/66.0.3359.181 Safari/537.36',
  'accept' => 'text/html,application/xhtml+xml,application/xml;q=0.9,image/webp,image/apng,*/*;q=0.8',
  'accept-encoding' => 'gzip, deflate',
  'accept-language' => 'zh-CN,zh;q=0.9',
  'cookie' => 'PHPSESSID=d91d7301f8109c2aa054b1739a6fc698',
)
[ info ] [ PARAM ] array (
)
[ info ] [ RUN ] app\admin\controller\Login->index[ /Users/lenyue/E HD/www/tp5bk30/application/admin/controller/Login.php ]
[ info ] [ SESSION ] INIT array (
  'id' => '',
  'var_session_id' => '',
  'prefix' => 'think',
  'type' => '',
  'auto_start' => true,
)
[ info ] [ VIEW ] /Users/lenyue/E HD/www/tp5bk30/public/../application/admin/view/login/index.html [ array (
  0 => 'tip',
) ]
[ info ] [ LOG ] INIT File

---------------------------------------------------------------
[ 2018-05-22T23:10:04+08:00 ] 127.0.0.1 127.0.0.1 GET /login-qq.html
[ log ] bk.com/login-qq.html [运行时间：0.416487s][吞吐率：2.40req/s] [内存消耗：2,410.90kb] [文件加载：60]
[ info ] [ LANG ] /Users/lenyue/E HD/www/tp5bk30/framework/lang/zh-cn.php
[ info ] [ ROUTE ] array (
  'type' => 'module',
  'module' => 
  array (
    0 => NULL,
    1 => 'Base',
    2 => 'login',
  ),
  'convert' => false,
)
[ info ] [ HEADER ] array (
  'host' => 'bk.com',
  'connection' => 'keep-alive',
  'upgrade-insecure-requests' => '1',
  'user-agent' => 'Mozilla/5.0 (Macintosh; Intel Mac OS X 10_13_4) AppleWebKit/537.36 (KHTML, like Gecko) Chrome/66.0.3359.181 Safari/537.36',
  'accept' => 'text/html,application/xhtml+xml,application/xml;q=0.9,image/webp,image/apng,*/*;q=0.8',
  'referer' => 'http://bk.com/Admin-login-index.html',
  'accept-encoding' => 'gzip, deflate',
  'accept-language' => 'zh-CN,zh;q=0.9',
  'cookie' => 'PHPSESSID=d91d7301f8109c2aa054b1739a6fc698',
)
[ info ] [ PARAM ] array (
)
[ info ] [ DB ] INIT mysql
[ info ] [ CACHE ] INIT File
[ info ] [ RUN ] app\index\controller\Base->login[ /Users/lenyue/E HD/www/tp5bk30/application/index/controller/Base.php ]
[ info ] [ SESSION ] INIT array (
  'id' => '',
  'var_session_id' => '',
  'prefix' => 'think',
  'type' => '',
  'auto_start' => true,
)
[ info ] [ LOG ] INIT File
[ sql ] [ DB ] CONNECT:[ UseTime:0.000808s ] mysql:dbname=blog;host=127.0.0.1;port=3306;charset=utf8
[ sql ] [ SQL ] SHOW COLUMNS FROM `lt_menu` [ RunTime:0.003218s ]
[ sql ] [ SQL ] SELECT * FROM `lt_menu` WHERE  `menu_view` = 1 ORDER BY menu_sort [ RunTime:0.001210s ]
[ sql ] [ SQL ] SHOW COLUMNS FROM `lt_system` [ RunTime:0.004797s ]
[ sql ] [ SQL ] UPDATE `lt_system`  SET `sys_hits`=sys_hits+1  WHERE  `sys_id` = 1 [ RunTime:0.001826s ]
[ sql ] [ SQL ] SELECT * FROM `lt_system` LIMIT 1 [ RunTime:0.000816s ]
[ sql ] [ SQL ] SHOW COLUMNS FROM `lt_banner` [ RunTime:0.002223s ]
[ sql ] [ SQL ] SELECT * FROM `lt_banner` WHERE  `ban_view` = 1 [ RunTime:0.000365s ]
[ sql ] [ SQL ] SHOW COLUMNS FROM `lt_article` [ RunTime:0.002646s ]
[ sql ] [ SQL ] SELECT `art_id`,`art_keyword` FROM `lt_article` WHERE  (  art_view != 0 ) ORDER BY art_hit desc [ RunTime:0.000468s ]
[ sql ] [ SQL ] SELECT `art_id` FROM `lt_article` WHERE  (  art_view > 0 and art_down = 0  ) [ RunTime:0.000346s ]
[ sql ] [ SQL ] SELECT * FROM `lt_article` WHERE  `art_id` IN (0)  AND `art_down` = 0 [ RunTime:0.000521s ]
[ sql ] [ SQL ] SHOW COLUMNS FROM `lt_comment` [ RunTime:0.002131s ]
[ sql ] [ SQL ] SELECT `ac`.`com_id`,`ac`.`com_artid`,`ac`.`com_userid`,`m`.`mem_img`,`m`.`mem_name`,`ac`.`com_content`,`a`.`art_down` FROM `lt_comment` `ac` INNER JOIN `lt_article` `a` ON `a`.`art_id`=ac.com_artid and a.art_view > 0 INNER JOIN `lt_member` `m` ON `m`.`mem_id`=`ac`.`com_userid` WHERE  (  ac.com_view = 1 and ac.com_artid > 0 ) ORDER BY ac.com_id desc LIMIT 5 [ RunTime:0.000388s ]
[ sql ] [ SQL ] SELECT `c`.`com_id`,`c`.`com_content`,`m`.`mem_name`,`m`.`mem_img` FROM `lt_comment` `c` INNER JOIN `lt_member` `m` ON `m`.`mem_id`=`c`.`com_userid` WHERE  `com_artid` = 0 ORDER BY com_id desc LIMIT 5 [ RunTime:0.000275s ]
[ sql ] [ SQL ] SELECT `art_id`,`art_hit`,`art_title` FROM `lt_article` ORDER BY art_hit desc LIMIT 8 [ RunTime:0.000224s ]
[ sql ] [ SQL ] SELECT COUNT(*) AS tp_count FROM `lt_article` WHERE  (  art_view > 0 ) LIMIT 1 [ RunTime:0.000445s ]
[ sql ] [ SQL ] SELECT COUNT(*) AS tp_count FROM `lt_comment` WHERE  (  com_view = 1 and com_artid != 0 ) LIMIT 1 [ RunTime:0.000368s ]
[ sql ] [ SQL ] SELECT COUNT(*) AS tp_count FROM `lt_comment` WHERE  (  com_view= 1 and com_artid = 0 ) LIMIT 1 [ RunTime:0.000407s ]
[ sql ] [ SQL ] SELECT `art_id` FROM `lt_article` WHERE  (  art_view = 2 and art_down = 0  ) [ RunTime:0.000490s ]
[ sql ] [ SQL ] SELECT * FROM `lt_article` WHERE  `art_id` IN (0)  AND `art_down` = 0 [ RunTime:0.000284s ]
[ sql ] [ SQL ] SHOW COLUMNS FROM `lt_link` [ RunTime:0.002261s ]
[ sql ] [ SQL ] SELECT COUNT(*) AS tp_count FROM `lt_link` WHERE  `link_view` = 1 LIMIT 1 [ RunTime:0.000257s ]
[ sql ] [ SQL ] SELECT `art_id`,`art_title` FROM `lt_article` WHERE  `art_down` = 1 ORDER BY art_downloadnums desc LIMIT 4 [ RunTime:0.000256s ]

---------------------------------------------------------------
[ 2018-05-22T23:44:24+08:00 ] 127.0.0.1 127.0.0.1 GET /Admin-login-index.html
[ log ] bk.com/Admin-login-index.html [运行时间：0.036501s][吞吐率：27.40req/s] [内存消耗：1,269.95kb] [文件加载：39]
[ info ] [ LANG ] /Users/lenyue/E HD/www/tp5bk30/framework/lang/zh-cn.php
[ info ] [ ROUTE ] array (
  'type' => 'module',
  'module' => 
  array (
    0 => 'Admin',
    1 => 'login',
    2 => 'index',
  ),
)
[ info ] [ HEADER ] array (
  'host' => 'bk.com',
  'connection' => 'keep-alive',
  'cache-control' => 'max-age=0',
  'upgrade-insecure-requests' => '1',
  'user-agent' => 'Mozilla/5.0 (Macintosh; Intel Mac OS X 10_13_4) AppleWebKit/537.36 (KHTML, like Gecko) Chrome/66.0.3359.181 Safari/537.36',
  'accept' => 'text/html,application/xhtml+xml,application/xml;q=0.9,image/webp,image/apng,*/*;q=0.8',
  'accept-encoding' => 'gzip, deflate',
  'accept-language' => 'zh-CN,zh;q=0.9',
  'cookie' => 'PHPSESSID=d91d7301f8109c2aa054b1739a6fc698',
)
[ info ] [ PARAM ] array (
)
[ info ] [ RUN ] app\admin\controller\Login->index[ /Users/lenyue/E HD/www/tp5bk30/application/admin/controller/Login.php ]
[ info ] [ VIEW ] /Users/lenyue/E HD/www/tp5bk30/public/../application/admin/view/login/index.html [ array (
  0 => 'tip',
) ]
[ info ] [ LOG ] INIT File

---------------------------------------------------------------
[ 2018-05-22T23:44:24+08:00 ] 127.0.0.1 127.0.0.1 GET /login-qq.html
[ log ] bk.com/login-qq.html [运行时间：0.307184s][吞吐率：3.26req/s] [内存消耗：2,410.90kb] [文件加载：60]
[ info ] [ LANG ] /Users/lenyue/E HD/www/tp5bk30/framework/lang/zh-cn.php
[ info ] [ ROUTE ] array (
  'type' => 'module',
  'module' => 
  array (
    0 => NULL,
    1 => 'Base',
    2 => 'login',
  ),
  'convert' => false,
)
[ info ] [ HEADER ] array (
  'host' => 'bk.com',
  'connection' => 'keep-alive',
  'upgrade-insecure-requests' => '1',
  'user-agent' => 'Mozilla/5.0 (Macintosh; Intel Mac OS X 10_13_4) AppleWebKit/537.36 (KHTML, like Gecko) Chrome/66.0.3359.181 Safari/537.36',
  'accept' => 'text/html,application/xhtml+xml,application/xml;q=0.9,image/webp,image/apng,*/*;q=0.8',
  'referer' => 'http://bk.com/Admin-login-index.html',
  'accept-encoding' => 'gzip, deflate',
  'accept-language' => 'zh-CN,zh;q=0.9',
  'cookie' => 'PHPSESSID=d91d7301f8109c2aa054b1739a6fc698',
)
[ info ] [ PARAM ] array (
)
[ info ] [ DB ] INIT mysql
[ info ] [ CACHE ] INIT File
[ info ] [ RUN ] app\index\controller\Base->login[ /Users/lenyue/E HD/www/tp5bk30/application/index/controller/Base.php ]
[ info ] [ SESSION ] INIT array (
  'id' => '',
  'var_session_id' => '',
  'prefix' => 'think',
  'type' => '',
  'auto_start' => true,
)
[ info ] [ LOG ] INIT File
[ sql ] [ DB ] CONNECT:[ UseTime:0.000694s ] mysql:dbname=blog;host=127.0.0.1;port=3306;charset=utf8
[ sql ] [ SQL ] SHOW COLUMNS FROM `lt_menu` [ RunTime:0.002926s ]
[ sql ] [ SQL ] SELECT * FROM `lt_menu` WHERE  `menu_view` = 1 ORDER BY menu_sort [ RunTime:0.000652s ]
[ sql ] [ SQL ] SHOW COLUMNS FROM `lt_system` [ RunTime:0.002673s ]
[ sql ] [ SQL ] UPDATE `lt_system`  SET `sys_hits`=sys_hits+1  WHERE  `sys_id` = 1 [ RunTime:0.002687s ]
[ sql ] [ SQL ] SELECT * FROM `lt_system` LIMIT 1 [ RunTime:0.000706s ]
[ sql ] [ SQL ] SHOW COLUMNS FROM `lt_banner` [ RunTime:0.002058s ]
[ sql ] [ SQL ] SELECT * FROM `lt_banner` WHERE  `ban_view` = 1 [ RunTime:0.000338s ]
[ sql ] [ SQL ] SHOW COLUMNS FROM `lt_article` [ RunTime:0.002138s ]
[ sql ] [ SQL ] SELECT `art_id`,`art_keyword` FROM `lt_article` WHERE  (  art_view != 0 ) ORDER BY art_hit desc [ RunTime:0.000287s ]
[ sql ] [ SQL ] SELECT `art_id` FROM `lt_article` WHERE  (  art_view > 0 and art_down = 0  ) [ RunTime:0.000251s ]
[ sql ] [ SQL ] SELECT * FROM `lt_article` WHERE  `art_id` IN (0)  AND `art_down` = 0 [ RunTime:0.000329s ]
[ sql ] [ SQL ] SHOW COLUMNS FROM `lt_comment` [ RunTime:0.002151s ]
[ sql ] [ SQL ] SELECT `ac`.`com_id`,`ac`.`com_artid`,`ac`.`com_userid`,`m`.`mem_img`,`m`.`mem_name`,`ac`.`com_content`,`a`.`art_down` FROM `lt_comment` `ac` INNER JOIN `lt_article` `a` ON `a`.`art_id`=ac.com_artid and a.art_view > 0 INNER JOIN `lt_member` `m` ON `m`.`mem_id`=`ac`.`com_userid` WHERE  (  ac.com_view = 1 and ac.com_artid > 0 ) ORDER BY ac.com_id desc LIMIT 5 [ RunTime:0.000356s ]
[ sql ] [ SQL ] SELECT `c`.`com_id`,`c`.`com_content`,`m`.`mem_name`,`m`.`mem_img` FROM `lt_comment` `c` INNER JOIN `lt_member` `m` ON `m`.`mem_id`=`c`.`com_userid` WHERE  `com_artid` = 0 ORDER BY com_id desc LIMIT 5 [ RunTime:0.000271s ]
[ sql ] [ SQL ] SELECT `art_id`,`art_hit`,`art_title` FROM `lt_article` ORDER BY art_hit desc LIMIT 8 [ RunTime:0.000226s ]
[ sql ] [ SQL ] SELECT COUNT(*) AS tp_count FROM `lt_article` WHERE  (  art_view > 0 ) LIMIT 1 [ RunTime:0.000423s ]
[ sql ] [ SQL ] SELECT COUNT(*) AS tp_count FROM `lt_comment` WHERE  (  com_view = 1 and com_artid != 0 ) LIMIT 1 [ RunTime:0.000394s ]
[ sql ] [ SQL ] SELECT COUNT(*) AS tp_count FROM `lt_comment` WHERE  (  com_view= 1 and com_artid = 0 ) LIMIT 1 [ RunTime:0.000350s ]
[ sql ] [ SQL ] SELECT `art_id` FROM `lt_article` WHERE  (  art_view = 2 and art_down = 0  ) [ RunTime:0.000349s ]
[ sql ] [ SQL ] SELECT * FROM `lt_article` WHERE  `art_id` IN (0)  AND `art_down` = 0 [ RunTime:0.000427s ]
[ sql ] [ SQL ] SHOW COLUMNS FROM `lt_link` [ RunTime:0.003562s ]
[ sql ] [ SQL ] SELECT COUNT(*) AS tp_count FROM `lt_link` WHERE  `link_view` = 1 LIMIT 1 [ RunTime:0.000272s ]
[ sql ] [ SQL ] SELECT `art_id`,`art_title` FROM `lt_article` WHERE  `art_down` = 1 ORDER BY art_downloadnums desc LIMIT 4 [ RunTime:0.000246s ]

---------------------------------------------------------------
[ 2018-05-22T23:44:41+08:00 ] 127.0.0.1 127.0.0.1 GET /Admin-login-index.html
[ log ] bk.com/Admin-login-index.html [运行时间：0.072721s][吞吐率：13.75req/s] [内存消耗：2,082.70kb] [文件加载：48]
[ info ] [ LANG ] /Users/lenyue/E HD/www/tp5bk30/framework/lang/zh-cn.php
[ info ] [ ROUTE ] array (
  'type' => 'module',
  'module' => 
  array (
    0 => 'Admin',
    1 => 'login',
    2 => 'index',
  ),
)
[ info ] [ HEADER ] array (
  'host' => 'bk.com',
  'connection' => 'keep-alive',
  'cache-control' => 'max-age=0',
  'upgrade-insecure-requests' => '1',
  'user-agent' => 'Mozilla/5.0 (Macintosh; Intel Mac OS X 10_13_4) AppleWebKit/537.36 (KHTML, like Gecko) Chrome/66.0.3359.181 Safari/537.36',
  'accept' => 'text/html,application/xhtml+xml,application/xml;q=0.9,image/webp,image/apng,*/*;q=0.8',
  'accept-encoding' => 'gzip, deflate',
  'accept-language' => 'zh-CN,zh;q=0.9',
  'cookie' => 'PHPSESSID=d91d7301f8109c2aa054b1739a6fc698',
)
[ info ] [ PARAM ] array (
)
[ info ] [ RUN ] app\admin\controller\Login->index[ /Users/lenyue/E HD/www/tp5bk30/application/admin/controller/Login.php ]
[ info ] [ SESSION ] INIT array (
  'id' => '',
  'var_session_id' => '',
  'prefix' => 'think',
  'type' => '',
  'auto_start' => true,
)
[ info ] [ DB ] INIT mysql
[ info ] [ VIEW ] /Users/lenyue/E HD/www/tp5bk30/public/../application/admin/view/login/index.html [ array (
  0 => 'tip',
) ]
[ info ] [ LOG ] INIT File
[ sql ] [ DB ] CONNECT:[ UseTime:0.000434s ] mysql:dbname=blog;host=127.0.0.1;port=3306;charset=utf8
[ sql ] [ SQL ] SHOW COLUMNS FROM `lt_member` [ RunTime:0.002350s ]
[ sql ] [ SQL ] SELECT `mem_id` FROM `lt_member` WHERE  `mem_auth` = 1 [ RunTime:0.000298s ]

---------------------------------------------------------------
[ 2018-05-22T23:44:45+08:00 ] 127.0.0.1 127.0.0.1 GET /login-qq.html
[ log ] bk.com/login-qq.html [运行时间：0.268172s][吞吐率：3.73req/s] [内存消耗：2,410.90kb] [文件加载：60]
[ info ] [ LANG ] /Users/lenyue/E HD/www/tp5bk30/framework/lang/zh-cn.php
[ info ] [ ROUTE ] array (
  'type' => 'module',
  'module' => 
  array (
    0 => NULL,
    1 => 'Base',
    2 => 'login',
  ),
  'convert' => false,
)
[ info ] [ HEADER ] array (
  'host' => 'bk.com',
  'connection' => 'keep-alive',
  'upgrade-insecure-requests' => '1',
  'user-agent' => 'Mozilla/5.0 (Macintosh; Intel Mac OS X 10_13_4) AppleWebKit/537.36 (KHTML, like Gecko) Chrome/66.0.3359.181 Safari/537.36',
  'accept' => 'text/html,application/xhtml+xml,application/xml;q=0.9,image/webp,image/apng,*/*;q=0.8',
  'referer' => 'http://bk.com/Admin-login-index.html',
  'accept-encoding' => 'gzip, deflate',
  'accept-language' => 'zh-CN,zh;q=0.9',
  'cookie' => 'PHPSESSID=d91d7301f8109c2aa054b1739a6fc698',
)
[ info ] [ PARAM ] array (
)
[ info ] [ DB ] INIT mysql
[ info ] [ CACHE ] INIT File
[ info ] [ RUN ] app\index\controller\Base->login[ /Users/lenyue/E HD/www/tp5bk30/application/index/controller/Base.php ]
[ info ] [ SESSION ] INIT array (
  'id' => '',
  'var_session_id' => '',
  'prefix' => 'think',
  'type' => '',
  'auto_start' => true,
)
[ info ] [ LOG ] INIT File
[ sql ] [ DB ] CONNECT:[ UseTime:0.000473s ] mysql:dbname=blog;host=127.0.0.1;port=3306;charset=utf8
[ sql ] [ SQL ] SHOW COLUMNS FROM `lt_menu` [ RunTime:0.007724s ]
[ sql ] [ SQL ] SELECT * FROM `lt_menu` WHERE  `menu_view` = 1 ORDER BY menu_sort [ RunTime:0.000647s ]
[ sql ] [ SQL ] SHOW COLUMNS FROM `lt_system` [ RunTime:0.005240s ]
[ sql ] [ SQL ] UPDATE `lt_system`  SET `sys_hits`=sys_hits+1  WHERE  `sys_id` = 1 [ RunTime:0.001815s ]
[ sql ] [ SQL ] SELECT * FROM `lt_system` LIMIT 1 [ RunTime:0.000617s ]
[ sql ] [ SQL ] SHOW COLUMNS FROM `lt_banner` [ RunTime:0.004450s ]
[ sql ] [ SQL ] SELECT * FROM `lt_banner` WHERE  `ban_view` = 1 [ RunTime:0.000385s ]
[ sql ] [ SQL ] SHOW COLUMNS FROM `lt_article` [ RunTime:0.004470s ]
[ sql ] [ SQL ] SELECT `art_id`,`art_keyword` FROM `lt_article` WHERE  (  art_view != 0 ) ORDER BY art_hit desc [ RunTime:0.000394s ]
[ sql ] [ SQL ] SELECT `art_id` FROM `lt_article` WHERE  (  art_view > 0 and art_down = 0  ) [ RunTime:0.000284s ]
[ sql ] [ SQL ] SELECT * FROM `lt_article` WHERE  `art_id` IN (0)  AND `art_down` = 0 [ RunTime:0.000349s ]
[ sql ] [ SQL ] SHOW COLUMNS FROM `lt_comment` [ RunTime:0.002611s ]
[ sql ] [ SQL ] SELECT `ac`.`com_id`,`ac`.`com_artid`,`ac`.`com_userid`,`m`.`mem_img`,`m`.`mem_name`,`ac`.`com_content`,`a`.`art_down` FROM `lt_comment` `ac` INNER JOIN `lt_article` `a` ON `a`.`art_id`=ac.com_artid and a.art_view > 0 INNER JOIN `lt_member` `m` ON `m`.`mem_id`=`ac`.`com_userid` WHERE  (  ac.com_view = 1 and ac.com_artid > 0 ) ORDER BY ac.com_id desc LIMIT 5 [ RunTime:0.000348s ]
[ sql ] [ SQL ] SELECT `c`.`com_id`,`c`.`com_content`,`m`.`mem_name`,`m`.`mem_img` FROM `lt_comment` `c` INNER JOIN `lt_member` `m` ON `m`.`mem_id`=`c`.`com_userid` WHERE  `com_artid` = 0 ORDER BY com_id desc LIMIT 5 [ RunTime:0.000326s ]
[ sql ] [ SQL ] SELECT `art_id`,`art_hit`,`art_title` FROM `lt_article` ORDER BY art_hit desc LIMIT 8 [ RunTime:0.000289s ]
[ sql ] [ SQL ] SELECT COUNT(*) AS tp_count FROM `lt_article` WHERE  (  art_view > 0 ) LIMIT 1 [ RunTime:0.000426s ]
[ sql ] [ SQL ] SELECT COUNT(*) AS tp_count FROM `lt_comment` WHERE  (  com_view = 1 and com_artid != 0 ) LIMIT 1 [ RunTime:0.000398s ]
[ sql ] [ SQL ] SELECT COUNT(*) AS tp_count FROM `lt_comment` WHERE  (  com_view= 1 and com_artid = 0 ) LIMIT 1 [ RunTime:0.000436s ]
[ sql ] [ SQL ] SELECT `art_id` FROM `lt_article` WHERE  (  art_view = 2 and art_down = 0  ) [ RunTime:0.000376s ]
[ sql ] [ SQL ] SELECT * FROM `lt_article` WHERE  `art_id` IN (0)  AND `art_down` = 0 [ RunTime:0.000412s ]
[ sql ] [ SQL ] SHOW COLUMNS FROM `lt_link` [ RunTime:0.004196s ]
[ sql ] [ SQL ] SELECT COUNT(*) AS tp_count FROM `lt_link` WHERE  `link_view` = 1 LIMIT 1 [ RunTime:0.000371s ]
[ sql ] [ SQL ] SELECT `art_id`,`art_title` FROM `lt_article` WHERE  `art_down` = 1 ORDER BY art_downloadnums desc LIMIT 4 [ RunTime:0.000399s ]

---------------------------------------------------------------
[ 2018-05-22T23:44:47+08:00 ] 127.0.0.1 127.0.0.1 GET /Admin-login-index.html
[ log ] bk.com/Admin-login-index.html [运行时间：0.029270s][吞吐率：34.16req/s] [内存消耗：2,082.70kb] [文件加载：48]
[ info ] [ LANG ] /Users/lenyue/E HD/www/tp5bk30/framework/lang/zh-cn.php
[ info ] [ ROUTE ] array (
  'type' => 'module',
  'module' => 
  array (
    0 => 'Admin',
    1 => 'login',
    2 => 'index',
  ),
)
[ info ] [ HEADER ] array (
  'host' => 'bk.com',
  'connection' => 'keep-alive',
  'cache-control' => 'max-age=0',
  'upgrade-insecure-requests' => '1',
  'user-agent' => 'Mozilla/5.0 (Macintosh; Intel Mac OS X 10_13_4) AppleWebKit/537.36 (KHTML, like Gecko) Chrome/66.0.3359.181 Safari/537.36',
  'accept' => 'text/html,application/xhtml+xml,application/xml;q=0.9,image/webp,image/apng,*/*;q=0.8',
  'accept-encoding' => 'gzip, deflate',
  'accept-language' => 'zh-CN,zh;q=0.9',
  'cookie' => 'PHPSESSID=d91d7301f8109c2aa054b1739a6fc698',
)
[ info ] [ PARAM ] array (
)
[ info ] [ RUN ] app\admin\controller\Login->index[ /Users/lenyue/E HD/www/tp5bk30/application/admin/controller/Login.php ]
[ info ] [ SESSION ] INIT array (
  'id' => '',
  'var_session_id' => '',
  'prefix' => 'think',
  'type' => '',
  'auto_start' => true,
)
[ info ] [ DB ] INIT mysql
[ info ] [ VIEW ] /Users/lenyue/E HD/www/tp5bk30/public/../application/admin/view/login/index.html [ array (
  0 => 'tip',
) ]
[ info ] [ LOG ] INIT File
[ sql ] [ DB ] CONNECT:[ UseTime:0.000421s ] mysql:dbname=blog;host=127.0.0.1;port=3306;charset=utf8
[ sql ] [ SQL ] SHOW COLUMNS FROM `lt_member` [ RunTime:0.008844s ]
[ sql ] [ SQL ] SELECT `mem_id` FROM `lt_member` WHERE  `mem_auth` = 1 [ RunTime:0.000420s ]

---------------------------------------------------------------
[ 2018-05-22T23:44:51+08:00 ] 127.0.0.1 127.0.0.1 GET /login-qq.html
[ log ] bk.com/login-qq.html [运行时间：0.287302s][吞吐率：3.48req/s] [内存消耗：2,410.90kb] [文件加载：60]
[ info ] [ LANG ] /Users/lenyue/E HD/www/tp5bk30/framework/lang/zh-cn.php
[ info ] [ ROUTE ] array (
  'type' => 'module',
  'module' => 
  array (
    0 => NULL,
    1 => 'Base',
    2 => 'login',
  ),
  'convert' => false,
)
[ info ] [ HEADER ] array (
  'host' => 'bk.com',
  'connection' => 'keep-alive',
  'upgrade-insecure-requests' => '1',
  'user-agent' => 'Mozilla/5.0 (Macintosh; Intel Mac OS X 10_13_4) AppleWebKit/537.36 (KHTML, like Gecko) Chrome/66.0.3359.181 Safari/537.36',
  'accept' => 'text/html,application/xhtml+xml,application/xml;q=0.9,image/webp,image/apng,*/*;q=0.8',
  'referer' => 'http://bk.com/Admin-login-index.html',
  'accept-encoding' => 'gzip, deflate',
  'accept-language' => 'zh-CN,zh;q=0.9',
  'cookie' => 'PHPSESSID=d91d7301f8109c2aa054b1739a6fc698',
)
[ info ] [ PARAM ] array (
)
[ info ] [ DB ] INIT mysql
[ info ] [ CACHE ] INIT File
[ info ] [ RUN ] app\index\controller\Base->login[ /Users/lenyue/E HD/www/tp5bk30/application/index/controller/Base.php ]
[ info ] [ SESSION ] INIT array (
  'id' => '',
  'var_session_id' => '',
  'prefix' => 'think',
  'type' => '',
  'auto_start' => true,
)
[ info ] [ LOG ] INIT File
[ sql ] [ DB ] CONNECT:[ UseTime:0.000557s ] mysql:dbname=blog;host=127.0.0.1;port=3306;charset=utf8
[ sql ] [ SQL ] SHOW COLUMNS FROM `lt_menu` [ RunTime:0.008956s ]
[ sql ] [ SQL ] SELECT * FROM `lt_menu` WHERE  `menu_view` = 1 ORDER BY menu_sort [ RunTime:0.000842s ]
[ sql ] [ SQL ] SHOW COLUMNS FROM `lt_system` [ RunTime:0.004755s ]
[ sql ] [ SQL ] UPDATE `lt_system`  SET `sys_hits`=sys_hits+1  WHERE  `sys_id` = 1 [ RunTime:0.001478s ]
[ sql ] [ SQL ] SELECT * FROM `lt_system` LIMIT 1 [ RunTime:0.000666s ]
[ sql ] [ SQL ] SHOW COLUMNS FROM `lt_banner` [ RunTime:0.003745s ]
[ sql ] [ SQL ] SELECT * FROM `lt_banner` WHERE  `ban_view` = 1 [ RunTime:0.000415s ]
[ sql ] [ SQL ] SHOW COLUMNS FROM `lt_article` [ RunTime:0.007898s ]
[ sql ] [ SQL ] SELECT `art_id`,`art_keyword` FROM `lt_article` WHERE  (  art_view != 0 ) ORDER BY art_hit desc [ RunTime:0.000530s ]
[ sql ] [ SQL ] SELECT `art_id` FROM `lt_article` WHERE  (  art_view > 0 and art_down = 0  ) [ RunTime:0.000385s ]
[ sql ] [ SQL ] SELECT * FROM `lt_article` WHERE  `art_id` IN (0)  AND `art_down` = 0 [ RunTime:0.000809s ]
[ sql ] [ SQL ] SHOW COLUMNS FROM `lt_comment` [ RunTime:0.003275s ]
[ sql ] [ SQL ] SELECT `ac`.`com_id`,`ac`.`com_artid`,`ac`.`com_userid`,`m`.`mem_img`,`m`.`mem_name`,`ac`.`com_content`,`a`.`art_down` FROM `lt_comment` `ac` INNER JOIN `lt_article` `a` ON `a`.`art_id`=ac.com_artid and a.art_view > 0 INNER JOIN `lt_member` `m` ON `m`.`mem_id`=`ac`.`com_userid` WHERE  (  ac.com_view = 1 and ac.com_artid > 0 ) ORDER BY ac.com_id desc LIMIT 5 [ RunTime:0.000481s ]
[ sql ] [ SQL ] SELECT `c`.`com_id`,`c`.`com_content`,`m`.`mem_name`,`m`.`mem_img` FROM `lt_comment` `c` INNER JOIN `lt_member` `m` ON `m`.`mem_id`=`c`.`com_userid` WHERE  `com_artid` = 0 ORDER BY com_id desc LIMIT 5 [ RunTime:0.000467s ]
[ sql ] [ SQL ] SELECT `art_id`,`art_hit`,`art_title` FROM `lt_article` ORDER BY art_hit desc LIMIT 8 [ RunTime:0.000432s ]
[ sql ] [ SQL ] SELECT COUNT(*) AS tp_count FROM `lt_article` WHERE  (  art_view > 0 ) LIMIT 1 [ RunTime:0.000518s ]
[ sql ] [ SQL ] SELECT COUNT(*) AS tp_count FROM `lt_comment` WHERE  (  com_view = 1 and com_artid != 0 ) LIMIT 1 [ RunTime:0.000405s ]
[ sql ] [ SQL ] SELECT COUNT(*) AS tp_count FROM `lt_comment` WHERE  (  com_view= 1 and com_artid = 0 ) LIMIT 1 [ RunTime:0.000380s ]
[ sql ] [ SQL ] SELECT `art_id` FROM `lt_article` WHERE  (  art_view = 2 and art_down = 0  ) [ RunTime:0.000297s ]
[ sql ] [ SQL ] SELECT * FROM `lt_article` WHERE  `art_id` IN (0)  AND `art_down` = 0 [ RunTime:0.000391s ]
[ sql ] [ SQL ] SHOW COLUMNS FROM `lt_link` [ RunTime:0.003919s ]
[ sql ] [ SQL ] SELECT COUNT(*) AS tp_count FROM `lt_link` WHERE  `link_view` = 1 LIMIT 1 [ RunTime:0.000375s ]
[ sql ] [ SQL ] SELECT `art_id`,`art_title` FROM `lt_article` WHERE  `art_down` = 1 ORDER BY art_downloadnums desc LIMIT 4 [ RunTime:0.000377s ]

---------------------------------------------------------------
