[ 2018-05-24T09:02:17+08:00 ] 127.0.0.1 127.0.0.1 GET /index.php?ctl=server&act=socket
[ log ] chats.com/index.php?ctl=server&act=socket [运行时间：0.344843s][吞吐率：2.90req/s] [内存消耗：2,414.84kb] [文件加载：57]
[ info ] [ LANG ] /Users/lenyue/E HD/www/tp5bk30/framework/lang/zh-cn.php
[ info ] [ ROUTE ] array (
  'type' => 'module',
  'module' => 
  array (
    0 => '',
    1 => NULL,
    2 => NULL,
  ),
)
[ info ] [ HEADER ] array (
  'host' => 'chats.com',
  'connection' => 'keep-alive',
  'user-agent' => 'Mozilla/5.0 (Macintosh; Intel Mac OS X 10_13_4) AppleWebKit/537.36 (KHTML, like Gecko) Chrome/66.0.3359.181 Safari/537.36',
  'accept' => '*/*',
  'referer' => 'http://chats.com/',
  'accept-encoding' => 'gzip, deflate',
  'accept-language' => 'zh-CN,zh;q=0.9',
  'cookie' => 'pgv_pvi=8971667456; pgv_si=s1073228800; thinkphp_show_page_trace=0|0; port=9093; PHPSESSID=4c414f83341d9a6253340f8d2b3c811e',
)
[ info ] [ PARAM ] array (
  'ctl' => 'server',
  'act' => 'socket',
)
[ info ] [ DB ] INIT mysql
[ info ] [ CACHE ] INIT File
[ info ] [ RUN ] app\index\controller\Index->index[ /Users/lenyue/E HD/www/tp5bk30/application/index/controller/Index.php ]
[ info ] [ VIEW ] /Users/lenyue/E HD/www/tp5bk30/public/../application/index/view/index_index.html [ array (
  0 => 'menuinfo',
  1 => 'systeminfo',
  2 => 'bannerlist',
  3 => 'siderdata',
  4 => 'footdata',
  5 => 'tips',
  6 => 'indexdata',
  7 => 'title',
) ]
[ info ] [ SESSION ] INIT array (
  'id' => '',
  'var_session_id' => '',
  'prefix' => 'think',
  'type' => '',
  'auto_start' => true,
)
[ info ] [ LOG ] INIT File
[ sql ] [ DB ] CONNECT:[ UseTime:0.000555s ] mysql:dbname=blog;host=127.0.0.1;port=3306;charset=utf8
[ sql ] [ SQL ] SHOW COLUMNS FROM `lt_menu` [ RunTime:0.004800s ]
[ sql ] [ SQL ] SELECT * FROM `lt_menu` WHERE  `menu_view` = 1 ORDER BY menu_sort [ RunTime:0.000649s ]
[ sql ] [ SQL ] SHOW COLUMNS FROM `lt_system` [ RunTime:0.004413s ]
[ sql ] [ SQL ] UPDATE `lt_system`  SET `sys_hits`=sys_hits+1  WHERE  `sys_id` = 1 [ RunTime:0.003250s ]
[ sql ] [ SQL ] SELECT * FROM `lt_system` LIMIT 1 [ RunTime:0.001024s ]
[ sql ] [ SQL ] SHOW COLUMNS FROM `lt_banner` [ RunTime:0.004191s ]
[ sql ] [ SQL ] SELECT * FROM `lt_banner` WHERE  `ban_view` = 1 [ RunTime:0.000830s ]
[ sql ] [ SQL ] SHOW COLUMNS FROM `lt_article` [ RunTime:0.005834s ]
[ sql ] [ SQL ] SELECT `art_id`,`art_keyword` FROM `lt_article` WHERE  (  art_view != 0 ) ORDER BY art_hit desc [ RunTime:0.000548s ]
[ sql ] [ SQL ] SELECT `art_id` FROM `lt_article` WHERE  (  art_view > 0 and art_down = 0  ) [ RunTime:0.000422s ]
[ sql ] [ SQL ] SELECT * FROM `lt_article` WHERE  `art_id` IN (0)  AND `art_down` = 0 [ RunTime:0.000381s ]
[ sql ] [ SQL ] SHOW COLUMNS FROM `lt_comment` [ RunTime:0.002675s ]
[ sql ] [ SQL ] SELECT `ac`.`com_id`,`ac`.`com_artid`,`ac`.`com_userid`,`m`.`mem_img`,`m`.`mem_name`,`ac`.`com_content`,`a`.`art_down` FROM `lt_comment` `ac` INNER JOIN `lt_article` `a` ON `a`.`art_id`=ac.com_artid and a.art_view > 0 INNER JOIN `lt_member` `m` ON `m`.`mem_id`=`ac`.`com_userid` WHERE  (  ac.com_view = 1 and ac.com_artid > 0 ) ORDER BY ac.com_id desc LIMIT 5 [ RunTime:0.000478s ]
[ sql ] [ SQL ] SELECT `c`.`com_id`,`c`.`com_content`,`m`.`mem_name`,`m`.`mem_img` FROM `lt_comment` `c` INNER JOIN `lt_member` `m` ON `m`.`mem_id`=`c`.`com_userid` WHERE  `com_artid` = 0 ORDER BY com_id desc LIMIT 5 [ RunTime:0.000406s ]
[ sql ] [ SQL ] SELECT `art_id`,`art_hit`,`art_title` FROM `lt_article` ORDER BY art_hit desc LIMIT 8 [ RunTime:0.000310s ]
[ sql ] [ SQL ] SELECT COUNT(*) AS tp_count FROM `lt_article` WHERE  (  art_view > 0 ) LIMIT 1 [ RunTime:0.000325s ]
[ sql ] [ SQL ] SELECT COUNT(*) AS tp_count FROM `lt_comment` WHERE  (  com_view = 1 and com_artid != 0 ) LIMIT 1 [ RunTime:0.000278s ]
[ sql ] [ SQL ] SELECT COUNT(*) AS tp_count FROM `lt_comment` WHERE  (  com_view= 1 and com_artid = 0 ) LIMIT 1 [ RunTime:0.000367s ]
[ sql ] [ SQL ] SELECT `art_id` FROM `lt_article` WHERE  (  art_view = 2 and art_down = 0  ) [ RunTime:0.000367s ]
[ sql ] [ SQL ] SELECT * FROM `lt_article` WHERE  `art_id` IN (0)  AND `art_down` = 0 [ RunTime:0.000401s ]
[ sql ] [ SQL ] SHOW COLUMNS FROM `lt_link` [ RunTime:0.003769s ]
[ sql ] [ SQL ] SELECT COUNT(*) AS tp_count FROM `lt_link` WHERE  `link_view` = 1 LIMIT 1 [ RunTime:0.000385s ]
[ sql ] [ SQL ] SELECT `art_id`,`art_title` FROM `lt_article` WHERE  `art_down` = 1 ORDER BY art_downloadnums desc LIMIT 4 [ RunTime:0.000360s ]
[ sql ] [ SQL ] SELECT `art_id`,`art_title`,`art_img`,`art_remark`,`art_keyword`,`art_view`,`art_hit`,`menu_name`,`art_original`,`nums` FROM `lt_article` LEFT JOIN (select count(*) nums,com_artid from lt_comment group by com_artid) c ON `c`.`com_artid`=`lt_article`.`art_id` INNER JOIN `lt_menu` `m` ON `m`.`menu_id`=`lt_article`.`art_pid` WHERE  (  art_view > 0 ) ORDER BY art_id desc LIMIT 0,5 [ RunTime:0.000819s ]
[ sql ] [ SQL ] SHOW COLUMNS FROM `lt_tip` [ RunTime:0.004347s ]
[ sql ] [ SQL ] SELECT * FROM `lt_tip` WHERE  `tip_view` = 1 [ RunTime:0.000379s ]

---------------------------------------------------------------
[ 2018-05-24T11:59:02+08:00 ] 127.0.0.1 127.0.0.1 GET /index.php?ctl=server&act=socket
[ log ] chats.com/index.php?ctl=server&act=socket [运行时间：0.237939s][吞吐率：4.20req/s] [内存消耗：2,414.84kb] [文件加载：57]
[ info ] [ LANG ] /Users/lenyue/E HD/www/tp5bk30/framework/lang/zh-cn.php
[ info ] [ ROUTE ] array (
  'type' => 'module',
  'module' => 
  array (
    0 => '',
    1 => NULL,
    2 => NULL,
  ),
)
[ info ] [ HEADER ] array (
  'host' => 'chats.com',
  'connection' => 'keep-alive',
  'user-agent' => 'Mozilla/5.0 (Macintosh; Intel Mac OS X 10_13_4) AppleWebKit/537.36 (KHTML, like Gecko) Chrome/66.0.3359.181 Safari/537.36',
  'accept' => '*/*',
  'referer' => 'http://chats.com/',
  'accept-encoding' => 'gzip, deflate',
  'accept-language' => 'zh-CN,zh;q=0.9',
  'cookie' => 'pgv_pvi=8971667456; pgv_si=s1073228800; thinkphp_show_page_trace=0|0; port=9093; PHPSESSID=4c414f83341d9a6253340f8d2b3c811e',
)
[ info ] [ PARAM ] array (
  'ctl' => 'server',
  'act' => 'socket',
)
[ info ] [ DB ] INIT mysql
[ info ] [ CACHE ] INIT File
[ info ] [ RUN ] app\index\controller\Index->index[ /Users/lenyue/E HD/www/tp5bk30/application/index/controller/Index.php ]
[ info ] [ VIEW ] /Users/lenyue/E HD/www/tp5bk30/public/../application/index/view/index_index.html [ array (
  0 => 'menuinfo',
  1 => 'systeminfo',
  2 => 'bannerlist',
  3 => 'siderdata',
  4 => 'footdata',
  5 => 'tips',
  6 => 'indexdata',
  7 => 'title',
) ]
[ info ] [ SESSION ] INIT array (
  'id' => '',
  'var_session_id' => '',
  'prefix' => 'think',
  'type' => '',
  'auto_start' => true,
)
[ info ] [ LOG ] INIT File
[ sql ] [ DB ] CONNECT:[ UseTime:0.000480s ] mysql:dbname=blog;host=127.0.0.1;port=3306;charset=utf8
[ sql ] [ SQL ] SHOW COLUMNS FROM `lt_menu` [ RunTime:0.003017s ]
[ sql ] [ SQL ] SELECT * FROM `lt_menu` WHERE  `menu_view` = 1 ORDER BY menu_sort [ RunTime:0.000515s ]
[ sql ] [ SQL ] SHOW COLUMNS FROM `lt_system` [ RunTime:0.003783s ]
[ sql ] [ SQL ] UPDATE `lt_system`  SET `sys_hits`=sys_hits+1  WHERE  `sys_id` = 1 [ RunTime:0.001414s ]
[ sql ] [ SQL ] SELECT * FROM `lt_system` LIMIT 1 [ RunTime:0.000482s ]
[ sql ] [ SQL ] SHOW COLUMNS FROM `lt_banner` [ RunTime:0.001920s ]
[ sql ] [ SQL ] SELECT * FROM `lt_banner` WHERE  `ban_view` = 1 [ RunTime:0.000310s ]
[ sql ] [ SQL ] SHOW COLUMNS FROM `lt_article` [ RunTime:0.002123s ]
[ sql ] [ SQL ] SELECT `art_id`,`art_keyword` FROM `lt_article` WHERE  (  art_view != 0 ) ORDER BY art_hit desc [ RunTime:0.000267s ]
[ sql ] [ SQL ] SELECT `art_id` FROM `lt_article` WHERE  (  art_view > 0 and art_down = 0  ) [ RunTime:0.000224s ]
[ sql ] [ SQL ] SELECT * FROM `lt_article` WHERE  `art_id` IN (0)  AND `art_down` = 0 [ RunTime:0.000298s ]
[ sql ] [ SQL ] SHOW COLUMNS FROM `lt_comment` [ RunTime:0.002150s ]
[ sql ] [ SQL ] SELECT `ac`.`com_id`,`ac`.`com_artid`,`ac`.`com_userid`,`m`.`mem_img`,`m`.`mem_name`,`ac`.`com_content`,`a`.`art_down` FROM `lt_comment` `ac` INNER JOIN `lt_article` `a` ON `a`.`art_id`=ac.com_artid and a.art_view > 0 INNER JOIN `lt_member` `m` ON `m`.`mem_id`=`ac`.`com_userid` WHERE  (  ac.com_view = 1 and ac.com_artid > 0 ) ORDER BY ac.com_id desc LIMIT 5 [ RunTime:0.000386s ]
[ sql ] [ SQL ] SELECT `c`.`com_id`,`c`.`com_content`,`m`.`mem_name`,`m`.`mem_img` FROM `lt_comment` `c` INNER JOIN `lt_member` `m` ON `m`.`mem_id`=`c`.`com_userid` WHERE  `com_artid` = 0 ORDER BY com_id desc LIMIT 5 [ RunTime:0.000308s ]
[ sql ] [ SQL ] SELECT `art_id`,`art_hit`,`art_title` FROM `lt_article` ORDER BY art_hit desc LIMIT 8 [ RunTime:0.000227s ]
[ sql ] [ SQL ] SELECT COUNT(*) AS tp_count FROM `lt_article` WHERE  (  art_view > 0 ) LIMIT 1 [ RunTime:0.000316s ]
[ sql ] [ SQL ] SELECT COUNT(*) AS tp_count FROM `lt_comment` WHERE  (  com_view = 1 and com_artid != 0 ) LIMIT 1 [ RunTime:0.000252s ]
[ sql ] [ SQL ] SELECT COUNT(*) AS tp_count FROM `lt_comment` WHERE  (  com_view= 1 and com_artid = 0 ) LIMIT 1 [ RunTime:0.000254s ]
[ sql ] [ SQL ] SELECT `art_id` FROM `lt_article` WHERE  (  art_view = 2 and art_down = 0  ) [ RunTime:0.000271s ]
[ sql ] [ SQL ] SELECT * FROM `lt_article` WHERE  `art_id` IN (0)  AND `art_down` = 0 [ RunTime:0.000367s ]
[ sql ] [ SQL ] SHOW COLUMNS FROM `lt_link` [ RunTime:0.002027s ]
[ sql ] [ SQL ] SELECT COUNT(*) AS tp_count FROM `lt_link` WHERE  `link_view` = 1 LIMIT 1 [ RunTime:0.000244s ]
[ sql ] [ SQL ] SELECT `art_id`,`art_title` FROM `lt_article` WHERE  `art_down` = 1 ORDER BY art_downloadnums desc LIMIT 4 [ RunTime:0.000234s ]
[ sql ] [ SQL ] SELECT `art_id`,`art_title`,`art_img`,`art_remark`,`art_keyword`,`art_view`,`art_hit`,`menu_name`,`art_original`,`nums` FROM `lt_article` LEFT JOIN (select count(*) nums,com_artid from lt_comment group by com_artid) c ON `c`.`com_artid`=`lt_article`.`art_id` INNER JOIN `lt_menu` `m` ON `m`.`menu_id`=`lt_article`.`art_pid` WHERE  (  art_view > 0 ) ORDER BY art_id desc LIMIT 0,5 [ RunTime:0.000582s ]
[ sql ] [ SQL ] SHOW COLUMNS FROM `lt_tip` [ RunTime:0.002241s ]
[ sql ] [ SQL ] SELECT * FROM `lt_tip` WHERE  `tip_view` = 1 [ RunTime:0.000343s ]

---------------------------------------------------------------
[ 2018-05-24T15:03:03+08:00 ] 127.0.0.1 127.0.0.1 GET /index.php?ctl=server&act=socket
[ log ] chats.com/index.php?ctl=server&act=socket [运行时间：0.623282s][吞吐率：1.60req/s] [内存消耗：2,414.84kb] [文件加载：57]
[ info ] [ LANG ] /Users/lenyue/E HD/www/tp5bk30/framework/lang/zh-cn.php
[ info ] [ ROUTE ] array (
  'type' => 'module',
  'module' => 
  array (
    0 => '',
    1 => NULL,
    2 => NULL,
  ),
)
[ info ] [ HEADER ] array (
  'host' => 'chats.com',
  'connection' => 'keep-alive',
  'user-agent' => 'Mozilla/5.0 (Macintosh; Intel Mac OS X 10_13_4) AppleWebKit/537.36 (KHTML, like Gecko) Chrome/66.0.3359.181 Safari/537.36',
  'accept' => '*/*',
  'referer' => 'http://chats.com/',
  'accept-encoding' => 'gzip, deflate',
  'accept-language' => 'zh-CN,zh;q=0.9',
  'cookie' => 'pgv_pvi=8971667456; pgv_si=s1073228800; thinkphp_show_page_trace=0|0; port=9093; PHPSESSID=4c414f83341d9a6253340f8d2b3c811e',
)
[ info ] [ PARAM ] array (
  'ctl' => 'server',
  'act' => 'socket',
)
[ info ] [ DB ] INIT mysql
[ info ] [ CACHE ] INIT File
[ info ] [ RUN ] app\index\controller\Index->index[ /Users/lenyue/E HD/www/tp5bk30/application/index/controller/Index.php ]
[ info ] [ VIEW ] /Users/lenyue/E HD/www/tp5bk30/public/../application/index/view/index_index.html [ array (
  0 => 'menuinfo',
  1 => 'systeminfo',
  2 => 'bannerlist',
  3 => 'siderdata',
  4 => 'footdata',
  5 => 'tips',
  6 => 'indexdata',
  7 => 'title',
) ]
[ info ] [ SESSION ] INIT array (
  'id' => '',
  'var_session_id' => '',
  'prefix' => 'think',
  'type' => '',
  'auto_start' => true,
)
[ info ] [ LOG ] INIT File
[ sql ] [ DB ] CONNECT:[ UseTime:0.099206s ] mysql:dbname=blog;host=127.0.0.1;port=3306;charset=utf8
[ sql ] [ SQL ] SHOW COLUMNS FROM `lt_menu` [ RunTime:0.014885s ]
[ sql ] [ SQL ] SELECT * FROM `lt_menu` WHERE  `menu_view` = 1 ORDER BY menu_sort [ RunTime:0.005526s ]
[ sql ] [ SQL ] SHOW COLUMNS FROM `lt_system` [ RunTime:0.004006s ]
[ sql ] [ SQL ] UPDATE `lt_system`  SET `sys_hits`=sys_hits+1  WHERE  `sys_id` = 1 [ RunTime:0.005208s ]
[ sql ] [ SQL ] SELECT * FROM `lt_system` LIMIT 1 [ RunTime:0.000844s ]
[ sql ] [ SQL ] SHOW COLUMNS FROM `lt_banner` [ RunTime:0.003557s ]
[ sql ] [ SQL ] SELECT * FROM `lt_banner` WHERE  `ban_view` = 1 [ RunTime:0.000475s ]
[ sql ] [ SQL ] SHOW COLUMNS FROM `lt_article` [ RunTime:0.004411s ]
[ sql ] [ SQL ] SELECT `art_id`,`art_keyword` FROM `lt_article` WHERE  (  art_view != 0 ) ORDER BY art_hit desc [ RunTime:0.000504s ]
[ sql ] [ SQL ] SELECT `art_id` FROM `lt_article` WHERE  (  art_view > 0 and art_down = 0  ) [ RunTime:0.000331s ]
[ sql ] [ SQL ] SELECT * FROM `lt_article` WHERE  `art_id` IN (0)  AND `art_down` = 0 [ RunTime:0.000415s ]
[ sql ] [ SQL ] SHOW COLUMNS FROM `lt_comment` [ RunTime:0.002597s ]
[ sql ] [ SQL ] SELECT `ac`.`com_id`,`ac`.`com_artid`,`ac`.`com_userid`,`m`.`mem_img`,`m`.`mem_name`,`ac`.`com_content`,`a`.`art_down` FROM `lt_comment` `ac` INNER JOIN `lt_article` `a` ON `a`.`art_id`=ac.com_artid and a.art_view > 0 INNER JOIN `lt_member` `m` ON `m`.`mem_id`=`ac`.`com_userid` WHERE  (  ac.com_view = 1 and ac.com_artid > 0 ) ORDER BY ac.com_id desc LIMIT 5 [ RunTime:0.000914s ]
[ sql ] [ SQL ] SELECT `c`.`com_id`,`c`.`com_content`,`m`.`mem_name`,`m`.`mem_img` FROM `lt_comment` `c` INNER JOIN `lt_member` `m` ON `m`.`mem_id`=`c`.`com_userid` WHERE  `com_artid` = 0 ORDER BY com_id desc LIMIT 5 [ RunTime:0.000318s ]
[ sql ] [ SQL ] SELECT `art_id`,`art_hit`,`art_title` FROM `lt_article` ORDER BY art_hit desc LIMIT 8 [ RunTime:0.000260s ]
[ sql ] [ SQL ] SELECT COUNT(*) AS tp_count FROM `lt_article` WHERE  (  art_view > 0 ) LIMIT 1 [ RunTime:0.000769s ]
[ sql ] [ SQL ] SELECT COUNT(*) AS tp_count FROM `lt_comment` WHERE  (  com_view = 1 and com_artid != 0 ) LIMIT 1 [ RunTime:0.000343s ]
[ sql ] [ SQL ] SELECT COUNT(*) AS tp_count FROM `lt_comment` WHERE  (  com_view= 1 and com_artid = 0 ) LIMIT 1 [ RunTime:0.000349s ]
[ sql ] [ SQL ] SELECT `art_id` FROM `lt_article` WHERE  (  art_view = 2 and art_down = 0  ) [ RunTime:0.000356s ]
[ sql ] [ SQL ] SELECT * FROM `lt_article` WHERE  `art_id` IN (0)  AND `art_down` = 0 [ RunTime:0.000421s ]
[ sql ] [ SQL ] SHOW COLUMNS FROM `lt_link` [ RunTime:0.002842s ]
[ sql ] [ SQL ] SELECT COUNT(*) AS tp_count FROM `lt_link` WHERE  `link_view` = 1 LIMIT 1 [ RunTime:0.000393s ]
[ sql ] [ SQL ] SELECT `art_id`,`art_title` FROM `lt_article` WHERE  `art_down` = 1 ORDER BY art_downloadnums desc LIMIT 4 [ RunTime:0.000341s ]
[ sql ] [ SQL ] SELECT `art_id`,`art_title`,`art_img`,`art_remark`,`art_keyword`,`art_view`,`art_hit`,`menu_name`,`art_original`,`nums` FROM `lt_article` LEFT JOIN (select count(*) nums,com_artid from lt_comment group by com_artid) c ON `c`.`com_artid`=`lt_article`.`art_id` INNER JOIN `lt_menu` `m` ON `m`.`menu_id`=`lt_article`.`art_pid` WHERE  (  art_view > 0 ) ORDER BY art_id desc LIMIT 0,5 [ RunTime:0.000767s ]
[ sql ] [ SQL ] SHOW COLUMNS FROM `lt_tip` [ RunTime:0.003734s ]
[ sql ] [ SQL ] SELECT * FROM `lt_tip` WHERE  `tip_view` = 1 [ RunTime:0.000377s ]

---------------------------------------------------------------
[ 2018-05-24T15:47:31+08:00 ] 127.0.0.1 127.0.0.1 GET /index.php?ctl=server&act=socket
[ log ] chats.com/index.php?ctl=server&act=socket [运行时间：0.257830s][吞吐率：3.88req/s] [内存消耗：2,414.84kb] [文件加载：57]
[ info ] [ LANG ] /Users/lenyue/E HD/www/tp5bk30/framework/lang/zh-cn.php
[ info ] [ ROUTE ] array (
  'type' => 'module',
  'module' => 
  array (
    0 => '',
    1 => NULL,
    2 => NULL,
  ),
)
[ info ] [ HEADER ] array (
  'host' => 'chats.com',
  'connection' => 'keep-alive',
  'user-agent' => 'Mozilla/5.0 (Macintosh; Intel Mac OS X 10_13_4) AppleWebKit/537.36 (KHTML, like Gecko) Chrome/66.0.3359.181 Safari/537.36',
  'accept' => '*/*',
  'referer' => 'http://chats.com/',
  'accept-encoding' => 'gzip, deflate',
  'accept-language' => 'zh-CN,zh;q=0.9',
  'cookie' => 'pgv_pvi=8971667456; pgv_si=s1073228800; thinkphp_show_page_trace=0|0; port=9093; PHPSESSID=4c414f83341d9a6253340f8d2b3c811e',
)
[ info ] [ PARAM ] array (
  'ctl' => 'server',
  'act' => 'socket',
)
[ info ] [ DB ] INIT mysql
[ info ] [ CACHE ] INIT File
[ info ] [ RUN ] app\index\controller\Index->index[ /Users/lenyue/E HD/www/tp5bk30/application/index/controller/Index.php ]
[ info ] [ VIEW ] /Users/lenyue/E HD/www/tp5bk30/public/../application/index/view/index_index.html [ array (
  0 => 'menuinfo',
  1 => 'systeminfo',
  2 => 'bannerlist',
  3 => 'siderdata',
  4 => 'footdata',
  5 => 'tips',
  6 => 'indexdata',
  7 => 'title',
) ]
[ info ] [ SESSION ] INIT array (
  'id' => '',
  'var_session_id' => '',
  'prefix' => 'think',
  'type' => '',
  'auto_start' => true,
)
[ info ] [ LOG ] INIT File
[ sql ] [ DB ] CONNECT:[ UseTime:0.001648s ] mysql:dbname=blog;host=127.0.0.1;port=3306;charset=utf8
[ sql ] [ SQL ] SHOW COLUMNS FROM `lt_menu` [ RunTime:0.002179s ]
[ sql ] [ SQL ] SELECT * FROM `lt_menu` WHERE  `menu_view` = 1 ORDER BY menu_sort [ RunTime:0.000458s ]
[ sql ] [ SQL ] SHOW COLUMNS FROM `lt_system` [ RunTime:0.002716s ]
[ sql ] [ SQL ] UPDATE `lt_system`  SET `sys_hits`=sys_hits+1  WHERE  `sys_id` = 1 [ RunTime:0.001558s ]
[ sql ] [ SQL ] SELECT * FROM `lt_system` LIMIT 1 [ RunTime:0.000495s ]
[ sql ] [ SQL ] SHOW COLUMNS FROM `lt_banner` [ RunTime:0.002144s ]
[ sql ] [ SQL ] SELECT * FROM `lt_banner` WHERE  `ban_view` = 1 [ RunTime:0.000285s ]
[ sql ] [ SQL ] SHOW COLUMNS FROM `lt_article` [ RunTime:0.002707s ]
[ sql ] [ SQL ] SELECT `art_id`,`art_keyword` FROM `lt_article` WHERE  (  art_view != 0 ) ORDER BY art_hit desc [ RunTime:0.000320s ]
[ sql ] [ SQL ] SELECT `art_id` FROM `lt_article` WHERE  (  art_view > 0 and art_down = 0  ) [ RunTime:0.000260s ]
[ sql ] [ SQL ] SELECT * FROM `lt_article` WHERE  `art_id` IN (0)  AND `art_down` = 0 [ RunTime:0.000354s ]
[ sql ] [ SQL ] SHOW COLUMNS FROM `lt_comment` [ RunTime:0.002098s ]
[ sql ] [ SQL ] SELECT `ac`.`com_id`,`ac`.`com_artid`,`ac`.`com_userid`,`m`.`mem_img`,`m`.`mem_name`,`ac`.`com_content`,`a`.`art_down` FROM `lt_comment` `ac` INNER JOIN `lt_article` `a` ON `a`.`art_id`=ac.com_artid and a.art_view > 0 INNER JOIN `lt_member` `m` ON `m`.`mem_id`=`ac`.`com_userid` WHERE  (  ac.com_view = 1 and ac.com_artid > 0 ) ORDER BY ac.com_id desc LIMIT 5 [ RunTime:0.000347s ]
[ sql ] [ SQL ] SELECT `c`.`com_id`,`c`.`com_content`,`m`.`mem_name`,`m`.`mem_img` FROM `lt_comment` `c` INNER JOIN `lt_member` `m` ON `m`.`mem_id`=`c`.`com_userid` WHERE  `com_artid` = 0 ORDER BY com_id desc LIMIT 5 [ RunTime:0.000239s ]
[ sql ] [ SQL ] SELECT `art_id`,`art_hit`,`art_title` FROM `lt_article` ORDER BY art_hit desc LIMIT 8 [ RunTime:0.000236s ]
[ sql ] [ SQL ] SELECT COUNT(*) AS tp_count FROM `lt_article` WHERE  (  art_view > 0 ) LIMIT 1 [ RunTime:0.000334s ]
[ sql ] [ SQL ] SELECT COUNT(*) AS tp_count FROM `lt_comment` WHERE  (  com_view = 1 and com_artid != 0 ) LIMIT 1 [ RunTime:0.000295s ]
[ sql ] [ SQL ] SELECT COUNT(*) AS tp_count FROM `lt_comment` WHERE  (  com_view= 1 and com_artid = 0 ) LIMIT 1 [ RunTime:0.000285s ]
[ sql ] [ SQL ] SELECT `art_id` FROM `lt_article` WHERE  (  art_view = 2 and art_down = 0  ) [ RunTime:0.000288s ]
[ sql ] [ SQL ] SELECT * FROM `lt_article` WHERE  `art_id` IN (0)  AND `art_down` = 0 [ RunTime:0.000415s ]
[ sql ] [ SQL ] SHOW COLUMNS FROM `lt_link` [ RunTime:0.003548s ]
[ sql ] [ SQL ] SELECT COUNT(*) AS tp_count FROM `lt_link` WHERE  `link_view` = 1 LIMIT 1 [ RunTime:0.000280s ]
[ sql ] [ SQL ] SELECT `art_id`,`art_title` FROM `lt_article` WHERE  `art_down` = 1 ORDER BY art_downloadnums desc LIMIT 4 [ RunTime:0.000268s ]
[ sql ] [ SQL ] SELECT `art_id`,`art_title`,`art_img`,`art_remark`,`art_keyword`,`art_view`,`art_hit`,`menu_name`,`art_original`,`nums` FROM `lt_article` LEFT JOIN (select count(*) nums,com_artid from lt_comment group by com_artid) c ON `c`.`com_artid`=`lt_article`.`art_id` INNER JOIN `lt_menu` `m` ON `m`.`menu_id`=`lt_article`.`art_pid` WHERE  (  art_view > 0 ) ORDER BY art_id desc LIMIT 0,5 [ RunTime:0.000554s ]
[ sql ] [ SQL ] SHOW COLUMNS FROM `lt_tip` [ RunTime:0.002011s ]
[ sql ] [ SQL ] SELECT * FROM `lt_tip` WHERE  `tip_view` = 1 [ RunTime:0.000348s ]

---------------------------------------------------------------
[ 2018-05-24T15:50:35+08:00 ] 127.0.0.1 127.0.0.1 GET /
[ log ] chats.com/ [运行时间：0.313985s][吞吐率：3.18req/s] [内存消耗：2,414.23kb] [文件加载：57]
[ info ] [ LANG ] /Users/lenyue/E HD/www/tp5bk30/framework/lang/zh-cn.php
[ info ] [ ROUTE ] array (
  'type' => 'module',
  'module' => 
  array (
    0 => '',
    1 => NULL,
    2 => NULL,
  ),
)
[ info ] [ HEADER ] array (
  'host' => 'chats.com',
  'connection' => 'keep-alive',
  'upgrade-insecure-requests' => '1',
  'user-agent' => 'Mozilla/5.0 (Macintosh; Intel Mac OS X 10_13_4) AppleWebKit/537.36 (KHTML, like Gecko) Chrome/66.0.3359.181 Safari/537.36',
  'accept' => 'text/html,application/xhtml+xml,application/xml;q=0.9,image/webp,image/apng,*/*;q=0.8',
  'accept-encoding' => 'gzip, deflate',
  'accept-language' => 'zh-CN,zh;q=0.9',
  'cookie' => 'pgv_pvi=8971667456; pgv_si=s1073228800; thinkphp_show_page_trace=0|0; port=9093; PHPSESSID=4c414f83341d9a6253340f8d2b3c811e',
)
[ info ] [ PARAM ] array (
)
[ info ] [ DB ] INIT mysql
[ info ] [ CACHE ] INIT File
[ info ] [ RUN ] app\index\controller\Index->index[ /Users/lenyue/E HD/www/tp5bk30/application/index/controller/Index.php ]
[ info ] [ VIEW ] /Users/lenyue/E HD/www/tp5bk30/public/../application/index/view/index_index.html [ array (
  0 => 'menuinfo',
  1 => 'systeminfo',
  2 => 'bannerlist',
  3 => 'siderdata',
  4 => 'footdata',
  5 => 'tips',
  6 => 'indexdata',
  7 => 'title',
) ]
[ info ] [ SESSION ] INIT array (
  'id' => '',
  'var_session_id' => '',
  'prefix' => 'think',
  'type' => '',
  'auto_start' => true,
)
[ info ] [ LOG ] INIT File
[ sql ] [ DB ] CONNECT:[ UseTime:0.000617s ] mysql:dbname=blog;host=127.0.0.1;port=3306;charset=utf8
[ sql ] [ SQL ] SHOW COLUMNS FROM `lt_menu` [ RunTime:0.004563s ]
[ sql ] [ SQL ] SELECT * FROM `lt_menu` WHERE  `menu_view` = 1 ORDER BY menu_sort [ RunTime:0.000556s ]
[ sql ] [ SQL ] SHOW COLUMNS FROM `lt_system` [ RunTime:0.004296s ]
[ sql ] [ SQL ] UPDATE `lt_system`  SET `sys_hits`=sys_hits+1  WHERE  `sys_id` = 1 [ RunTime:0.000867s ]
[ sql ] [ SQL ] SELECT * FROM `lt_system` LIMIT 1 [ RunTime:0.000413s ]
[ sql ] [ SQL ] SHOW COLUMNS FROM `lt_banner` [ RunTime:0.004855s ]
[ sql ] [ SQL ] SELECT * FROM `lt_banner` WHERE  `ban_view` = 1 [ RunTime:0.000391s ]
[ sql ] [ SQL ] SHOW COLUMNS FROM `lt_article` [ RunTime:0.005517s ]
[ sql ] [ SQL ] SELECT `art_id`,`art_keyword` FROM `lt_article` WHERE  (  art_view != 0 ) ORDER BY art_hit desc [ RunTime:0.000399s ]
[ sql ] [ SQL ] SELECT `art_id` FROM `lt_article` WHERE  (  art_view > 0 and art_down = 0  ) [ RunTime:0.000467s ]
[ sql ] [ SQL ] SELECT * FROM `lt_article` WHERE  `art_id` IN (0)  AND `art_down` = 0 [ RunTime:0.000628s ]
[ sql ] [ SQL ] SHOW COLUMNS FROM `lt_comment` [ RunTime:0.002311s ]
[ sql ] [ SQL ] SELECT `ac`.`com_id`,`ac`.`com_artid`,`ac`.`com_userid`,`m`.`mem_img`,`m`.`mem_name`,`ac`.`com_content`,`a`.`art_down` FROM `lt_comment` `ac` INNER JOIN `lt_article` `a` ON `a`.`art_id`=ac.com_artid and a.art_view > 0 INNER JOIN `lt_member` `m` ON `m`.`mem_id`=`ac`.`com_userid` WHERE  (  ac.com_view = 1 and ac.com_artid > 0 ) ORDER BY ac.com_id desc LIMIT 5 [ RunTime:0.000356s ]
[ sql ] [ SQL ] SELECT `c`.`com_id`,`c`.`com_content`,`m`.`mem_name`,`m`.`mem_img` FROM `lt_comment` `c` INNER JOIN `lt_member` `m` ON `m`.`mem_id`=`c`.`com_userid` WHERE  `com_artid` = 0 ORDER BY com_id desc LIMIT 5 [ RunTime:0.000298s ]
[ sql ] [ SQL ] SELECT `art_id`,`art_hit`,`art_title` FROM `lt_article` ORDER BY art_hit desc LIMIT 8 [ RunTime:0.000236s ]
[ sql ] [ SQL ] SELECT COUNT(*) AS tp_count FROM `lt_article` WHERE  (  art_view > 0 ) LIMIT 1 [ RunTime:0.000528s ]
[ sql ] [ SQL ] SELECT COUNT(*) AS tp_count FROM `lt_comment` WHERE  (  com_view = 1 and com_artid != 0 ) LIMIT 1 [ RunTime:0.000385s ]
[ sql ] [ SQL ] SELECT COUNT(*) AS tp_count FROM `lt_comment` WHERE  (  com_view= 1 and com_artid = 0 ) LIMIT 1 [ RunTime:0.000348s ]
[ sql ] [ SQL ] SELECT `art_id` FROM `lt_article` WHERE  (  art_view = 2 and art_down = 0  ) [ RunTime:0.000298s ]
[ sql ] [ SQL ] SELECT * FROM `lt_article` WHERE  `art_id` IN (0)  AND `art_down` = 0 [ RunTime:0.000371s ]
[ sql ] [ SQL ] SHOW COLUMNS FROM `lt_link` [ RunTime:0.004275s ]
[ sql ] [ SQL ] SELECT COUNT(*) AS tp_count FROM `lt_link` WHERE  `link_view` = 1 LIMIT 1 [ RunTime:0.000302s ]
[ sql ] [ SQL ] SELECT `art_id`,`art_title` FROM `lt_article` WHERE  `art_down` = 1 ORDER BY art_downloadnums desc LIMIT 4 [ RunTime:0.000311s ]
[ sql ] [ SQL ] SELECT `art_id`,`art_title`,`art_img`,`art_remark`,`art_keyword`,`art_view`,`art_hit`,`menu_name`,`art_original`,`nums` FROM `lt_article` LEFT JOIN (select count(*) nums,com_artid from lt_comment group by com_artid) c ON `c`.`com_artid`=`lt_article`.`art_id` INNER JOIN `lt_menu` `m` ON `m`.`menu_id`=`lt_article`.`art_pid` WHERE  (  art_view > 0 ) ORDER BY art_id desc LIMIT 0,5 [ RunTime:0.000476s ]
[ sql ] [ SQL ] SHOW COLUMNS FROM `lt_tip` [ RunTime:0.001863s ]
[ sql ] [ SQL ] SELECT * FROM `lt_tip` WHERE  `tip_view` = 1 [ RunTime:0.000231s ]

---------------------------------------------------------------
[ 2018-05-24T17:44:42+08:00 ] 127.0.0.1 127.0.0.1 GET /
[ log ] chats.com/ [运行时间：0.329384s][吞吐率：3.04req/s] [内存消耗：2,414.23kb] [文件加载：57]
[ info ] [ LANG ] /Users/lenyue/E HD/www/tp5bk30/framework/lang/zh-cn.php
[ info ] [ ROUTE ] array (
  'type' => 'module',
  'module' => 
  array (
    0 => '',
    1 => NULL,
    2 => NULL,
  ),
)
[ info ] [ HEADER ] array (
  'host' => 'chats.com',
  'connection' => 'keep-alive',
  'upgrade-insecure-requests' => '1',
  'user-agent' => 'Mozilla/5.0 (Macintosh; Intel Mac OS X 10_13_4) AppleWebKit/537.36 (KHTML, like Gecko) Chrome/66.0.3359.181 Safari/537.36',
  'accept' => 'text/html,application/xhtml+xml,application/xml;q=0.9,image/webp,image/apng,*/*;q=0.8',
  'accept-encoding' => 'gzip, deflate',
  'accept-language' => 'zh-CN,zh;q=0.9',
  'cookie' => 'pgv_pvi=8971667456; pgv_si=s1073228800; thinkphp_show_page_trace=0|0; port=9093; PHPSESSID=4c414f83341d9a6253340f8d2b3c811e',
)
[ info ] [ PARAM ] array (
)
[ info ] [ DB ] INIT mysql
[ info ] [ CACHE ] INIT File
[ info ] [ RUN ] app\index\controller\Index->index[ /Users/lenyue/E HD/www/tp5bk30/application/index/controller/Index.php ]
[ info ] [ VIEW ] /Users/lenyue/E HD/www/tp5bk30/public/../application/index/view/index_index.html [ array (
  0 => 'menuinfo',
  1 => 'systeminfo',
  2 => 'bannerlist',
  3 => 'siderdata',
  4 => 'footdata',
  5 => 'tips',
  6 => 'indexdata',
  7 => 'title',
) ]
[ info ] [ SESSION ] INIT array (
  'id' => '',
  'var_session_id' => '',
  'prefix' => 'think',
  'type' => '',
  'auto_start' => true,
)
[ info ] [ LOG ] INIT File
[ sql ] [ DB ] CONNECT:[ UseTime:0.000632s ] mysql:dbname=blog;host=127.0.0.1;port=3306;charset=utf8
[ sql ] [ SQL ] SHOW COLUMNS FROM `lt_menu` [ RunTime:0.003440s ]
[ sql ] [ SQL ] SELECT * FROM `lt_menu` WHERE  `menu_view` = 1 ORDER BY menu_sort [ RunTime:0.002831s ]
[ sql ] [ SQL ] SHOW COLUMNS FROM `lt_system` [ RunTime:0.004260s ]
[ sql ] [ SQL ] UPDATE `lt_system`  SET `sys_hits`=sys_hits+1  WHERE  `sys_id` = 1 [ RunTime:0.000900s ]
[ sql ] [ SQL ] SELECT * FROM `lt_system` LIMIT 1 [ RunTime:0.000470s ]
[ sql ] [ SQL ] SHOW COLUMNS FROM `lt_banner` [ RunTime:0.003735s ]
[ sql ] [ SQL ] SELECT * FROM `lt_banner` WHERE  `ban_view` = 1 [ RunTime:0.000427s ]
[ sql ] [ SQL ] SHOW COLUMNS FROM `lt_article` [ RunTime:0.005027s ]
[ sql ] [ SQL ] SELECT `art_id`,`art_keyword` FROM `lt_article` WHERE  (  art_view != 0 ) ORDER BY art_hit desc [ RunTime:0.000364s ]
[ sql ] [ SQL ] SELECT `art_id` FROM `lt_article` WHERE  (  art_view > 0 and art_down = 0  ) [ RunTime:0.000509s ]
[ sql ] [ SQL ] SELECT * FROM `lt_article` WHERE  `art_id` IN (0)  AND `art_down` = 0 [ RunTime:0.000458s ]
[ sql ] [ SQL ] SHOW COLUMNS FROM `lt_comment` [ RunTime:0.003017s ]
[ sql ] [ SQL ] SELECT `ac`.`com_id`,`ac`.`com_artid`,`ac`.`com_userid`,`m`.`mem_img`,`m`.`mem_name`,`ac`.`com_content`,`a`.`art_down` FROM `lt_comment` `ac` INNER JOIN `lt_article` `a` ON `a`.`art_id`=ac.com_artid and a.art_view > 0 INNER JOIN `lt_member` `m` ON `m`.`mem_id`=`ac`.`com_userid` WHERE  (  ac.com_view = 1 and ac.com_artid > 0 ) ORDER BY ac.com_id desc LIMIT 5 [ RunTime:0.000582s ]
[ sql ] [ SQL ] SELECT `c`.`com_id`,`c`.`com_content`,`m`.`mem_name`,`m`.`mem_img` FROM `lt_comment` `c` INNER JOIN `lt_member` `m` ON `m`.`mem_id`=`c`.`com_userid` WHERE  `com_artid` = 0 ORDER BY com_id desc LIMIT 5 [ RunTime:0.000541s ]
[ sql ] [ SQL ] SELECT `art_id`,`art_hit`,`art_title` FROM `lt_article` ORDER BY art_hit desc LIMIT 8 [ RunTime:0.000456s ]
[ sql ] [ SQL ] SELECT COUNT(*) AS tp_count FROM `lt_article` WHERE  (  art_view > 0 ) LIMIT 1 [ RunTime:0.000376s ]
[ sql ] [ SQL ] SELECT COUNT(*) AS tp_count FROM `lt_comment` WHERE  (  com_view = 1 and com_artid != 0 ) LIMIT 1 [ RunTime:0.000342s ]
[ sql ] [ SQL ] SELECT COUNT(*) AS tp_count FROM `lt_comment` WHERE  (  com_view= 1 and com_artid = 0 ) LIMIT 1 [ RunTime:0.000923s ]
[ sql ] [ SQL ] SELECT `art_id` FROM `lt_article` WHERE  (  art_view = 2 and art_down = 0  ) [ RunTime:0.000415s ]
[ sql ] [ SQL ] SELECT * FROM `lt_article` WHERE  `art_id` IN (0)  AND `art_down` = 0 [ RunTime:0.000893s ]
[ sql ] [ SQL ] SHOW COLUMNS FROM `lt_link` [ RunTime:0.005370s ]
[ sql ] [ SQL ] SELECT COUNT(*) AS tp_count FROM `lt_link` WHERE  `link_view` = 1 LIMIT 1 [ RunTime:0.001074s ]
[ sql ] [ SQL ] SELECT `art_id`,`art_title` FROM `lt_article` WHERE  `art_down` = 1 ORDER BY art_downloadnums desc LIMIT 4 [ RunTime:0.000413s ]
[ sql ] [ SQL ] SELECT `art_id`,`art_title`,`art_img`,`art_remark`,`art_keyword`,`art_view`,`art_hit`,`menu_name`,`art_original`,`nums` FROM `lt_article` LEFT JOIN (select count(*) nums,com_artid from lt_comment group by com_artid) c ON `c`.`com_artid`=`lt_article`.`art_id` INNER JOIN `lt_menu` `m` ON `m`.`menu_id`=`lt_article`.`art_pid` WHERE  (  art_view > 0 ) ORDER BY art_id desc LIMIT 0,5 [ RunTime:0.000607s ]
[ sql ] [ SQL ] SHOW COLUMNS FROM `lt_tip` [ RunTime:0.004066s ]
[ sql ] [ SQL ] SELECT * FROM `lt_tip` WHERE  `tip_view` = 1 [ RunTime:0.000472s ]

---------------------------------------------------------------
