[ 2018-05-26T00:33:48+08:00 ] 127.0.0.1 127.0.0.1 GET /
[ log ] chats.com/ [运行时间：0.801650s][吞吐率：1.25req/s] [内存消耗：2,414.22kb] [文件加载：57]
[ info ] [ LANG ] /Users/lenyue/E HD/www/tp5bk30/framework/lang/zh-cn.php
[ info ] [ ROUTE ] array (
  'type' => 'module',
  'module' => 
  array (
    0 => '',
    1 => NULL,
    2 => NULL,
  ),
)
[ info ] [ HEADER ] array (
  'host' => 'chats.com',
  'connection' => 'keep-alive',
  'upgrade-insecure-requests' => '1',
  'user-agent' => 'Mozilla/5.0 (Macintosh; Intel Mac OS X 10_13_4) AppleWebKit/537.36 (KHTML, like Gecko) Chrome/66.0.3359.181 Safari/537.36',
  'accept' => 'text/html,application/xhtml+xml,application/xml;q=0.9,image/webp,image/apng,*/*;q=0.8',
  'accept-encoding' => 'gzip, deflate',
  'accept-language' => 'zh-CN,zh;q=0.9',
  'cookie' => 'pgv_pvi=8971667456; pgv_si=s1073228800; thinkphp_show_page_trace=0|0; port=9093; PHPSESSID=4c414f83341d9a6253340f8d2b3c811e',
)
[ info ] [ PARAM ] array (
)
[ info ] [ DB ] INIT mysql
[ info ] [ CACHE ] INIT File
[ info ] [ RUN ] app\index\controller\Index->index[ /Users/lenyue/E HD/www/tp5bk30/application/index/controller/Index.php ]
[ info ] [ VIEW ] /Users/lenyue/E HD/www/tp5bk30/public/../application/index/view/index_index.html [ array (
  0 => 'menuinfo',
  1 => 'systeminfo',
  2 => 'bannerlist',
  3 => 'siderdata',
  4 => 'footdata',
  5 => 'tips',
  6 => 'indexdata',
  7 => 'title',
) ]
[ info ] [ SESSION ] INIT array (
  'id' => '',
  'var_session_id' => '',
  'prefix' => 'think',
  'type' => '',
  'auto_start' => true,
)
[ info ] [ LOG ] INIT File
[ sql ] [ DB ] CONNECT:[ UseTime:0.000642s ] mysql:dbname=blog;host=127.0.0.1;port=3306;charset=utf8
[ sql ] [ SQL ] SHOW COLUMNS FROM `lt_menu` [ RunTime:0.002821s ]
[ sql ] [ SQL ] SELECT * FROM `lt_menu` WHERE  `menu_view` = 1 ORDER BY menu_sort [ RunTime:0.001436s ]
[ sql ] [ SQL ] SHOW COLUMNS FROM `lt_system` [ RunTime:0.002539s ]
[ sql ] [ SQL ] UPDATE `lt_system`  SET `sys_hits`=sys_hits+1  WHERE  `sys_id` = 1 [ RunTime:0.002167s ]
[ sql ] [ SQL ] SELECT * FROM `lt_system` LIMIT 1 [ RunTime:0.000416s ]
[ sql ] [ SQL ] SHOW COLUMNS FROM `lt_banner` [ RunTime:0.003940s ]
[ sql ] [ SQL ] SELECT * FROM `lt_banner` WHERE  `ban_view` = 1 [ RunTime:0.000373s ]
[ sql ] [ SQL ] SHOW COLUMNS FROM `lt_article` [ RunTime:0.003548s ]
[ sql ] [ SQL ] SELECT `art_id`,`art_keyword` FROM `lt_article` WHERE  (  art_view != 0 ) ORDER BY art_hit desc [ RunTime:0.000339s ]
[ sql ] [ SQL ] SELECT `art_id` FROM `lt_article` WHERE  (  art_view > 0 and art_down = 0  ) [ RunTime:0.000575s ]
[ sql ] [ SQL ] SELECT * FROM `lt_article` WHERE  `art_id` IN (0)  AND `art_down` = 0 [ RunTime:0.000649s ]
[ sql ] [ SQL ] SHOW COLUMNS FROM `lt_comment` [ RunTime:0.004747s ]
[ sql ] [ SQL ] SELECT `ac`.`com_id`,`ac`.`com_artid`,`ac`.`com_userid`,`m`.`mem_img`,`m`.`mem_name`,`ac`.`com_content`,`a`.`art_down` FROM `lt_comment` `ac` INNER JOIN `lt_article` `a` ON `a`.`art_id`=ac.com_artid and a.art_view > 0 INNER JOIN `lt_member` `m` ON `m`.`mem_id`=`ac`.`com_userid` WHERE  (  ac.com_view = 1 and ac.com_artid > 0 ) ORDER BY ac.com_id desc LIMIT 5 [ RunTime:0.000600s ]
[ sql ] [ SQL ] SELECT `c`.`com_id`,`c`.`com_content`,`m`.`mem_name`,`m`.`mem_img` FROM `lt_comment` `c` INNER JOIN `lt_member` `m` ON `m`.`mem_id`=`c`.`com_userid` WHERE  `com_artid` = 0 ORDER BY com_id desc LIMIT 5 [ RunTime:0.001446s ]
[ sql ] [ SQL ] SELECT `art_id`,`art_hit`,`art_title` FROM `lt_article` ORDER BY art_hit desc LIMIT 8 [ RunTime:0.000439s ]
[ sql ] [ SQL ] SELECT COUNT(*) AS tp_count FROM `lt_article` WHERE  (  art_view > 0 ) LIMIT 1 [ RunTime:0.000319s ]
[ sql ] [ SQL ] SELECT COUNT(*) AS tp_count FROM `lt_comment` WHERE  (  com_view = 1 and com_artid != 0 ) LIMIT 1 [ RunTime:0.000265s ]
[ sql ] [ SQL ] SELECT COUNT(*) AS tp_count FROM `lt_comment` WHERE  (  com_view= 1 and com_artid = 0 ) LIMIT 1 [ RunTime:0.000288s ]
[ sql ] [ SQL ] SELECT `art_id` FROM `lt_article` WHERE  (  art_view = 2 and art_down = 0  ) [ RunTime:0.000251s ]
[ sql ] [ SQL ] SELECT * FROM `lt_article` WHERE  `art_id` IN (0)  AND `art_down` = 0 [ RunTime:0.000423s ]
[ sql ] [ SQL ] SHOW COLUMNS FROM `lt_link` [ RunTime:0.004258s ]
[ sql ] [ SQL ] SELECT COUNT(*) AS tp_count FROM `lt_link` WHERE  `link_view` = 1 LIMIT 1 [ RunTime:0.000429s ]
[ sql ] [ SQL ] SELECT `art_id`,`art_title` FROM `lt_article` WHERE  `art_down` = 1 ORDER BY art_downloadnums desc LIMIT 4 [ RunTime:0.000522s ]
[ sql ] [ SQL ] SELECT `art_id`,`art_title`,`art_img`,`art_remark`,`art_keyword`,`art_view`,`art_hit`,`menu_name`,`art_original`,`nums` FROM `lt_article` LEFT JOIN (select count(*) nums,com_artid from lt_comment group by com_artid) c ON `c`.`com_artid`=`lt_article`.`art_id` INNER JOIN `lt_menu` `m` ON `m`.`menu_id`=`lt_article`.`art_pid` WHERE  (  art_view > 0 ) ORDER BY art_id desc LIMIT 0,5 [ RunTime:0.000584s ]
[ sql ] [ SQL ] SHOW COLUMNS FROM `lt_tip` [ RunTime:0.002774s ]
[ sql ] [ SQL ] SELECT * FROM `lt_tip` WHERE  `tip_view` = 1 [ RunTime:0.000452s ]

---------------------------------------------------------------
[ 2018-05-26T13:12:49+08:00 ] 127.0.0.1 127.0.0.1 GET /
[ log ] chats.com/ [运行时间：0.436600s][吞吐率：2.29req/s] [内存消耗：2,414.23kb] [文件加载：57]
[ info ] [ LANG ] /Users/lenyue/E HD/www/tp5bk30/framework/lang/zh-cn.php
[ info ] [ ROUTE ] array (
  'type' => 'module',
  'module' => 
  array (
    0 => '',
    1 => NULL,
    2 => NULL,
  ),
)
[ info ] [ HEADER ] array (
  'host' => 'chats.com',
  'connection' => 'keep-alive',
  'upgrade-insecure-requests' => '1',
  'user-agent' => 'Mozilla/5.0 (Macintosh; Intel Mac OS X 10_13_4) AppleWebKit/537.36 (KHTML, like Gecko) Chrome/66.0.3359.181 Safari/537.36',
  'accept' => 'text/html,application/xhtml+xml,application/xml;q=0.9,image/webp,image/apng,*/*;q=0.8',
  'accept-encoding' => 'gzip, deflate',
  'accept-language' => 'zh-CN,zh;q=0.9',
  'cookie' => 'pgv_pvi=8971667456; pgv_si=s1073228800; thinkphp_show_page_trace=0|0; port=9093; PHPSESSID=4c414f83341d9a6253340f8d2b3c811e',
)
[ info ] [ PARAM ] array (
)
[ info ] [ DB ] INIT mysql
[ info ] [ CACHE ] INIT File
[ info ] [ RUN ] app\index\controller\Index->index[ /Users/lenyue/E HD/www/tp5bk30/application/index/controller/Index.php ]
[ info ] [ VIEW ] /Users/lenyue/E HD/www/tp5bk30/public/../application/index/view/index_index.html [ array (
  0 => 'menuinfo',
  1 => 'systeminfo',
  2 => 'bannerlist',
  3 => 'siderdata',
  4 => 'footdata',
  5 => 'tips',
  6 => 'indexdata',
  7 => 'title',
) ]
[ info ] [ SESSION ] INIT array (
  'id' => '',
  'var_session_id' => '',
  'prefix' => 'think',
  'type' => '',
  'auto_start' => true,
)
[ info ] [ LOG ] INIT File
[ sql ] [ DB ] CONNECT:[ UseTime:0.000452s ] mysql:dbname=blog;host=127.0.0.1;port=3306;charset=utf8
[ sql ] [ SQL ] SHOW COLUMNS FROM `lt_menu` [ RunTime:0.002612s ]
[ sql ] [ SQL ] SELECT * FROM `lt_menu` WHERE  `menu_view` = 1 ORDER BY menu_sort [ RunTime:0.000433s ]
[ sql ] [ SQL ] SHOW COLUMNS FROM `lt_system` [ RunTime:0.003881s ]
[ sql ] [ SQL ] UPDATE `lt_system`  SET `sys_hits`=sys_hits+1  WHERE  `sys_id` = 1 [ RunTime:0.002254s ]
[ sql ] [ SQL ] SELECT * FROM `lt_system` LIMIT 1 [ RunTime:0.000672s ]
[ sql ] [ SQL ] SHOW COLUMNS FROM `lt_banner` [ RunTime:0.003742s ]
[ sql ] [ SQL ] SELECT * FROM `lt_banner` WHERE  `ban_view` = 1 [ RunTime:0.000319s ]
[ sql ] [ SQL ] SHOW COLUMNS FROM `lt_article` [ RunTime:0.002651s ]
[ sql ] [ SQL ] SELECT `art_id`,`art_keyword` FROM `lt_article` WHERE  (  art_view != 0 ) ORDER BY art_hit desc [ RunTime:0.000424s ]
[ sql ] [ SQL ] SELECT `art_id` FROM `lt_article` WHERE  (  art_view > 0 and art_down = 0  ) [ RunTime:0.000362s ]
[ sql ] [ SQL ] SELECT * FROM `lt_article` WHERE  `art_id` IN (0)  AND `art_down` = 0 [ RunTime:0.000422s ]
[ sql ] [ SQL ] SHOW COLUMNS FROM `lt_comment` [ RunTime:0.002863s ]
[ sql ] [ SQL ] SELECT `ac`.`com_id`,`ac`.`com_artid`,`ac`.`com_userid`,`m`.`mem_img`,`m`.`mem_name`,`ac`.`com_content`,`a`.`art_down` FROM `lt_comment` `ac` INNER JOIN `lt_article` `a` ON `a`.`art_id`=ac.com_artid and a.art_view > 0 INNER JOIN `lt_member` `m` ON `m`.`mem_id`=`ac`.`com_userid` WHERE  (  ac.com_view = 1 and ac.com_artid > 0 ) ORDER BY ac.com_id desc LIMIT 5 [ RunTime:0.000457s ]
[ sql ] [ SQL ] SELECT `c`.`com_id`,`c`.`com_content`,`m`.`mem_name`,`m`.`mem_img` FROM `lt_comment` `c` INNER JOIN `lt_member` `m` ON `m`.`mem_id`=`c`.`com_userid` WHERE  `com_artid` = 0 ORDER BY com_id desc LIMIT 5 [ RunTime:0.000511s ]
[ sql ] [ SQL ] SELECT `art_id`,`art_hit`,`art_title` FROM `lt_article` ORDER BY art_hit desc LIMIT 8 [ RunTime:0.000395s ]
[ sql ] [ SQL ] SELECT COUNT(*) AS tp_count FROM `lt_article` WHERE  (  art_view > 0 ) LIMIT 1 [ RunTime:0.000323s ]
[ sql ] [ SQL ] SELECT COUNT(*) AS tp_count FROM `lt_comment` WHERE  (  com_view = 1 and com_artid != 0 ) LIMIT 1 [ RunTime:0.000285s ]
[ sql ] [ SQL ] SELECT COUNT(*) AS tp_count FROM `lt_comment` WHERE  (  com_view= 1 and com_artid = 0 ) LIMIT 1 [ RunTime:0.000254s ]
[ sql ] [ SQL ] SELECT `art_id` FROM `lt_article` WHERE  (  art_view = 2 and art_down = 0  ) [ RunTime:0.000291s ]
[ sql ] [ SQL ] SELECT * FROM `lt_article` WHERE  `art_id` IN (0)  AND `art_down` = 0 [ RunTime:0.000401s ]
[ sql ] [ SQL ] SHOW COLUMNS FROM `lt_link` [ RunTime:0.003850s ]
[ sql ] [ SQL ] SELECT COUNT(*) AS tp_count FROM `lt_link` WHERE  `link_view` = 1 LIMIT 1 [ RunTime:0.000368s ]
[ sql ] [ SQL ] SELECT `art_id`,`art_title` FROM `lt_article` WHERE  `art_down` = 1 ORDER BY art_downloadnums desc LIMIT 4 [ RunTime:0.000315s ]
[ sql ] [ SQL ] SELECT `art_id`,`art_title`,`art_img`,`art_remark`,`art_keyword`,`art_view`,`art_hit`,`menu_name`,`art_original`,`nums` FROM `lt_article` LEFT JOIN (select count(*) nums,com_artid from lt_comment group by com_artid) c ON `c`.`com_artid`=`lt_article`.`art_id` INNER JOIN `lt_menu` `m` ON `m`.`menu_id`=`lt_article`.`art_pid` WHERE  (  art_view > 0 ) ORDER BY art_id desc LIMIT 0,5 [ RunTime:0.000451s ]
[ sql ] [ SQL ] SHOW COLUMNS FROM `lt_tip` [ RunTime:0.004416s ]
[ sql ] [ SQL ] SELECT * FROM `lt_tip` WHERE  `tip_view` = 1 [ RunTime:0.000383s ]

---------------------------------------------------------------
[ 2018-05-26T18:03:37+08:00 ] 127.0.0.1 127.0.0.1 GET /
[ log ] chats.com/ [运行时间：0.417852s][吞吐率：2.39req/s] [内存消耗：2,414.23kb] [文件加载：57]
[ info ] [ LANG ] /Users/lenyue/E HD/www/tp5bk30/framework/lang/zh-cn.php
[ info ] [ ROUTE ] array (
  'type' => 'module',
  'module' => 
  array (
    0 => '',
    1 => NULL,
    2 => NULL,
  ),
)
[ info ] [ HEADER ] array (
  'host' => 'chats.com',
  'connection' => 'keep-alive',
  'upgrade-insecure-requests' => '1',
  'user-agent' => 'Mozilla/5.0 (Macintosh; Intel Mac OS X 10_13_4) AppleWebKit/537.36 (KHTML, like Gecko) Chrome/66.0.3359.181 Safari/537.36',
  'accept' => 'text/html,application/xhtml+xml,application/xml;q=0.9,image/webp,image/apng,*/*;q=0.8',
  'accept-encoding' => 'gzip, deflate',
  'accept-language' => 'zh-CN,zh;q=0.9',
  'cookie' => 'pgv_pvi=8971667456; pgv_si=s1073228800; thinkphp_show_page_trace=0|0; port=9093; PHPSESSID=4c414f83341d9a6253340f8d2b3c811e',
)
[ info ] [ PARAM ] array (
)
[ info ] [ DB ] INIT mysql
[ info ] [ CACHE ] INIT File
[ info ] [ RUN ] app\index\controller\Index->index[ /Users/lenyue/E HD/www/tp5bk30/application/index/controller/Index.php ]
[ info ] [ VIEW ] /Users/lenyue/E HD/www/tp5bk30/public/../application/index/view/index_index.html [ array (
  0 => 'menuinfo',
  1 => 'systeminfo',
  2 => 'bannerlist',
  3 => 'siderdata',
  4 => 'footdata',
  5 => 'tips',
  6 => 'indexdata',
  7 => 'title',
) ]
[ info ] [ SESSION ] INIT array (
  'id' => '',
  'var_session_id' => '',
  'prefix' => 'think',
  'type' => '',
  'auto_start' => true,
)
[ info ] [ LOG ] INIT File
[ sql ] [ DB ] CONNECT:[ UseTime:0.000546s ] mysql:dbname=blog;host=127.0.0.1;port=3306;charset=utf8
[ sql ] [ SQL ] SHOW COLUMNS FROM `lt_menu` [ RunTime:0.002707s ]
[ sql ] [ SQL ] SELECT * FROM `lt_menu` WHERE  `menu_view` = 1 ORDER BY menu_sort [ RunTime:0.000734s ]
[ sql ] [ SQL ] SHOW COLUMNS FROM `lt_system` [ RunTime:0.002360s ]
[ sql ] [ SQL ] UPDATE `lt_system`  SET `sys_hits`=sys_hits+1  WHERE  `sys_id` = 1 [ RunTime:0.002841s ]
[ sql ] [ SQL ] SELECT * FROM `lt_system` LIMIT 1 [ RunTime:0.000415s ]
[ sql ] [ SQL ] SHOW COLUMNS FROM `lt_banner` [ RunTime:0.004418s ]
[ sql ] [ SQL ] SELECT * FROM `lt_banner` WHERE  `ban_view` = 1 [ RunTime:0.001194s ]
[ sql ] [ SQL ] SHOW COLUMNS FROM `lt_article` [ RunTime:0.004693s ]
[ sql ] [ SQL ] SELECT `art_id`,`art_keyword` FROM `lt_article` WHERE  (  art_view != 0 ) ORDER BY art_hit desc [ RunTime:0.000351s ]
[ sql ] [ SQL ] SELECT `art_id` FROM `lt_article` WHERE  (  art_view > 0 and art_down = 0  ) [ RunTime:0.000307s ]
[ sql ] [ SQL ] SELECT * FROM `lt_article` WHERE  `art_id` IN (0)  AND `art_down` = 0 [ RunTime:0.000438s ]
[ sql ] [ SQL ] SHOW COLUMNS FROM `lt_comment` [ RunTime:0.002660s ]
[ sql ] [ SQL ] SELECT `ac`.`com_id`,`ac`.`com_artid`,`ac`.`com_userid`,`m`.`mem_img`,`m`.`mem_name`,`ac`.`com_content`,`a`.`art_down` FROM `lt_comment` `ac` INNER JOIN `lt_article` `a` ON `a`.`art_id`=ac.com_artid and a.art_view > 0 INNER JOIN `lt_member` `m` ON `m`.`mem_id`=`ac`.`com_userid` WHERE  (  ac.com_view = 1 and ac.com_artid > 0 ) ORDER BY ac.com_id desc LIMIT 5 [ RunTime:0.001207s ]
[ sql ] [ SQL ] SELECT `c`.`com_id`,`c`.`com_content`,`m`.`mem_name`,`m`.`mem_img` FROM `lt_comment` `c` INNER JOIN `lt_member` `m` ON `m`.`mem_id`=`c`.`com_userid` WHERE  `com_artid` = 0 ORDER BY com_id desc LIMIT 5 [ RunTime:0.000643s ]
[ sql ] [ SQL ] SELECT `art_id`,`art_hit`,`art_title` FROM `lt_article` ORDER BY art_hit desc LIMIT 8 [ RunTime:0.000939s ]
[ sql ] [ SQL ] SELECT COUNT(*) AS tp_count FROM `lt_article` WHERE  (  art_view > 0 ) LIMIT 1 [ RunTime:0.000340s ]
[ sql ] [ SQL ] SELECT COUNT(*) AS tp_count FROM `lt_comment` WHERE  (  com_view = 1 and com_artid != 0 ) LIMIT 1 [ RunTime:0.000246s ]
[ sql ] [ SQL ] SELECT COUNT(*) AS tp_count FROM `lt_comment` WHERE  (  com_view= 1 and com_artid = 0 ) LIMIT 1 [ RunTime:0.000215s ]
[ sql ] [ SQL ] SELECT `art_id` FROM `lt_article` WHERE  (  art_view = 2 and art_down = 0  ) [ RunTime:0.000205s ]
[ sql ] [ SQL ] SELECT * FROM `lt_article` WHERE  `art_id` IN (0)  AND `art_down` = 0 [ RunTime:0.000417s ]
[ sql ] [ SQL ] SHOW COLUMNS FROM `lt_link` [ RunTime:0.004615s ]
[ sql ] [ SQL ] SELECT COUNT(*) AS tp_count FROM `lt_link` WHERE  `link_view` = 1 LIMIT 1 [ RunTime:0.000482s ]
[ sql ] [ SQL ] SELECT `art_id`,`art_title` FROM `lt_article` WHERE  `art_down` = 1 ORDER BY art_downloadnums desc LIMIT 4 [ RunTime:0.000408s ]
[ sql ] [ SQL ] SELECT `art_id`,`art_title`,`art_img`,`art_remark`,`art_keyword`,`art_view`,`art_hit`,`menu_name`,`art_original`,`nums` FROM `lt_article` LEFT JOIN (select count(*) nums,com_artid from lt_comment group by com_artid) c ON `c`.`com_artid`=`lt_article`.`art_id` INNER JOIN `lt_menu` `m` ON `m`.`menu_id`=`lt_article`.`art_pid` WHERE  (  art_view > 0 ) ORDER BY art_id desc LIMIT 0,5 [ RunTime:0.000475s ]
[ sql ] [ SQL ] SHOW COLUMNS FROM `lt_tip` [ RunTime:0.003801s ]
[ sql ] [ SQL ] SELECT * FROM `lt_tip` WHERE  `tip_view` = 1 [ RunTime:0.000303s ]

---------------------------------------------------------------
[ 2018-05-26T18:09:09+08:00 ] 127.0.0.1 127.0.0.1 GET /?uid=62397
[ log ] 127.0.0.1/?uid=62397 [运行时间：0.336338s][吞吐率：2.97req/s] [内存消耗：2,414.49kb] [文件加载：57]
[ info ] [ LANG ] /Users/lenyue/E HD/www/tp5bk30/framework/lang/zh-cn.php
[ info ] [ ROUTE ] array (
  'type' => 'module',
  'module' => 
  array (
    0 => '',
    1 => NULL,
    2 => NULL,
  ),
)
[ info ] [ HEADER ] array (
  'host' => '127.0.0.1',
  'connection' => 'keep-alive',
  'user-agent' => 'Mozilla/5.0 (Macintosh; Intel Mac OS X 10_13_4) AppleWebKit/537.36 (KHTML, like Gecko) Chrome/66.0.3359.181 Safari/537.36',
  'accept' => 'image/webp,image/apng,image/*,*/*;q=0.8',
  'referer' => 'http://aaqqy.com/',
  'accept-encoding' => 'gzip, deflate, br',
  'accept-language' => 'zh-CN,zh;q=0.9',
  'cookie' => 'port=9093; PHPSESSID=45d6599b4a85e7be1e90686dda3de829',
)
[ info ] [ PARAM ] array (
  'uid' => '62397',
)
[ info ] [ DB ] INIT mysql
[ info ] [ CACHE ] INIT File
[ info ] [ RUN ] app\index\controller\Index->index[ /Users/lenyue/E HD/www/tp5bk30/application/index/controller/Index.php ]
[ info ] [ VIEW ] /Users/lenyue/E HD/www/tp5bk30/public/../application/index/view/index_index.html [ array (
  0 => 'menuinfo',
  1 => 'systeminfo',
  2 => 'bannerlist',
  3 => 'siderdata',
  4 => 'footdata',
  5 => 'tips',
  6 => 'indexdata',
  7 => 'title',
) ]
[ info ] [ SESSION ] INIT array (
  'id' => '',
  'var_session_id' => '',
  'prefix' => 'think',
  'type' => '',
  'auto_start' => true,
)
[ info ] [ LOG ] INIT File
[ sql ] [ DB ] CONNECT:[ UseTime:0.000671s ] mysql:dbname=blog;host=127.0.0.1;port=3306;charset=utf8
[ sql ] [ SQL ] SHOW COLUMNS FROM `lt_menu` [ RunTime:0.003376s ]
[ sql ] [ SQL ] SELECT * FROM `lt_menu` WHERE  `menu_view` = 1 ORDER BY menu_sort [ RunTime:0.000952s ]
[ sql ] [ SQL ] SHOW COLUMNS FROM `lt_system` [ RunTime:0.006622s ]
[ sql ] [ SQL ] UPDATE `lt_system`  SET `sys_hits`=sys_hits+1  WHERE  `sys_id` = 1 [ RunTime:0.002294s ]
[ sql ] [ SQL ] SELECT * FROM `lt_system` LIMIT 1 [ RunTime:0.000660s ]
[ sql ] [ SQL ] SHOW COLUMNS FROM `lt_banner` [ RunTime:0.003338s ]
[ sql ] [ SQL ] SELECT * FROM `lt_banner` WHERE  `ban_view` = 1 [ RunTime:0.000444s ]
[ sql ] [ SQL ] SHOW COLUMNS FROM `lt_article` [ RunTime:0.003870s ]
[ sql ] [ SQL ] SELECT `art_id`,`art_keyword` FROM `lt_article` WHERE  (  art_view != 0 ) ORDER BY art_hit desc [ RunTime:0.000347s ]
[ sql ] [ SQL ] SELECT `art_id` FROM `lt_article` WHERE  (  art_view > 0 and art_down = 0  ) [ RunTime:0.000377s ]
[ sql ] [ SQL ] SELECT * FROM `lt_article` WHERE  `art_id` IN (0)  AND `art_down` = 0 [ RunTime:0.001268s ]
[ sql ] [ SQL ] SHOW COLUMNS FROM `lt_comment` [ RunTime:0.003806s ]
[ sql ] [ SQL ] SELECT `ac`.`com_id`,`ac`.`com_artid`,`ac`.`com_userid`,`m`.`mem_img`,`m`.`mem_name`,`ac`.`com_content`,`a`.`art_down` FROM `lt_comment` `ac` INNER JOIN `lt_article` `a` ON `a`.`art_id`=ac.com_artid and a.art_view > 0 INNER JOIN `lt_member` `m` ON `m`.`mem_id`=`ac`.`com_userid` WHERE  (  ac.com_view = 1 and ac.com_artid > 0 ) ORDER BY ac.com_id desc LIMIT 5 [ RunTime:0.000556s ]
[ sql ] [ SQL ] SELECT `c`.`com_id`,`c`.`com_content`,`m`.`mem_name`,`m`.`mem_img` FROM `lt_comment` `c` INNER JOIN `lt_member` `m` ON `m`.`mem_id`=`c`.`com_userid` WHERE  `com_artid` = 0 ORDER BY com_id desc LIMIT 5 [ RunTime:0.000401s ]
[ sql ] [ SQL ] SELECT `art_id`,`art_hit`,`art_title` FROM `lt_article` ORDER BY art_hit desc LIMIT 8 [ RunTime:0.000349s ]
[ sql ] [ SQL ] SELECT COUNT(*) AS tp_count FROM `lt_article` WHERE  (  art_view > 0 ) LIMIT 1 [ RunTime:0.000370s ]
[ sql ] [ SQL ] SELECT COUNT(*) AS tp_count FROM `lt_comment` WHERE  (  com_view = 1 and com_artid != 0 ) LIMIT 1 [ RunTime:0.000319s ]
[ sql ] [ SQL ] SELECT COUNT(*) AS tp_count FROM `lt_comment` WHERE  (  com_view= 1 and com_artid = 0 ) LIMIT 1 [ RunTime:0.000237s ]
[ sql ] [ SQL ] SELECT `art_id` FROM `lt_article` WHERE  (  art_view = 2 and art_down = 0  ) [ RunTime:0.000270s ]
[ sql ] [ SQL ] SELECT * FROM `lt_article` WHERE  `art_id` IN (0)  AND `art_down` = 0 [ RunTime:0.000467s ]
[ sql ] [ SQL ] SHOW COLUMNS FROM `lt_link` [ RunTime:0.002727s ]
[ sql ] [ SQL ] SELECT COUNT(*) AS tp_count FROM `lt_link` WHERE  `link_view` = 1 LIMIT 1 [ RunTime:0.000323s ]
[ sql ] [ SQL ] SELECT `art_id`,`art_title` FROM `lt_article` WHERE  `art_down` = 1 ORDER BY art_downloadnums desc LIMIT 4 [ RunTime:0.000355s ]
[ sql ] [ SQL ] SELECT `art_id`,`art_title`,`art_img`,`art_remark`,`art_keyword`,`art_view`,`art_hit`,`menu_name`,`art_original`,`nums` FROM `lt_article` LEFT JOIN (select count(*) nums,com_artid from lt_comment group by com_artid) c ON `c`.`com_artid`=`lt_article`.`art_id` INNER JOIN `lt_menu` `m` ON `m`.`menu_id`=`lt_article`.`art_pid` WHERE  (  art_view > 0 ) ORDER BY art_id desc LIMIT 0,5 [ RunTime:0.000473s ]
[ sql ] [ SQL ] SHOW COLUMNS FROM `lt_tip` [ RunTime:0.002656s ]
[ sql ] [ SQL ] SELECT * FROM `lt_tip` WHERE  `tip_view` = 1 [ RunTime:0.000389s ]

---------------------------------------------------------------
[ 2018-05-26T18:09:10+08:00 ] 127.0.0.1 127.0.0.1 GET /?op=pv&xiaobaoyang=25143&dabaojian=118041&rn=1527329348531
[ log ] 127.0.0.1/?op=pv&xiaobaoyang=25143&dabaojian=118041&rn=1527329348531 [运行时间：0.054422s][吞吐率：18.37req/s] [内存消耗：2,438.37kb] [文件加载：57]
[ info ] [ LANG ] /Users/lenyue/E HD/www/tp5bk30/framework/lang/zh-cn.php
[ info ] [ ROUTE ] array (
  'type' => 'module',
  'module' => 
  array (
    0 => '',
    1 => NULL,
    2 => NULL,
  ),
)
[ info ] [ HEADER ] array (
  'host' => '127.0.0.1',
  'connection' => 'keep-alive',
  'user-agent' => 'Mozilla/5.0 (Macintosh; Intel Mac OS X 10_13_4) AppleWebKit/537.36 (KHTML, like Gecko) Chrome/66.0.3359.181 Safari/537.36',
  'accept' => 'image/webp,image/apng,image/*,*/*;q=0.8',
  'referer' => 'http://aaqqy.com/',
  'accept-encoding' => 'gzip, deflate, br',
  'accept-language' => 'zh-CN,zh;q=0.9',
  'cookie' => 'port=9093; PHPSESSID=45d6599b4a85e7be1e90686dda3de829',
)
[ info ] [ PARAM ] array (
  'op' => 'pv',
  'xiaobaoyang' => '25143',
  'dabaojian' => '118041',
  'rn' => '1527329348531',
)
[ info ] [ DB ] INIT mysql
[ info ] [ CACHE ] INIT File
[ info ] [ RUN ] app\index\controller\Index->index[ /Users/lenyue/E HD/www/tp5bk30/application/index/controller/Index.php ]
[ info ] [ VIEW ] /Users/lenyue/E HD/www/tp5bk30/public/../application/index/view/index_index.html [ array (
  0 => 'menuinfo',
  1 => 'systeminfo',
  2 => 'bannerlist',
  3 => 'siderdata',
  4 => 'footdata',
  5 => 'tips',
  6 => 'indexdata',
  7 => 'title',
) ]
[ info ] [ SESSION ] INIT array (
  'id' => '',
  'var_session_id' => '',
  'prefix' => 'think',
  'type' => '',
  'auto_start' => true,
)
[ info ] [ LOG ] INIT File
[ sql ] [ DB ] CONNECT:[ UseTime:0.000540s ] mysql:dbname=blog;host=127.0.0.1;port=3306;charset=utf8
[ sql ] [ SQL ] SHOW COLUMNS FROM `lt_system` [ RunTime:0.003216s ]
[ sql ] [ SQL ] UPDATE `lt_system`  SET `sys_hits`=sys_hits+1  WHERE  `sys_id` = 1 [ RunTime:0.001731s ]
[ sql ] [ SQL ] SHOW COLUMNS FROM `lt_article` [ RunTime:0.005632s ]
[ sql ] [ SQL ] SELECT `art_id`,`art_title`,`art_img`,`art_remark`,`art_keyword`,`art_view`,`art_hit`,`menu_name`,`art_original`,`nums` FROM `lt_article` LEFT JOIN (select count(*) nums,com_artid from lt_comment group by com_artid) c ON `c`.`com_artid`=`lt_article`.`art_id` INNER JOIN `lt_menu` `m` ON `m`.`menu_id`=`lt_article`.`art_pid` WHERE  (  art_view > 0 ) ORDER BY art_id desc LIMIT 0,5 [ RunTime:0.001203s ]
[ sql ] [ SQL ] SHOW COLUMNS FROM `lt_tip` [ RunTime:0.005205s ]
[ sql ] [ SQL ] SELECT * FROM `lt_tip` WHERE  `tip_view` = 1 [ RunTime:0.001911s ]

---------------------------------------------------------------
[ 2018-05-26T18:09:10+08:00 ] 127.0.0.1 127.0.0.1 GET /?z=118041&rn=1527329348531
[ log ] 127.0.0.1/?z=118041&rn=1527329348531 [运行时间：0.106285s][吞吐率：9.41req/s] [内存消耗：2,438.08kb] [文件加载：57]
[ info ] [ LANG ] /Users/lenyue/E HD/www/tp5bk30/framework/lang/zh-cn.php
[ info ] [ ROUTE ] array (
  'type' => 'module',
  'module' => 
  array (
    0 => '',
    1 => NULL,
    2 => NULL,
  ),
)
[ info ] [ HEADER ] array (
  'host' => '127.0.0.1',
  'connection' => 'keep-alive',
  'user-agent' => 'Mozilla/5.0 (Macintosh; Intel Mac OS X 10_13_4) AppleWebKit/537.36 (KHTML, like Gecko) Chrome/66.0.3359.181 Safari/537.36',
  'accept' => 'image/webp,image/apng,image/*,*/*;q=0.8',
  'referer' => 'http://aaqqy.com/',
  'accept-encoding' => 'gzip, deflate, br',
  'accept-language' => 'zh-CN,zh;q=0.9',
  'cookie' => 'port=9093; PHPSESSID=45d6599b4a85e7be1e90686dda3de829',
)
[ info ] [ PARAM ] array (
  'z' => '118041',
  'rn' => '1527329348531',
)
[ info ] [ DB ] INIT mysql
[ info ] [ CACHE ] INIT File
[ info ] [ RUN ] app\index\controller\Index->index[ /Users/lenyue/E HD/www/tp5bk30/application/index/controller/Index.php ]
[ info ] [ VIEW ] /Users/lenyue/E HD/www/tp5bk30/public/../application/index/view/index_index.html [ array (
  0 => 'menuinfo',
  1 => 'systeminfo',
  2 => 'bannerlist',
  3 => 'siderdata',
  4 => 'footdata',
  5 => 'tips',
  6 => 'indexdata',
  7 => 'title',
) ]
[ info ] [ SESSION ] INIT array (
  'id' => '',
  'var_session_id' => '',
  'prefix' => 'think',
  'type' => '',
  'auto_start' => true,
)
[ info ] [ LOG ] INIT File
[ sql ] [ DB ] CONNECT:[ UseTime:0.000746s ] mysql:dbname=blog;host=127.0.0.1;port=3306;charset=utf8
[ sql ] [ SQL ] SHOW COLUMNS FROM `lt_system` [ RunTime:0.003041s ]
[ sql ] [ SQL ] UPDATE `lt_system`  SET `sys_hits`=sys_hits+1  WHERE  `sys_id` = 1 [ RunTime:0.001174s ]
[ sql ] [ SQL ] SHOW COLUMNS FROM `lt_article` [ RunTime:0.002877s ]
[ sql ] [ SQL ] SELECT `art_id`,`art_title`,`art_img`,`art_remark`,`art_keyword`,`art_view`,`art_hit`,`menu_name`,`art_original`,`nums` FROM `lt_article` LEFT JOIN (select count(*) nums,com_artid from lt_comment group by com_artid) c ON `c`.`com_artid`=`lt_article`.`art_id` INNER JOIN `lt_menu` `m` ON `m`.`menu_id`=`lt_article`.`art_pid` WHERE  (  art_view > 0 ) ORDER BY art_id desc LIMIT 0,5 [ RunTime:0.000767s ]
[ sql ] [ SQL ] SHOW COLUMNS FROM `lt_tip` [ RunTime:0.003157s ]
[ sql ] [ SQL ] SELECT * FROM `lt_tip` WHERE  `tip_view` = 1 [ RunTime:0.000554s ]

---------------------------------------------------------------
[ 2018-05-26T21:03:23+08:00 ] 127.0.0.1 127.0.0.1 GET /?uid=62397
[ log ] 127.0.0.1/?uid=62397 [运行时间：0.332146s][吞吐率：3.01req/s] [内存消耗：2,414.85kb] [文件加载：57]
[ info ] [ LANG ] /Users/lenyue/E HD/www/tp5bk30/framework/lang/zh-cn.php
[ info ] [ ROUTE ] array (
  'type' => 'module',
  'module' => 
  array (
    0 => '',
    1 => NULL,
    2 => NULL,
  ),
)
[ info ] [ HEADER ] array (
  'host' => '127.0.0.1',
  'connection' => 'keep-alive',
  'user-agent' => 'Mozilla/5.0 (Macintosh; Intel Mac OS X 10_13_4) AppleWebKit/537.36 (KHTML, like Gecko) Chrome/66.0.3359.181 Safari/537.36',
  'accept' => 'image/webp,image/apng,image/*,*/*;q=0.8',
  'referer' => 'http://aaxxy.com/vod-list-id-1-pg-1-order--by-time-class-229-year-0-letter--area--lang-.html',
  'accept-encoding' => 'gzip, deflate, br',
  'accept-language' => 'zh-CN,zh;q=0.9',
  'cookie' => 'port=9093; PHPSESSID=45d6599b4a85e7be1e90686dda3de829',
)
[ info ] [ PARAM ] array (
  'uid' => '62397',
)
[ info ] [ DB ] INIT mysql
[ info ] [ CACHE ] INIT File
[ info ] [ RUN ] app\index\controller\Index->index[ /Users/lenyue/E HD/www/tp5bk30/application/index/controller/Index.php ]
[ info ] [ VIEW ] /Users/lenyue/E HD/www/tp5bk30/public/../application/index/view/index_index.html [ array (
  0 => 'menuinfo',
  1 => 'systeminfo',
  2 => 'bannerlist',
  3 => 'siderdata',
  4 => 'footdata',
  5 => 'tips',
  6 => 'indexdata',
  7 => 'title',
) ]
[ info ] [ SESSION ] INIT array (
  'id' => '',
  'var_session_id' => '',
  'prefix' => 'think',
  'type' => '',
  'auto_start' => true,
)
[ info ] [ LOG ] INIT File
[ sql ] [ DB ] CONNECT:[ UseTime:0.000685s ] mysql:dbname=blog;host=127.0.0.1;port=3306;charset=utf8
[ sql ] [ SQL ] SHOW COLUMNS FROM `lt_menu` [ RunTime:0.003573s ]
[ sql ] [ SQL ] SELECT * FROM `lt_menu` WHERE  `menu_view` = 1 ORDER BY menu_sort [ RunTime:0.000565s ]
[ sql ] [ SQL ] SHOW COLUMNS FROM `lt_system` [ RunTime:0.004226s ]
[ sql ] [ SQL ] UPDATE `lt_system`  SET `sys_hits`=sys_hits+1  WHERE  `sys_id` = 1 [ RunTime:0.004516s ]
[ sql ] [ SQL ] SELECT * FROM `lt_system` LIMIT 1 [ RunTime:0.000596s ]
[ sql ] [ SQL ] SHOW COLUMNS FROM `lt_banner` [ RunTime:0.005678s ]
[ sql ] [ SQL ] SELECT * FROM `lt_banner` WHERE  `ban_view` = 1 [ RunTime:0.000479s ]
[ sql ] [ SQL ] SHOW COLUMNS FROM `lt_article` [ RunTime:0.004018s ]
[ sql ] [ SQL ] SELECT `art_id`,`art_keyword` FROM `lt_article` WHERE  (  art_view != 0 ) ORDER BY art_hit desc [ RunTime:0.000386s ]
[ sql ] [ SQL ] SELECT `art_id` FROM `lt_article` WHERE  (  art_view > 0 and art_down = 0  ) [ RunTime:0.000334s ]
[ sql ] [ SQL ] SELECT * FROM `lt_article` WHERE  `art_id` IN (0)  AND `art_down` = 0 [ RunTime:0.000433s ]
[ sql ] [ SQL ] SHOW COLUMNS FROM `lt_comment` [ RunTime:0.002997s ]
[ sql ] [ SQL ] SELECT `ac`.`com_id`,`ac`.`com_artid`,`ac`.`com_userid`,`m`.`mem_img`,`m`.`mem_name`,`ac`.`com_content`,`a`.`art_down` FROM `lt_comment` `ac` INNER JOIN `lt_article` `a` ON `a`.`art_id`=ac.com_artid and a.art_view > 0 INNER JOIN `lt_member` `m` ON `m`.`mem_id`=`ac`.`com_userid` WHERE  (  ac.com_view = 1 and ac.com_artid > 0 ) ORDER BY ac.com_id desc LIMIT 5 [ RunTime:0.000658s ]
[ sql ] [ SQL ] SELECT `c`.`com_id`,`c`.`com_content`,`m`.`mem_name`,`m`.`mem_img` FROM `lt_comment` `c` INNER JOIN `lt_member` `m` ON `m`.`mem_id`=`c`.`com_userid` WHERE  `com_artid` = 0 ORDER BY com_id desc LIMIT 5 [ RunTime:0.000498s ]
[ sql ] [ SQL ] SELECT `art_id`,`art_hit`,`art_title` FROM `lt_article` ORDER BY art_hit desc LIMIT 8 [ RunTime:0.000312s ]
[ sql ] [ SQL ] SELECT COUNT(*) AS tp_count FROM `lt_article` WHERE  (  art_view > 0 ) LIMIT 1 [ RunTime:0.000472s ]
[ sql ] [ SQL ] SELECT COUNT(*) AS tp_count FROM `lt_comment` WHERE  (  com_view = 1 and com_artid != 0 ) LIMIT 1 [ RunTime:0.000332s ]
[ sql ] [ SQL ] SELECT COUNT(*) AS tp_count FROM `lt_comment` WHERE  (  com_view= 1 and com_artid = 0 ) LIMIT 1 [ RunTime:0.000281s ]
[ sql ] [ SQL ] SELECT `art_id` FROM `lt_article` WHERE  (  art_view = 2 and art_down = 0  ) [ RunTime:0.000258s ]
[ sql ] [ SQL ] SELECT * FROM `lt_article` WHERE  `art_id` IN (0)  AND `art_down` = 0 [ RunTime:0.000403s ]
[ sql ] [ SQL ] SHOW COLUMNS FROM `lt_link` [ RunTime:0.004536s ]
[ sql ] [ SQL ] SELECT COUNT(*) AS tp_count FROM `lt_link` WHERE  `link_view` = 1 LIMIT 1 [ RunTime:0.000381s ]
[ sql ] [ SQL ] SELECT `art_id`,`art_title` FROM `lt_article` WHERE  `art_down` = 1 ORDER BY art_downloadnums desc LIMIT 4 [ RunTime:0.000317s ]
[ sql ] [ SQL ] SELECT `art_id`,`art_title`,`art_img`,`art_remark`,`art_keyword`,`art_view`,`art_hit`,`menu_name`,`art_original`,`nums` FROM `lt_article` LEFT JOIN (select count(*) nums,com_artid from lt_comment group by com_artid) c ON `c`.`com_artid`=`lt_article`.`art_id` INNER JOIN `lt_menu` `m` ON `m`.`menu_id`=`lt_article`.`art_pid` WHERE  (  art_view > 0 ) ORDER BY art_id desc LIMIT 0,5 [ RunTime:0.000675s ]
[ sql ] [ SQL ] SHOW COLUMNS FROM `lt_tip` [ RunTime:0.005080s ]
[ sql ] [ SQL ] SELECT * FROM `lt_tip` WHERE  `tip_view` = 1 [ RunTime:0.000462s ]

---------------------------------------------------------------
[ 2018-05-26T21:03:24+08:00 ] 127.0.0.1 127.0.0.1 GET /?op=pv&xiaobaoyang=25148&dabaojian=118041&rn=1527339803354
[ log ] 127.0.0.1/?op=pv&xiaobaoyang=25148&dabaojian=118041&rn=1527339803354 [运行时间：0.059022s][吞吐率：16.94req/s] [内存消耗：2,438.73kb] [文件加载：57]
[ info ] [ LANG ] /Users/lenyue/E HD/www/tp5bk30/framework/lang/zh-cn.php
[ info ] [ ROUTE ] array (
  'type' => 'module',
  'module' => 
  array (
    0 => '',
    1 => NULL,
    2 => NULL,
  ),
)
[ info ] [ HEADER ] array (
  'host' => '127.0.0.1',
  'connection' => 'keep-alive',
  'user-agent' => 'Mozilla/5.0 (Macintosh; Intel Mac OS X 10_13_4) AppleWebKit/537.36 (KHTML, like Gecko) Chrome/66.0.3359.181 Safari/537.36',
  'accept' => 'image/webp,image/apng,image/*,*/*;q=0.8',
  'referer' => 'http://aaxxy.com/vod-list-id-1-pg-1-order--by-time-class-229-year-0-letter--area--lang-.html',
  'accept-encoding' => 'gzip, deflate, br',
  'accept-language' => 'zh-CN,zh;q=0.9',
  'cookie' => 'port=9093; PHPSESSID=45d6599b4a85e7be1e90686dda3de829',
)
[ info ] [ PARAM ] array (
  'op' => 'pv',
  'xiaobaoyang' => '25148',
  'dabaojian' => '118041',
  'rn' => '1527339803354',
)
[ info ] [ DB ] INIT mysql
[ info ] [ CACHE ] INIT File
[ info ] [ RUN ] app\index\controller\Index->index[ /Users/lenyue/E HD/www/tp5bk30/application/index/controller/Index.php ]
[ info ] [ VIEW ] /Users/lenyue/E HD/www/tp5bk30/public/../application/index/view/index_index.html [ array (
  0 => 'menuinfo',
  1 => 'systeminfo',
  2 => 'bannerlist',
  3 => 'siderdata',
  4 => 'footdata',
  5 => 'tips',
  6 => 'indexdata',
  7 => 'title',
) ]
[ info ] [ SESSION ] INIT array (
  'id' => '',
  'var_session_id' => '',
  'prefix' => 'think',
  'type' => '',
  'auto_start' => true,
)
[ info ] [ LOG ] INIT File
[ sql ] [ DB ] CONNECT:[ UseTime:0.000589s ] mysql:dbname=blog;host=127.0.0.1;port=3306;charset=utf8
[ sql ] [ SQL ] SHOW COLUMNS FROM `lt_system` [ RunTime:0.008305s ]
[ sql ] [ SQL ] UPDATE `lt_system`  SET `sys_hits`=sys_hits+1  WHERE  `sys_id` = 1 [ RunTime:0.006725s ]
[ sql ] [ SQL ] SHOW COLUMNS FROM `lt_article` [ RunTime:0.007377s ]
[ sql ] [ SQL ] SELECT `art_id`,`art_title`,`art_img`,`art_remark`,`art_keyword`,`art_view`,`art_hit`,`menu_name`,`art_original`,`nums` FROM `lt_article` LEFT JOIN (select count(*) nums,com_artid from lt_comment group by com_artid) c ON `c`.`com_artid`=`lt_article`.`art_id` INNER JOIN `lt_menu` `m` ON `m`.`menu_id`=`lt_article`.`art_pid` WHERE  (  art_view > 0 ) ORDER BY art_id desc LIMIT 0,5 [ RunTime:0.000778s ]
[ sql ] [ SQL ] SHOW COLUMNS FROM `lt_tip` [ RunTime:0.003338s ]
[ sql ] [ SQL ] SELECT * FROM `lt_tip` WHERE  `tip_view` = 1 [ RunTime:0.000816s ]

---------------------------------------------------------------
[ 2018-05-26T21:03:24+08:00 ] 127.0.0.1 127.0.0.1 GET /?z=118041&rn=1527339803353
[ log ] 127.0.0.1/?z=118041&rn=1527339803353 [运行时间：0.043975s][吞吐率：22.74req/s] [内存消耗：2,438.44kb] [文件加载：57]
[ info ] [ LANG ] /Users/lenyue/E HD/www/tp5bk30/framework/lang/zh-cn.php
[ info ] [ ROUTE ] array (
  'type' => 'module',
  'module' => 
  array (
    0 => '',
    1 => NULL,
    2 => NULL,
  ),
)
[ info ] [ HEADER ] array (
  'host' => '127.0.0.1',
  'connection' => 'keep-alive',
  'user-agent' => 'Mozilla/5.0 (Macintosh; Intel Mac OS X 10_13_4) AppleWebKit/537.36 (KHTML, like Gecko) Chrome/66.0.3359.181 Safari/537.36',
  'accept' => 'image/webp,image/apng,image/*,*/*;q=0.8',
  'referer' => 'http://aaxxy.com/vod-list-id-1-pg-1-order--by-time-class-229-year-0-letter--area--lang-.html',
  'accept-encoding' => 'gzip, deflate, br',
  'accept-language' => 'zh-CN,zh;q=0.9',
  'cookie' => 'port=9093; PHPSESSID=45d6599b4a85e7be1e90686dda3de829',
)
[ info ] [ PARAM ] array (
  'z' => '118041',
  'rn' => '1527339803353',
)
[ info ] [ DB ] INIT mysql
[ info ] [ CACHE ] INIT File
[ info ] [ RUN ] app\index\controller\Index->index[ /Users/lenyue/E HD/www/tp5bk30/application/index/controller/Index.php ]
[ info ] [ VIEW ] /Users/lenyue/E HD/www/tp5bk30/public/../application/index/view/index_index.html [ array (
  0 => 'menuinfo',
  1 => 'systeminfo',
  2 => 'bannerlist',
  3 => 'siderdata',
  4 => 'footdata',
  5 => 'tips',
  6 => 'indexdata',
  7 => 'title',
) ]
[ info ] [ SESSION ] INIT array (
  'id' => '',
  'var_session_id' => '',
  'prefix' => 'think',
  'type' => '',
  'auto_start' => true,
)
[ info ] [ LOG ] INIT File
[ sql ] [ DB ] CONNECT:[ UseTime:0.000582s ] mysql:dbname=blog;host=127.0.0.1;port=3306;charset=utf8
[ sql ] [ SQL ] SHOW COLUMNS FROM `lt_system` [ RunTime:0.004202s ]
[ sql ] [ SQL ] UPDATE `lt_system`  SET `sys_hits`=sys_hits+1  WHERE  `sys_id` = 1 [ RunTime:0.001043s ]
[ sql ] [ SQL ] SHOW COLUMNS FROM `lt_article` [ RunTime:0.002612s ]
[ sql ] [ SQL ] SELECT `art_id`,`art_title`,`art_img`,`art_remark`,`art_keyword`,`art_view`,`art_hit`,`menu_name`,`art_original`,`nums` FROM `lt_article` LEFT JOIN (select count(*) nums,com_artid from lt_comment group by com_artid) c ON `c`.`com_artid`=`lt_article`.`art_id` INNER JOIN `lt_menu` `m` ON `m`.`menu_id`=`lt_article`.`art_pid` WHERE  (  art_view > 0 ) ORDER BY art_id desc LIMIT 0,5 [ RunTime:0.000551s ]
[ sql ] [ SQL ] SHOW COLUMNS FROM `lt_tip` [ RunTime:0.002792s ]
[ sql ] [ SQL ] SELECT * FROM `lt_tip` WHERE  `tip_view` = 1 [ RunTime:0.000363s ]

---------------------------------------------------------------
[ 2018-05-26T21:03:28+08:00 ] 127.0.0.1 127.0.0.1 GET /?uid=62397
[ log ] 127.0.0.1/?uid=62397 [运行时间：0.277261s][吞吐率：3.61req/s] [内存消耗：2,414.71kb] [文件加载：57]
[ info ] [ LANG ] /Users/lenyue/E HD/www/tp5bk30/framework/lang/zh-cn.php
[ info ] [ ROUTE ] array (
  'type' => 'module',
  'module' => 
  array (
    0 => '',
    1 => NULL,
    2 => NULL,
  ),
)
[ info ] [ HEADER ] array (
  'host' => '127.0.0.1',
  'connection' => 'keep-alive',
  'user-agent' => 'Mozilla/5.0 (Macintosh; Intel Mac OS X 10_13_4) AppleWebKit/537.36 (KHTML, like Gecko) Chrome/66.0.3359.181 Safari/537.36',
  'accept' => 'image/webp,image/apng,image/*,*/*;q=0.8',
  'referer' => 'http://aaxxy.com/vod-detail-id-3654.html',
  'accept-encoding' => 'gzip, deflate, br',
  'accept-language' => 'zh-CN,zh;q=0.9',
  'cookie' => 'port=9093; PHPSESSID=45d6599b4a85e7be1e90686dda3de829',
)
[ info ] [ PARAM ] array (
  'uid' => '62397',
)
[ info ] [ DB ] INIT mysql
[ info ] [ CACHE ] INIT File
[ info ] [ RUN ] app\index\controller\Index->index[ /Users/lenyue/E HD/www/tp5bk30/application/index/controller/Index.php ]
[ info ] [ VIEW ] /Users/lenyue/E HD/www/tp5bk30/public/../application/index/view/index_index.html [ array (
  0 => 'menuinfo',
  1 => 'systeminfo',
  2 => 'bannerlist',
  3 => 'siderdata',
  4 => 'footdata',
  5 => 'tips',
  6 => 'indexdata',
  7 => 'title',
) ]
[ info ] [ SESSION ] INIT array (
  'id' => '',
  'var_session_id' => '',
  'prefix' => 'think',
  'type' => '',
  'auto_start' => true,
)
[ info ] [ LOG ] INIT File
[ sql ] [ DB ] CONNECT:[ UseTime:0.000612s ] mysql:dbname=blog;host=127.0.0.1;port=3306;charset=utf8
[ sql ] [ SQL ] SHOW COLUMNS FROM `lt_menu` [ RunTime:0.004759s ]
[ sql ] [ SQL ] SELECT * FROM `lt_menu` WHERE  `menu_view` = 1 ORDER BY menu_sort [ RunTime:0.000849s ]
[ sql ] [ SQL ] SHOW COLUMNS FROM `lt_system` [ RunTime:0.003323s ]
[ sql ] [ SQL ] UPDATE `lt_system`  SET `sys_hits`=sys_hits+1  WHERE  `sys_id` = 1 [ RunTime:0.000877s ]
[ sql ] [ SQL ] SELECT * FROM `lt_system` LIMIT 1 [ RunTime:0.000628s ]
[ sql ] [ SQL ] SHOW COLUMNS FROM `lt_banner` [ RunTime:0.005002s ]
[ sql ] [ SQL ] SELECT * FROM `lt_banner` WHERE  `ban_view` = 1 [ RunTime:0.000497s ]
[ sql ] [ SQL ] SHOW COLUMNS FROM `lt_article` [ RunTime:0.004243s ]
[ sql ] [ SQL ] SELECT `art_id`,`art_keyword` FROM `lt_article` WHERE  (  art_view != 0 ) ORDER BY art_hit desc [ RunTime:0.000283s ]
[ sql ] [ SQL ] SELECT `art_id` FROM `lt_article` WHERE  (  art_view > 0 and art_down = 0  ) [ RunTime:0.000254s ]
[ sql ] [ SQL ] SELECT * FROM `lt_article` WHERE  `art_id` IN (0)  AND `art_down` = 0 [ RunTime:0.000373s ]
[ sql ] [ SQL ] SHOW COLUMNS FROM `lt_comment` [ RunTime:0.002279s ]
[ sql ] [ SQL ] SELECT `ac`.`com_id`,`ac`.`com_artid`,`ac`.`com_userid`,`m`.`mem_img`,`m`.`mem_name`,`ac`.`com_content`,`a`.`art_down` FROM `lt_comment` `ac` INNER JOIN `lt_article` `a` ON `a`.`art_id`=ac.com_artid and a.art_view > 0 INNER JOIN `lt_member` `m` ON `m`.`mem_id`=`ac`.`com_userid` WHERE  (  ac.com_view = 1 and ac.com_artid > 0 ) ORDER BY ac.com_id desc LIMIT 5 [ RunTime:0.000329s ]
[ sql ] [ SQL ] SELECT `c`.`com_id`,`c`.`com_content`,`m`.`mem_name`,`m`.`mem_img` FROM `lt_comment` `c` INNER JOIN `lt_member` `m` ON `m`.`mem_id`=`c`.`com_userid` WHERE  `com_artid` = 0 ORDER BY com_id desc LIMIT 5 [ RunTime:0.000294s ]
[ sql ] [ SQL ] SELECT `art_id`,`art_hit`,`art_title` FROM `lt_article` ORDER BY art_hit desc LIMIT 8 [ RunTime:0.000260s ]
[ sql ] [ SQL ] SELECT COUNT(*) AS tp_count FROM `lt_article` WHERE  (  art_view > 0 ) LIMIT 1 [ RunTime:0.000735s ]
[ sql ] [ SQL ] SELECT COUNT(*) AS tp_count FROM `lt_comment` WHERE  (  com_view = 1 and com_artid != 0 ) LIMIT 1 [ RunTime:0.000637s ]
[ sql ] [ SQL ] SELECT COUNT(*) AS tp_count FROM `lt_comment` WHERE  (  com_view= 1 and com_artid = 0 ) LIMIT 1 [ RunTime:0.000358s ]
[ sql ] [ SQL ] SELECT `art_id` FROM `lt_article` WHERE  (  art_view = 2 and art_down = 0  ) [ RunTime:0.000338s ]
[ sql ] [ SQL ] SELECT * FROM `lt_article` WHERE  `art_id` IN (0)  AND `art_down` = 0 [ RunTime:0.000514s ]
[ sql ] [ SQL ] SHOW COLUMNS FROM `lt_link` [ RunTime:0.004383s ]
[ sql ] [ SQL ] SELECT COUNT(*) AS tp_count FROM `lt_link` WHERE  `link_view` = 1 LIMIT 1 [ RunTime:0.000347s ]
[ sql ] [ SQL ] SELECT `art_id`,`art_title` FROM `lt_article` WHERE  `art_down` = 1 ORDER BY art_downloadnums desc LIMIT 4 [ RunTime:0.000390s ]
[ sql ] [ SQL ] SELECT `art_id`,`art_title`,`art_img`,`art_remark`,`art_keyword`,`art_view`,`art_hit`,`menu_name`,`art_original`,`nums` FROM `lt_article` LEFT JOIN (select count(*) nums,com_artid from lt_comment group by com_artid) c ON `c`.`com_artid`=`lt_article`.`art_id` INNER JOIN `lt_menu` `m` ON `m`.`menu_id`=`lt_article`.`art_pid` WHERE  (  art_view > 0 ) ORDER BY art_id desc LIMIT 0,5 [ RunTime:0.000532s ]
[ sql ] [ SQL ] SHOW COLUMNS FROM `lt_tip` [ RunTime:0.002551s ]
[ sql ] [ SQL ] SELECT * FROM `lt_tip` WHERE  `tip_view` = 1 [ RunTime:0.000406s ]

---------------------------------------------------------------
[ 2018-05-26T21:03:28+08:00 ] 127.0.0.1 127.0.0.1 GET /?op=pv&xiaobaoyang=24925&dabaojian=118041&rn=1527339808495
[ log ] 127.0.0.1/?op=pv&xiaobaoyang=24925&dabaojian=118041&rn=1527339808495 [运行时间：0.105433s][吞吐率：9.48req/s] [内存消耗：2,438.59kb] [文件加载：57]
[ info ] [ LANG ] /Users/lenyue/E HD/www/tp5bk30/framework/lang/zh-cn.php
[ info ] [ ROUTE ] array (
  'type' => 'module',
  'module' => 
  array (
    0 => '',
    1 => NULL,
    2 => NULL,
  ),
)
[ info ] [ HEADER ] array (
  'host' => '127.0.0.1',
  'connection' => 'keep-alive',
  'user-agent' => 'Mozilla/5.0 (Macintosh; Intel Mac OS X 10_13_4) AppleWebKit/537.36 (KHTML, like Gecko) Chrome/66.0.3359.181 Safari/537.36',
  'accept' => 'image/webp,image/apng,image/*,*/*;q=0.8',
  'referer' => 'http://aaxxy.com/vod-detail-id-3654.html',
  'accept-encoding' => 'gzip, deflate, br',
  'accept-language' => 'zh-CN,zh;q=0.9',
  'cookie' => 'port=9093; PHPSESSID=45d6599b4a85e7be1e90686dda3de829',
)
[ info ] [ PARAM ] array (
  'op' => 'pv',
  'xiaobaoyang' => '24925',
  'dabaojian' => '118041',
  'rn' => '1527339808495',
)
[ info ] [ DB ] INIT mysql
[ info ] [ CACHE ] INIT File
[ info ] [ RUN ] app\index\controller\Index->index[ /Users/lenyue/E HD/www/tp5bk30/application/index/controller/Index.php ]
[ info ] [ VIEW ] /Users/lenyue/E HD/www/tp5bk30/public/../application/index/view/index_index.html [ array (
  0 => 'menuinfo',
  1 => 'systeminfo',
  2 => 'bannerlist',
  3 => 'siderdata',
  4 => 'footdata',
  5 => 'tips',
  6 => 'indexdata',
  7 => 'title',
) ]
[ info ] [ SESSION ] INIT array (
  'id' => '',
  'var_session_id' => '',
  'prefix' => 'think',
  'type' => '',
  'auto_start' => true,
)
[ info ] [ LOG ] INIT File
[ sql ] [ DB ] CONNECT:[ UseTime:0.000507s ] mysql:dbname=blog;host=127.0.0.1;port=3306;charset=utf8
[ sql ] [ SQL ] SHOW COLUMNS FROM `lt_system` [ RunTime:0.002534s ]
[ sql ] [ SQL ] UPDATE `lt_system`  SET `sys_hits`=sys_hits+1  WHERE  `sys_id` = 1 [ RunTime:0.000878s ]
[ sql ] [ SQL ] SHOW COLUMNS FROM `lt_article` [ RunTime:0.002320s ]
[ sql ] [ SQL ] SELECT `art_id`,`art_title`,`art_img`,`art_remark`,`art_keyword`,`art_view`,`art_hit`,`menu_name`,`art_original`,`nums` FROM `lt_article` LEFT JOIN (select count(*) nums,com_artid from lt_comment group by com_artid) c ON `c`.`com_artid`=`lt_article`.`art_id` INNER JOIN `lt_menu` `m` ON `m`.`menu_id`=`lt_article`.`art_pid` WHERE  (  art_view > 0 ) ORDER BY art_id desc LIMIT 0,5 [ RunTime:0.000500s ]
[ sql ] [ SQL ] SHOW COLUMNS FROM `lt_tip` [ RunTime:0.002109s ]
[ sql ] [ SQL ] SELECT * FROM `lt_tip` WHERE  `tip_view` = 1 [ RunTime:0.000388s ]

---------------------------------------------------------------
[ 2018-05-26T21:05:12+08:00 ] 127.0.0.1 127.0.0.1 GET /?uid=62397
[ log ] 127.0.0.1/?uid=62397 [运行时间：0.275940s][吞吐率：3.62req/s] [内存消耗：2,414.49kb] [文件加载：57]
[ info ] [ LANG ] /Users/lenyue/E HD/www/tp5bk30/framework/lang/zh-cn.php
[ info ] [ ROUTE ] array (
  'type' => 'module',
  'module' => 
  array (
    0 => '',
    1 => NULL,
    2 => NULL,
  ),
)
[ info ] [ HEADER ] array (
  'host' => '127.0.0.1',
  'connection' => 'keep-alive',
  'user-agent' => 'Mozilla/5.0 (Macintosh; Intel Mac OS X 10_13_4) AppleWebKit/537.36 (KHTML, like Gecko) Chrome/66.0.3359.181 Safari/537.36',
  'accept' => 'image/webp,image/apng,image/*,*/*;q=0.8',
  'referer' => 'http://aaqqy.com/',
  'accept-encoding' => 'gzip, deflate, br',
  'accept-language' => 'zh-CN,zh;q=0.9',
  'cookie' => 'port=9093; PHPSESSID=45d6599b4a85e7be1e90686dda3de829',
)
[ info ] [ PARAM ] array (
  'uid' => '62397',
)
[ info ] [ DB ] INIT mysql
[ info ] [ CACHE ] INIT File
[ info ] [ RUN ] app\index\controller\Index->index[ /Users/lenyue/E HD/www/tp5bk30/application/index/controller/Index.php ]
[ info ] [ VIEW ] /Users/lenyue/E HD/www/tp5bk30/public/../application/index/view/index_index.html [ array (
  0 => 'menuinfo',
  1 => 'systeminfo',
  2 => 'bannerlist',
  3 => 'siderdata',
  4 => 'footdata',
  5 => 'tips',
  6 => 'indexdata',
  7 => 'title',
) ]
[ info ] [ SESSION ] INIT array (
  'id' => '',
  'var_session_id' => '',
  'prefix' => 'think',
  'type' => '',
  'auto_start' => true,
)
[ info ] [ LOG ] INIT File
[ sql ] [ DB ] CONNECT:[ UseTime:0.000399s ] mysql:dbname=blog;host=127.0.0.1;port=3306;charset=utf8
[ sql ] [ SQL ] SHOW COLUMNS FROM `lt_menu` [ RunTime:0.003303s ]
[ sql ] [ SQL ] SELECT * FROM `lt_menu` WHERE  `menu_view` = 1 ORDER BY menu_sort [ RunTime:0.000518s ]
[ sql ] [ SQL ] SHOW COLUMNS FROM `lt_system` [ RunTime:0.002285s ]
[ sql ] [ SQL ] UPDATE `lt_system`  SET `sys_hits`=sys_hits+1  WHERE  `sys_id` = 1 [ RunTime:0.002071s ]
[ sql ] [ SQL ] SELECT * FROM `lt_system` LIMIT 1 [ RunTime:0.000476s ]
[ sql ] [ SQL ] SHOW COLUMNS FROM `lt_banner` [ RunTime:0.004067s ]
[ sql ] [ SQL ] SELECT * FROM `lt_banner` WHERE  `ban_view` = 1 [ RunTime:0.000284s ]
[ sql ] [ SQL ] SHOW COLUMNS FROM `lt_article` [ RunTime:0.004823s ]
[ sql ] [ SQL ] SELECT `art_id`,`art_keyword` FROM `lt_article` WHERE  (  art_view != 0 ) ORDER BY art_hit desc [ RunTime:0.000458s ]
[ sql ] [ SQL ] SELECT `art_id` FROM `lt_article` WHERE  (  art_view > 0 and art_down = 0  ) [ RunTime:0.000355s ]
[ sql ] [ SQL ] SELECT * FROM `lt_article` WHERE  `art_id` IN (0)  AND `art_down` = 0 [ RunTime:0.000548s ]
[ sql ] [ SQL ] SHOW COLUMNS FROM `lt_comment` [ RunTime:0.003298s ]
[ sql ] [ SQL ] SELECT `ac`.`com_id`,`ac`.`com_artid`,`ac`.`com_userid`,`m`.`mem_img`,`m`.`mem_name`,`ac`.`com_content`,`a`.`art_down` FROM `lt_comment` `ac` INNER JOIN `lt_article` `a` ON `a`.`art_id`=ac.com_artid and a.art_view > 0 INNER JOIN `lt_member` `m` ON `m`.`mem_id`=`ac`.`com_userid` WHERE  (  ac.com_view = 1 and ac.com_artid > 0 ) ORDER BY ac.com_id desc LIMIT 5 [ RunTime:0.000517s ]
[ sql ] [ SQL ] SELECT `c`.`com_id`,`c`.`com_content`,`m`.`mem_name`,`m`.`mem_img` FROM `lt_comment` `c` INNER JOIN `lt_member` `m` ON `m`.`mem_id`=`c`.`com_userid` WHERE  `com_artid` = 0 ORDER BY com_id desc LIMIT 5 [ RunTime:0.000318s ]
[ sql ] [ SQL ] SELECT `art_id`,`art_hit`,`art_title` FROM `lt_article` ORDER BY art_hit desc LIMIT 8 [ RunTime:0.000255s ]
[ sql ] [ SQL ] SELECT COUNT(*) AS tp_count FROM `lt_article` WHERE  (  art_view > 0 ) LIMIT 1 [ RunTime:0.000440s ]
[ sql ] [ SQL ] SELECT COUNT(*) AS tp_count FROM `lt_comment` WHERE  (  com_view = 1 and com_artid != 0 ) LIMIT 1 [ RunTime:0.000338s ]
[ sql ] [ SQL ] SELECT COUNT(*) AS tp_count FROM `lt_comment` WHERE  (  com_view= 1 and com_artid = 0 ) LIMIT 1 [ RunTime:0.000303s ]
[ sql ] [ SQL ] SELECT `art_id` FROM `lt_article` WHERE  (  art_view = 2 and art_down = 0  ) [ RunTime:0.000448s ]
[ sql ] [ SQL ] SELECT * FROM `lt_article` WHERE  `art_id` IN (0)  AND `art_down` = 0 [ RunTime:0.000411s ]
[ sql ] [ SQL ] SHOW COLUMNS FROM `lt_link` [ RunTime:0.003127s ]
[ sql ] [ SQL ] SELECT COUNT(*) AS tp_count FROM `lt_link` WHERE  `link_view` = 1 LIMIT 1 [ RunTime:0.000378s ]
[ sql ] [ SQL ] SELECT `art_id`,`art_title` FROM `lt_article` WHERE  `art_down` = 1 ORDER BY art_downloadnums desc LIMIT 4 [ RunTime:0.000407s ]
[ sql ] [ SQL ] SELECT `art_id`,`art_title`,`art_img`,`art_remark`,`art_keyword`,`art_view`,`art_hit`,`menu_name`,`art_original`,`nums` FROM `lt_article` LEFT JOIN (select count(*) nums,com_artid from lt_comment group by com_artid) c ON `c`.`com_artid`=`lt_article`.`art_id` INNER JOIN `lt_menu` `m` ON `m`.`menu_id`=`lt_article`.`art_pid` WHERE  (  art_view > 0 ) ORDER BY art_id desc LIMIT 0,5 [ RunTime:0.000718s ]
[ sql ] [ SQL ] SHOW COLUMNS FROM `lt_tip` [ RunTime:0.004385s ]
[ sql ] [ SQL ] SELECT * FROM `lt_tip` WHERE  `tip_view` = 1 [ RunTime:0.000411s ]

---------------------------------------------------------------
[ 2018-05-26T21:05:13+08:00 ] 127.0.0.1 127.0.0.1 GET /?op=pv&xiaobaoyang=24923&dabaojian=118041&rn=1527339912652
[ log ] 127.0.0.1/?op=pv&xiaobaoyang=24923&dabaojian=118041&rn=1527339912652 [运行时间：0.203909s][吞吐率：4.90req/s] [内存消耗：2,438.37kb] [文件加载：57]
[ info ] [ LANG ] /Users/lenyue/E HD/www/tp5bk30/framework/lang/zh-cn.php
[ info ] [ ROUTE ] array (
  'type' => 'module',
  'module' => 
  array (
    0 => '',
    1 => NULL,
    2 => NULL,
  ),
)
[ info ] [ HEADER ] array (
  'host' => '127.0.0.1',
  'connection' => 'keep-alive',
  'user-agent' => 'Mozilla/5.0 (Macintosh; Intel Mac OS X 10_13_4) AppleWebKit/537.36 (KHTML, like Gecko) Chrome/66.0.3359.181 Safari/537.36',
  'accept' => 'image/webp,image/apng,image/*,*/*;q=0.8',
  'referer' => 'http://aaqqy.com/',
  'accept-encoding' => 'gzip, deflate, br',
  'accept-language' => 'zh-CN,zh;q=0.9',
  'cookie' => 'port=9093; PHPSESSID=45d6599b4a85e7be1e90686dda3de829',
)
[ info ] [ PARAM ] array (
  'op' => 'pv',
  'xiaobaoyang' => '24923',
  'dabaojian' => '118041',
  'rn' => '1527339912652',
)
[ info ] [ DB ] INIT mysql
[ info ] [ CACHE ] INIT File
[ info ] [ RUN ] app\index\controller\Index->index[ /Users/lenyue/E HD/www/tp5bk30/application/index/controller/Index.php ]
[ info ] [ VIEW ] /Users/lenyue/E HD/www/tp5bk30/public/../application/index/view/index_index.html [ array (
  0 => 'menuinfo',
  1 => 'systeminfo',
  2 => 'bannerlist',
  3 => 'siderdata',
  4 => 'footdata',
  5 => 'tips',
  6 => 'indexdata',
  7 => 'title',
) ]
[ info ] [ SESSION ] INIT array (
  'id' => '',
  'var_session_id' => '',
  'prefix' => 'think',
  'type' => '',
  'auto_start' => true,
)
[ info ] [ LOG ] INIT File
[ sql ] [ DB ] CONNECT:[ UseTime:0.000466s ] mysql:dbname=blog;host=127.0.0.1;port=3306;charset=utf8
[ sql ] [ SQL ] SHOW COLUMNS FROM `lt_system` [ RunTime:0.002464s ]
[ sql ] [ SQL ] UPDATE `lt_system`  SET `sys_hits`=sys_hits+1  WHERE  `sys_id` = 1 [ RunTime:0.001986s ]
[ sql ] [ SQL ] SHOW COLUMNS FROM `lt_article` [ RunTime:0.002373s ]
[ sql ] [ SQL ] SELECT `art_id`,`art_title`,`art_img`,`art_remark`,`art_keyword`,`art_view`,`art_hit`,`menu_name`,`art_original`,`nums` FROM `lt_article` LEFT JOIN (select count(*) nums,com_artid from lt_comment group by com_artid) c ON `c`.`com_artid`=`lt_article`.`art_id` INNER JOIN `lt_menu` `m` ON `m`.`menu_id`=`lt_article`.`art_pid` WHERE  (  art_view > 0 ) ORDER BY art_id desc LIMIT 0,5 [ RunTime:0.000651s ]
[ sql ] [ SQL ] SHOW COLUMNS FROM `lt_tip` [ RunTime:0.003987s ]
[ sql ] [ SQL ] SELECT * FROM `lt_tip` WHERE  `tip_view` = 1 [ RunTime:0.000543s ]

---------------------------------------------------------------
[ 2018-05-26T21:08:25+08:00 ] 127.0.0.1 127.0.0.1 GET /?uid=62397
[ log ] 127.0.0.1/?uid=62397 [运行时间：0.326391s][吞吐率：3.06req/s] [内存消耗：2,414.66kb] [文件加载：57]
[ info ] [ LANG ] /Users/lenyue/E HD/www/tp5bk30/framework/lang/zh-cn.php
[ info ] [ ROUTE ] array (
  'type' => 'module',
  'module' => 
  array (
    0 => '',
    1 => NULL,
    2 => NULL,
  ),
)
[ info ] [ HEADER ] array (
  'host' => '127.0.0.1',
  'connection' => 'keep-alive',
  'user-agent' => 'Mozilla/5.0 (Macintosh; Intel Mac OS X 10_13_4) AppleWebKit/537.36 (KHTML, like Gecko) Chrome/66.0.3359.181 Safari/537.36',
  'accept' => 'image/webp,image/apng,image/*,*/*;q=0.8',
  'referer' => 'http://aaxxy.com/vod-detail-id-723.html',
  'accept-encoding' => 'gzip, deflate, br',
  'accept-language' => 'zh-CN,zh;q=0.9',
  'cookie' => 'port=9093; PHPSESSID=45d6599b4a85e7be1e90686dda3de829',
)
[ info ] [ PARAM ] array (
  'uid' => '62397',
)
[ info ] [ DB ] INIT mysql
[ info ] [ CACHE ] INIT File
[ info ] [ RUN ] app\index\controller\Index->index[ /Users/lenyue/E HD/www/tp5bk30/application/index/controller/Index.php ]
[ info ] [ VIEW ] /Users/lenyue/E HD/www/tp5bk30/public/../application/index/view/index_index.html [ array (
  0 => 'menuinfo',
  1 => 'systeminfo',
  2 => 'bannerlist',
  3 => 'siderdata',
  4 => 'footdata',
  5 => 'tips',
  6 => 'indexdata',
  7 => 'title',
) ]
[ info ] [ SESSION ] INIT array (
  'id' => '',
  'var_session_id' => '',
  'prefix' => 'think',
  'type' => '',
  'auto_start' => true,
)
[ info ] [ LOG ] INIT File
[ sql ] [ DB ] CONNECT:[ UseTime:0.001194s ] mysql:dbname=blog;host=127.0.0.1;port=3306;charset=utf8
[ sql ] [ SQL ] SHOW COLUMNS FROM `lt_menu` [ RunTime:0.003835s ]
[ sql ] [ SQL ] SELECT * FROM `lt_menu` WHERE  `menu_view` = 1 ORDER BY menu_sort [ RunTime:0.000566s ]
[ sql ] [ SQL ] SHOW COLUMNS FROM `lt_system` [ RunTime:0.002548s ]
[ sql ] [ SQL ] UPDATE `lt_system`  SET `sys_hits`=sys_hits+1  WHERE  `sys_id` = 1 [ RunTime:0.003114s ]
[ sql ] [ SQL ] SELECT * FROM `lt_system` LIMIT 1 [ RunTime:0.003501s ]
[ sql ] [ SQL ] SHOW COLUMNS FROM `lt_banner` [ RunTime:0.002414s ]
[ sql ] [ SQL ] SELECT * FROM `lt_banner` WHERE  `ban_view` = 1 [ RunTime:0.000304s ]
[ sql ] [ SQL ] SHOW COLUMNS FROM `lt_article` [ RunTime:0.004671s ]
[ sql ] [ SQL ] SELECT `art_id`,`art_keyword` FROM `lt_article` WHERE  (  art_view != 0 ) ORDER BY art_hit desc [ RunTime:0.000403s ]
[ sql ] [ SQL ] SELECT `art_id` FROM `lt_article` WHERE  (  art_view > 0 and art_down = 0  ) [ RunTime:0.000350s ]
[ sql ] [ SQL ] SELECT * FROM `lt_article` WHERE  `art_id` IN (0)  AND `art_down` = 0 [ RunTime:0.000459s ]
[ sql ] [ SQL ] SHOW COLUMNS FROM `lt_comment` [ RunTime:0.002536s ]
[ sql ] [ SQL ] SELECT `ac`.`com_id`,`ac`.`com_artid`,`ac`.`com_userid`,`m`.`mem_img`,`m`.`mem_name`,`ac`.`com_content`,`a`.`art_down` FROM `lt_comment` `ac` INNER JOIN `lt_article` `a` ON `a`.`art_id`=ac.com_artid and a.art_view > 0 INNER JOIN `lt_member` `m` ON `m`.`mem_id`=`ac`.`com_userid` WHERE  (  ac.com_view = 1 and ac.com_artid > 0 ) ORDER BY ac.com_id desc LIMIT 5 [ RunTime:0.000471s ]
[ sql ] [ SQL ] SELECT `c`.`com_id`,`c`.`com_content`,`m`.`mem_name`,`m`.`mem_img` FROM `lt_comment` `c` INNER JOIN `lt_member` `m` ON `m`.`mem_id`=`c`.`com_userid` WHERE  `com_artid` = 0 ORDER BY com_id desc LIMIT 5 [ RunTime:0.000423s ]
[ sql ] [ SQL ] SELECT `art_id`,`art_hit`,`art_title` FROM `lt_article` ORDER BY art_hit desc LIMIT 8 [ RunTime:0.000273s ]
[ sql ] [ SQL ] SELECT COUNT(*) AS tp_count FROM `lt_article` WHERE  (  art_view > 0 ) LIMIT 1 [ RunTime:0.000318s ]
[ sql ] [ SQL ] SELECT COUNT(*) AS tp_count FROM `lt_comment` WHERE  (  com_view = 1 and com_artid != 0 ) LIMIT 1 [ RunTime:0.000386s ]
[ sql ] [ SQL ] SELECT COUNT(*) AS tp_count FROM `lt_comment` WHERE  (  com_view= 1 and com_artid = 0 ) LIMIT 1 [ RunTime:0.000318s ]
[ sql ] [ SQL ] SELECT `art_id` FROM `lt_article` WHERE  (  art_view = 2 and art_down = 0  ) [ RunTime:0.000318s ]
[ sql ] [ SQL ] SELECT * FROM `lt_article` WHERE  `art_id` IN (0)  AND `art_down` = 0 [ RunTime:0.000382s ]
[ sql ] [ SQL ] SHOW COLUMNS FROM `lt_link` [ RunTime:0.003817s ]
[ sql ] [ SQL ] SELECT COUNT(*) AS tp_count FROM `lt_link` WHERE  `link_view` = 1 LIMIT 1 [ RunTime:0.000383s ]
[ sql ] [ SQL ] SELECT `art_id`,`art_title` FROM `lt_article` WHERE  `art_down` = 1 ORDER BY art_downloadnums desc LIMIT 4 [ RunTime:0.000310s ]
[ sql ] [ SQL ] SELECT `art_id`,`art_title`,`art_img`,`art_remark`,`art_keyword`,`art_view`,`art_hit`,`menu_name`,`art_original`,`nums` FROM `lt_article` LEFT JOIN (select count(*) nums,com_artid from lt_comment group by com_artid) c ON `c`.`com_artid`=`lt_article`.`art_id` INNER JOIN `lt_menu` `m` ON `m`.`menu_id`=`lt_article`.`art_pid` WHERE  (  art_view > 0 ) ORDER BY art_id desc LIMIT 0,5 [ RunTime:0.000512s ]
[ sql ] [ SQL ] SHOW COLUMNS FROM `lt_tip` [ RunTime:0.003675s ]
[ sql ] [ SQL ] SELECT * FROM `lt_tip` WHERE  `tip_view` = 1 [ RunTime:0.000282s ]

---------------------------------------------------------------
[ 2018-05-26T21:08:26+08:00 ] 127.0.0.1 127.0.0.1 GET /?op=pv&xiaobaoyang=24923&dabaojian=118041&rn=1527340105592
[ log ] 127.0.0.1/?op=pv&xiaobaoyang=24923&dabaojian=118041&rn=1527340105592 [运行时间：0.037898s][吞吐率：26.39req/s] [内存消耗：2,438.54kb] [文件加载：57]
[ info ] [ LANG ] /Users/lenyue/E HD/www/tp5bk30/framework/lang/zh-cn.php
[ info ] [ ROUTE ] array (
  'type' => 'module',
  'module' => 
  array (
    0 => '',
    1 => NULL,
    2 => NULL,
  ),
)
[ info ] [ HEADER ] array (
  'host' => '127.0.0.1',
  'connection' => 'keep-alive',
  'user-agent' => 'Mozilla/5.0 (Macintosh; Intel Mac OS X 10_13_4) AppleWebKit/537.36 (KHTML, like Gecko) Chrome/66.0.3359.181 Safari/537.36',
  'accept' => 'image/webp,image/apng,image/*,*/*;q=0.8',
  'referer' => 'http://aaxxy.com/vod-detail-id-723.html',
  'accept-encoding' => 'gzip, deflate, br',
  'accept-language' => 'zh-CN,zh;q=0.9',
  'cookie' => 'port=9093; PHPSESSID=45d6599b4a85e7be1e90686dda3de829',
)
[ info ] [ PARAM ] array (
  'op' => 'pv',
  'xiaobaoyang' => '24923',
  'dabaojian' => '118041',
  'rn' => '1527340105592',
)
[ info ] [ DB ] INIT mysql
[ info ] [ CACHE ] INIT File
[ info ] [ RUN ] app\index\controller\Index->index[ /Users/lenyue/E HD/www/tp5bk30/application/index/controller/Index.php ]
[ info ] [ VIEW ] /Users/lenyue/E HD/www/tp5bk30/public/../application/index/view/index_index.html [ array (
  0 => 'menuinfo',
  1 => 'systeminfo',
  2 => 'bannerlist',
  3 => 'siderdata',
  4 => 'footdata',
  5 => 'tips',
  6 => 'indexdata',
  7 => 'title',
) ]
[ info ] [ SESSION ] INIT array (
  'id' => '',
  'var_session_id' => '',
  'prefix' => 'think',
  'type' => '',
  'auto_start' => true,
)
[ info ] [ LOG ] INIT File
[ sql ] [ DB ] CONNECT:[ UseTime:0.000508s ] mysql:dbname=blog;host=127.0.0.1;port=3306;charset=utf8
[ sql ] [ SQL ] SHOW COLUMNS FROM `lt_system` [ RunTime:0.002550s ]
[ sql ] [ SQL ] UPDATE `lt_system`  SET `sys_hits`=sys_hits+1  WHERE  `sys_id` = 1 [ RunTime:0.000961s ]
[ sql ] [ SQL ] SHOW COLUMNS FROM `lt_article` [ RunTime:0.002121s ]
[ sql ] [ SQL ] SELECT `art_id`,`art_title`,`art_img`,`art_remark`,`art_keyword`,`art_view`,`art_hit`,`menu_name`,`art_original`,`nums` FROM `lt_article` LEFT JOIN (select count(*) nums,com_artid from lt_comment group by com_artid) c ON `c`.`com_artid`=`lt_article`.`art_id` INNER JOIN `lt_menu` `m` ON `m`.`menu_id`=`lt_article`.`art_pid` WHERE  (  art_view > 0 ) ORDER BY art_id desc LIMIT 0,5 [ RunTime:0.000442s ]
[ sql ] [ SQL ] SHOW COLUMNS FROM `lt_tip` [ RunTime:0.001905s ]
[ sql ] [ SQL ] SELECT * FROM `lt_tip` WHERE  `tip_view` = 1 [ RunTime:0.000348s ]

---------------------------------------------------------------
[ 2018-05-26T21:09:31+08:00 ] 127.0.0.1 127.0.0.1 GET /?uid=62397
[ log ] 127.0.0.1/?uid=62397 [运行时间：0.271416s][吞吐率：3.68req/s] [内存消耗：2,414.85kb] [文件加载：57]
[ info ] [ LANG ] /Users/lenyue/E HD/www/tp5bk30/framework/lang/zh-cn.php
[ info ] [ ROUTE ] array (
  'type' => 'module',
  'module' => 
  array (
    0 => '',
    1 => NULL,
    2 => NULL,
  ),
)
[ info ] [ HEADER ] array (
  'host' => '127.0.0.1',
  'connection' => 'keep-alive',
  'user-agent' => 'Mozilla/5.0 (Macintosh; Intel Mac OS X 10_13_4) AppleWebKit/537.36 (KHTML, like Gecko) Chrome/66.0.3359.181 Safari/537.36',
  'accept' => 'image/webp,image/apng,image/*,*/*;q=0.8',
  'referer' => 'http://aaxxy.com/vod-list-id-1-pg-1-order--by-time-class-229-year-0-letter--area--lang-.html',
  'accept-encoding' => 'gzip, deflate, br',
  'accept-language' => 'zh-CN,zh;q=0.9',
  'cookie' => 'port=9093; PHPSESSID=45d6599b4a85e7be1e90686dda3de829',
)
[ info ] [ PARAM ] array (
  'uid' => '62397',
)
[ info ] [ DB ] INIT mysql
[ info ] [ CACHE ] INIT File
[ info ] [ RUN ] app\index\controller\Index->index[ /Users/lenyue/E HD/www/tp5bk30/application/index/controller/Index.php ]
[ info ] [ VIEW ] /Users/lenyue/E HD/www/tp5bk30/public/../application/index/view/index_index.html [ array (
  0 => 'menuinfo',
  1 => 'systeminfo',
  2 => 'bannerlist',
  3 => 'siderdata',
  4 => 'footdata',
  5 => 'tips',
  6 => 'indexdata',
  7 => 'title',
) ]
[ info ] [ SESSION ] INIT array (
  'id' => '',
  'var_session_id' => '',
  'prefix' => 'think',
  'type' => '',
  'auto_start' => true,
)
[ info ] [ LOG ] INIT File
[ sql ] [ DB ] CONNECT:[ UseTime:0.000427s ] mysql:dbname=blog;host=127.0.0.1;port=3306;charset=utf8
[ sql ] [ SQL ] SHOW COLUMNS FROM `lt_menu` [ RunTime:0.002234s ]
[ sql ] [ SQL ] SELECT * FROM `lt_menu` WHERE  `menu_view` = 1 ORDER BY menu_sort [ RunTime:0.000590s ]
[ sql ] [ SQL ] SHOW COLUMNS FROM `lt_system` [ RunTime:0.004249s ]
[ sql ] [ SQL ] UPDATE `lt_system`  SET `sys_hits`=sys_hits+1  WHERE  `sys_id` = 1 [ RunTime:0.000868s ]
[ sql ] [ SQL ] SELECT * FROM `lt_system` LIMIT 1 [ RunTime:0.000543s ]
[ sql ] [ SQL ] SHOW COLUMNS FROM `lt_banner` [ RunTime:0.003154s ]
[ sql ] [ SQL ] SELECT * FROM `lt_banner` WHERE  `ban_view` = 1 [ RunTime:0.000412s ]
[ sql ] [ SQL ] SHOW COLUMNS FROM `lt_article` [ RunTime:0.003108s ]
[ sql ] [ SQL ] SELECT `art_id`,`art_keyword` FROM `lt_article` WHERE  (  art_view != 0 ) ORDER BY art_hit desc [ RunTime:0.000403s ]
[ sql ] [ SQL ] SELECT `art_id` FROM `lt_article` WHERE  (  art_view > 0 and art_down = 0  ) [ RunTime:0.000343s ]
[ sql ] [ SQL ] SELECT * FROM `lt_article` WHERE  `art_id` IN (0)  AND `art_down` = 0 [ RunTime:0.000460s ]
[ sql ] [ SQL ] SHOW COLUMNS FROM `lt_comment` [ RunTime:0.003445s ]
[ sql ] [ SQL ] SELECT `ac`.`com_id`,`ac`.`com_artid`,`ac`.`com_userid`,`m`.`mem_img`,`m`.`mem_name`,`ac`.`com_content`,`a`.`art_down` FROM `lt_comment` `ac` INNER JOIN `lt_article` `a` ON `a`.`art_id`=ac.com_artid and a.art_view > 0 INNER JOIN `lt_member` `m` ON `m`.`mem_id`=`ac`.`com_userid` WHERE  (  ac.com_view = 1 and ac.com_artid > 0 ) ORDER BY ac.com_id desc LIMIT 5 [ RunTime:0.000565s ]
[ sql ] [ SQL ] SELECT `c`.`com_id`,`c`.`com_content`,`m`.`mem_name`,`m`.`mem_img` FROM `lt_comment` `c` INNER JOIN `lt_member` `m` ON `m`.`mem_id`=`c`.`com_userid` WHERE  `com_artid` = 0 ORDER BY com_id desc LIMIT 5 [ RunTime:0.000447s ]
[ sql ] [ SQL ] SELECT `art_id`,`art_hit`,`art_title` FROM `lt_article` ORDER BY art_hit desc LIMIT 8 [ RunTime:0.000312s ]
[ sql ] [ SQL ] SELECT COUNT(*) AS tp_count FROM `lt_article` WHERE  (  art_view > 0 ) LIMIT 1 [ RunTime:0.000413s ]
[ sql ] [ SQL ] SELECT COUNT(*) AS tp_count FROM `lt_comment` WHERE  (  com_view = 1 and com_artid != 0 ) LIMIT 1 [ RunTime:0.000391s ]
[ sql ] [ SQL ] SELECT COUNT(*) AS tp_count FROM `lt_comment` WHERE  (  com_view= 1 and com_artid = 0 ) LIMIT 1 [ RunTime:0.000357s ]
[ sql ] [ SQL ] SELECT `art_id` FROM `lt_article` WHERE  (  art_view = 2 and art_down = 0  ) [ RunTime:0.000420s ]
[ sql ] [ SQL ] SELECT * FROM `lt_article` WHERE  `art_id` IN (0)  AND `art_down` = 0 [ RunTime:0.000536s ]
[ sql ] [ SQL ] SHOW COLUMNS FROM `lt_link` [ RunTime:0.004340s ]
[ sql ] [ SQL ] SELECT COUNT(*) AS tp_count FROM `lt_link` WHERE  `link_view` = 1 LIMIT 1 [ RunTime:0.000406s ]
[ sql ] [ SQL ] SELECT `art_id`,`art_title` FROM `lt_article` WHERE  `art_down` = 1 ORDER BY art_downloadnums desc LIMIT 4 [ RunTime:0.000313s ]
[ sql ] [ SQL ] SELECT `art_id`,`art_title`,`art_img`,`art_remark`,`art_keyword`,`art_view`,`art_hit`,`menu_name`,`art_original`,`nums` FROM `lt_article` LEFT JOIN (select count(*) nums,com_artid from lt_comment group by com_artid) c ON `c`.`com_artid`=`lt_article`.`art_id` INNER JOIN `lt_menu` `m` ON `m`.`menu_id`=`lt_article`.`art_pid` WHERE  (  art_view > 0 ) ORDER BY art_id desc LIMIT 0,5 [ RunTime:0.000513s ]
[ sql ] [ SQL ] SHOW COLUMNS FROM `lt_tip` [ RunTime:0.004640s ]
[ sql ] [ SQL ] SELECT * FROM `lt_tip` WHERE  `tip_view` = 1 [ RunTime:0.000478s ]

---------------------------------------------------------------
[ 2018-05-26T21:09:31+08:00 ] 127.0.0.1 127.0.0.1 GET /?op=pv&xiaobaoyang=24923&dabaojian=118041&rn=1527340171113
[ log ] 127.0.0.1/?op=pv&xiaobaoyang=24923&dabaojian=118041&rn=1527340171113 [运行时间：0.030827s][吞吐率：32.44req/s] [内存消耗：2,438.73kb] [文件加载：57]
[ info ] [ LANG ] /Users/lenyue/E HD/www/tp5bk30/framework/lang/zh-cn.php
[ info ] [ ROUTE ] array (
  'type' => 'module',
  'module' => 
  array (
    0 => '',
    1 => NULL,
    2 => NULL,
  ),
)
[ info ] [ HEADER ] array (
  'host' => '127.0.0.1',
  'connection' => 'keep-alive',
  'user-agent' => 'Mozilla/5.0 (Macintosh; Intel Mac OS X 10_13_4) AppleWebKit/537.36 (KHTML, like Gecko) Chrome/66.0.3359.181 Safari/537.36',
  'accept' => 'image/webp,image/apng,image/*,*/*;q=0.8',
  'referer' => 'http://aaxxy.com/vod-list-id-1-pg-1-order--by-time-class-229-year-0-letter--area--lang-.html',
  'accept-encoding' => 'gzip, deflate, br',
  'accept-language' => 'zh-CN,zh;q=0.9',
  'cookie' => 'port=9093; PHPSESSID=45d6599b4a85e7be1e90686dda3de829',
)
[ info ] [ PARAM ] array (
  'op' => 'pv',
  'xiaobaoyang' => '24923',
  'dabaojian' => '118041',
  'rn' => '1527340171113',
)
[ info ] [ DB ] INIT mysql
[ info ] [ CACHE ] INIT File
[ info ] [ RUN ] app\index\controller\Index->index[ /Users/lenyue/E HD/www/tp5bk30/application/index/controller/Index.php ]
[ info ] [ VIEW ] /Users/lenyue/E HD/www/tp5bk30/public/../application/index/view/index_index.html [ array (
  0 => 'menuinfo',
  1 => 'systeminfo',
  2 => 'bannerlist',
  3 => 'siderdata',
  4 => 'footdata',
  5 => 'tips',
  6 => 'indexdata',
  7 => 'title',
) ]
[ info ] [ SESSION ] INIT array (
  'id' => '',
  'var_session_id' => '',
  'prefix' => 'think',
  'type' => '',
  'auto_start' => true,
)
[ info ] [ LOG ] INIT File
[ sql ] [ DB ] CONNECT:[ UseTime:0.000423s ] mysql:dbname=blog;host=127.0.0.1;port=3306;charset=utf8
[ sql ] [ SQL ] SHOW COLUMNS FROM `lt_system` [ RunTime:0.003778s ]
[ sql ] [ SQL ] UPDATE `lt_system`  SET `sys_hits`=sys_hits+1  WHERE  `sys_id` = 1 [ RunTime:0.002157s ]
[ sql ] [ SQL ] SHOW COLUMNS FROM `lt_article` [ RunTime:0.002038s ]
[ sql ] [ SQL ] SELECT `art_id`,`art_title`,`art_img`,`art_remark`,`art_keyword`,`art_view`,`art_hit`,`menu_name`,`art_original`,`nums` FROM `lt_article` LEFT JOIN (select count(*) nums,com_artid from lt_comment group by com_artid) c ON `c`.`com_artid`=`lt_article`.`art_id` INNER JOIN `lt_menu` `m` ON `m`.`menu_id`=`lt_article`.`art_pid` WHERE  (  art_view > 0 ) ORDER BY art_id desc LIMIT 0,5 [ RunTime:0.000531s ]
[ sql ] [ SQL ] SHOW COLUMNS FROM `lt_tip` [ RunTime:0.002153s ]
[ sql ] [ SQL ] SELECT * FROM `lt_tip` WHERE  `tip_view` = 1 [ RunTime:0.000274s ]

---------------------------------------------------------------
